<?xml version="1.0" encoding="UTF-8"?>
<testsuite xmlns:xsi="http://www.w3.org/2001/XMLSchema-instance" xsi:noNamespaceSchemaLocation="https://maven.apache.org/surefire/maven-surefire-plugin/xsd/surefire-test-report-3.0.xsd" version="3.0" name="tests.RelatorioCRUDTest" time="3.383" tests="5" errors="3" skipped="0" failures="0">
  <properties>
[...]
</properties>
  <testcase name="atualizarRelatorio" classname="tests.RelatorioCRUDTest" time="0.517">
    <error message="getSingleResult() did not retrieve any entities." type="jakarta.persistence.NoResultException"><![CDATA[jakarta.persistence.NoResultException: getSingleResult() did not retrieve any entities.
	at org.eclipse.persistence.internal.jpa.QueryImpl.throwNoResultException(QueryImpl.java:980)
	at org.eclipse.persistence.internal.jpa.QueryImpl.getSingleResult(QueryImpl.java:536)
	at org.eclipse.persistence.internal.jpa.EJBQueryImpl.getSingleResult(EJBQueryImpl.java:400)
	at tests.RelatorioCRUDTest.atualizarRelatorio(RelatorioCRUDTest.java:113)
	at java.base/java.lang.reflect.Method.invoke(Method.java:580)
	at java.base/java.util.ArrayList.forEach(ArrayList.java:1596)
	at java.base/java.util.ArrayList.forEach(ArrayList.java:1596)
]]></error>
    <system-out><![CDATA[[EL Fine]: server: 2024-12-20 13:29:19.276--Thread(Thread[#1,main,5,main])--Configured server platform: org.eclipse.persistence.platform.server.NoServerPlatform
[EL Config]: metadata: 2024-12-20 13:29:19.466--ServerSession(1384210339)--Thread(Thread[#1,main,5,main])--The access type for the persistent class [class entities.Recurso] is set to [FIELD].
[EL Config]: metadata: 2024-12-20 13:29:19.487--ServerSession(1384210339)--Thread(Thread[#1,main,5,main])--The target entity (reference) class for the many to one mapping element [field projeto] is being defaulted to: class entities.Projeto.
[EL Config]: metadata: 2024-12-20 13:29:19.491--ServerSession(1384210339)--Thread(Thread[#1,main,5,main])--The access type for the persistent class [class entities.Cliente] is set to [FIELD].
[EL Config]: metadata: 2024-12-20 13:29:19.499--ServerSession(1384210339)--Thread(Thread[#1,main,5,main])--The target entity (reference) class for the one to many mapping element [field projetos] is being defaulted to: class entities.Projeto.
[EL Config]: metadata: 2024-12-20 13:29:19.503--ServerSession(1384210339)--Thread(Thread[#1,main,5,main])--The target class (reference) class for the element collection mapping element [field telefones] is being defaulted to: class java.lang.String.
[EL Config]: metadata: 2024-12-20 13:29:19.504--ServerSession(1384210339)--Thread(Thread[#1,main,5,main])--The access type for the persistent class [class entities.Documento] is set to [FIELD].
[EL Config]: metadata: 2024-12-20 13:29:19.504--ServerSession(1384210339)--Thread(Thread[#1,main,5,main])--The target entity (reference) class for the many to one mapping element [field projeto] is being defaulted to: class entities.Projeto.
[EL Config]: metadata: 2024-12-20 13:29:19.505--ServerSession(1384210339)--Thread(Thread[#1,main,5,main])--The access type for the persistent class [class entities.Projeto] is set to [FIELD].
[EL Config]: metadata: 2024-12-20 13:29:19.505--ServerSession(1384210339)--Thread(Thread[#1,main,5,main])--The target entity (reference) class for the many to one mapping element [field cliente] is being defaulted to: class entities.Cliente.
[EL Config]: metadata: 2024-12-20 13:29:19.506--ServerSession(1384210339)--Thread(Thread[#1,main,5,main])--The target entity (reference) class for the one to many mapping element [field documentos] is being defaulted to: class entities.Documento.
[EL Config]: metadata: 2024-12-20 13:29:19.506--ServerSession(1384210339)--Thread(Thread[#1,main,5,main])--The target entity (reference) class for the many to many mapping element [field departamentos] is being defaulted to: class entities.Departamento.
[EL Config]: metadata: 2024-12-20 13:29:19.507--ServerSession(1384210339)--Thread(Thread[#1,main,5,main])--The target entity (reference) class for the many to many mapping element [field fornecedores] is being defaulted to: class entities.Fornecedor.
[EL Config]: metadata: 2024-12-20 13:29:19.507--ServerSession(1384210339)--Thread(Thread[#1,main,5,main])--The target entity (reference) class for the one to one mapping element [field calendario] is being defaulted to: class entities.Calendario.
[EL Config]: metadata: 2024-12-20 13:29:19.507--ServerSession(1384210339)--Thread(Thread[#1,main,5,main])--The target entity (reference) class for the one to many mapping element [field recursos] is being defaulted to: class entities.Recurso.
[EL Config]: metadata: 2024-12-20 13:29:19.508--ServerSession(1384210339)--Thread(Thread[#1,main,5,main])--The target entity (reference) class for the one to one mapping element [field relatorio] is being defaulted to: class entities.Relatorio.
[EL Config]: metadata: 2024-12-20 13:29:19.508--ServerSession(1384210339)--Thread(Thread[#1,main,5,main])--The access type for the persistent class [class entities.Feriado] is set to [FIELD].
[EL Config]: metadata: 2024-12-20 13:29:19.508--ServerSession(1384210339)--Thread(Thread[#1,main,5,main])--The access type for the persistent class [class entities.Usuario] is set to [FIELD].
[EL Config]: metadata: 2024-12-20 13:29:19.509--ServerSession(1384210339)--Thread(Thread[#1,main,5,main])--The target entity (reference) class for the many to many mapping element [field perfis] is being defaulted to: class entities.Perfil.
[EL Config]: metadata: 2024-12-20 13:29:19.509--ServerSession(1384210339)--Thread(Thread[#1,main,5,main])--The target entity (reference) class for the one to many mapping element [field tarefas] is being defaulted to: class entities.Tarefa.
[EL Config]: metadata: 2024-12-20 13:29:19.509--ServerSession(1384210339)--Thread(Thread[#1,main,5,main])--The access type for the persistent class [class entities.Tarefa] is set to [FIELD].
[EL Config]: metadata: 2024-12-20 13:29:19.51--ServerSession(1384210339)--Thread(Thread[#1,main,5,main])--The target entity (reference) class for the many to one mapping element [field projeto] is being defaulted to: class entities.Projeto.
[EL Config]: metadata: 2024-12-20 13:29:19.51--ServerSession(1384210339)--Thread(Thread[#1,main,5,main])--The target entity (reference) class for the many to one mapping element [field usuarioResponsavel] is being defaulted to: class entities.Usuario.
[EL Config]: metadata: 2024-12-20 13:29:19.51--ServerSession(1384210339)--Thread(Thread[#1,main,5,main])--The access type for the persistent class [class entities.Relatorio] is set to [FIELD].
[EL Config]: metadata: 2024-12-20 13:29:19.511--ServerSession(1384210339)--Thread(Thread[#1,main,5,main])--The target entity (reference) class for the one to one mapping element [field projeto] is being defaulted to: class entities.Projeto.
[EL Config]: metadata: 2024-12-20 13:29:19.511--ServerSession(1384210339)--Thread(Thread[#1,main,5,main])--The access type for the persistent class [class entities.Fornecedor] is set to [FIELD].
[EL Config]: metadata: 2024-12-20 13:29:19.511--ServerSession(1384210339)--Thread(Thread[#1,main,5,main])--The target class (reference) class for the element collection mapping element [field enderecos] is being defaulted to: class java.lang.String.
[EL Config]: metadata: 2024-12-20 13:29:19.512--ServerSession(1384210339)--Thread(Thread[#1,main,5,main])--The target entity (reference) class for the many to many mapping element [field projetos] is being defaulted to: class entities.Projeto.
[EL Config]: metadata: 2024-12-20 13:29:19.512--ServerSession(1384210339)--Thread(Thread[#1,main,5,main])--The target class (reference) class for the element collection mapping element [field telefones] is being defaulted to: class java.lang.String.
[EL Config]: metadata: 2024-12-20 13:29:19.512--ServerSession(1384210339)--Thread(Thread[#1,main,5,main])--The access type for the persistent class [class entities.Departamento] is set to [FIELD].
[EL Config]: metadata: 2024-12-20 13:29:19.512--ServerSession(1384210339)--Thread(Thread[#1,main,5,main])--The target entity (reference) class for the many to many mapping element [field projetos] is being defaulted to: class entities.Projeto.
[EL Config]: metadata: 2024-12-20 13:29:19.512--ServerSession(1384210339)--Thread(Thread[#1,main,5,main])--The access type for the persistent class [class entities.Perfil] is set to [FIELD].
[EL Config]: metadata: 2024-12-20 13:29:19.513--ServerSession(1384210339)--Thread(Thread[#1,main,5,main])--The target entity (reference) class for the many to many mapping element [field usuarios] is being defaulted to: class entities.Usuario.
[EL Config]: metadata: 2024-12-20 13:29:19.513--ServerSession(1384210339)--Thread(Thread[#1,main,5,main])--The access type for the persistent class [class entities.Calendario] is set to [FIELD].
[EL Config]: metadata: 2024-12-20 13:29:19.514--ServerSession(1384210339)--Thread(Thread[#1,main,5,main])--The target entity (reference) class for the one to one mapping element [field projeto] is being defaulted to: class entities.Projeto.
[EL Config]: metadata: 2024-12-20 13:29:19.514--ServerSession(1384210339)--Thread(Thread[#1,main,5,main])--The alias name for the entity class [class entities.Recurso] is being defaulted to: Recurso.
[EL Config]: metadata: 2024-12-20 13:29:19.53--ServerSession(1384210339)--Thread(Thread[#1,main,5,main])--The alias name for the entity class [class entities.Cliente] is being defaulted to: Cliente.
[EL Config]: metadata: 2024-12-20 13:29:19.531--ServerSession(1384210339)--Thread(Thread[#1,main,5,main])--The alias name for the entity class [class entities.Documento] is being defaulted to: Documento.
[EL Config]: metadata: 2024-12-20 13:29:19.534--ServerSession(1384210339)--Thread(Thread[#1,main,5,main])--The alias name for the entity class [class entities.Projeto] is being defaulted to: Projeto.
[EL Config]: metadata: 2024-12-20 13:29:19.535--ServerSession(1384210339)--Thread(Thread[#1,main,5,main])--The alias name for the entity class [class entities.Feriado] is being defaulted to: Feriado.
[EL Config]: metadata: 2024-12-20 13:29:19.535--ServerSession(1384210339)--Thread(Thread[#1,main,5,main])--The alias name for the entity class [class entities.Usuario] is being defaulted to: Usuario.
[EL Config]: metadata: 2024-12-20 13:29:19.536--ServerSession(1384210339)--Thread(Thread[#1,main,5,main])--The alias name for the entity class [class entities.Tarefa] is being defaulted to: Tarefa.
[EL Config]: metadata: 2024-12-20 13:29:19.536--ServerSession(1384210339)--Thread(Thread[#1,main,5,main])--The alias name for the entity class [class entities.Relatorio] is being defaulted to: Relatorio.
[EL Config]: metadata: 2024-12-20 13:29:19.536--ServerSession(1384210339)--Thread(Thread[#1,main,5,main])--The alias name for the entity class [class entities.Fornecedor] is being defaulted to: Fornecedor.
[EL Config]: metadata: 2024-12-20 13:29:19.537--ServerSession(1384210339)--Thread(Thread[#1,main,5,main])--The alias name for the entity class [class entities.Departamento] is being defaulted to: Departamento.
[EL Config]: metadata: 2024-12-20 13:29:19.537--ServerSession(1384210339)--Thread(Thread[#1,main,5,main])--The alias name for the entity class [class entities.Perfil] is being defaulted to: Perfil.
[EL Config]: metadata: 2024-12-20 13:29:19.537--ServerSession(1384210339)--Thread(Thread[#1,main,5,main])--The alias name for the entity class [class entities.Calendario] is being defaulted to: Calendario.
[EL Config]: metadata: 2024-12-20 13:29:19.551--ServerSession(1384210339)--Thread(Thread[#1,main,5,main])--The primary key column name for the mapping element [field telefones] is being defaulted to: ID_CLIENTE.
[EL Config]: metadata: 2024-12-20 13:29:19.554--ServerSession(1384210339)--Thread(Thread[#1,main,5,main])--The primary key column name for the mapping element [field enderecos] is being defaulted to: ID_FORNECEDOR.
[EL Config]: metadata: 2024-12-20 13:29:19.555--ServerSession(1384210339)--Thread(Thread[#1,main,5,main])--The primary key column name for the mapping element [field telefones] is being defaulted to: ID_FORNECEDOR.
[EL Config]: metadata: 2024-12-20 13:29:19.56--ServerSession(1384210339)--Thread(Thread[#1,main,5,main])--The primary key column name for the mapping element [field projeto] is being defaulted to: ID_PROJETO.
[EL Config]: metadata: 2024-12-20 13:29:19.561--ServerSession(1384210339)--Thread(Thread[#1,main,5,main])--The primary key column name for the mapping element [field projeto] is being defaulted to: ID_PROJETO.
[EL Config]: metadata: 2024-12-20 13:29:19.561--ServerSession(1384210339)--Thread(Thread[#1,main,5,main])--The primary key column name for the mapping element [field cliente] is being defaulted to: ID_CLIENTE.
[EL Config]: metadata: 2024-12-20 13:29:19.564--ServerSession(1384210339)--Thread(Thread[#1,main,5,main])--The source primary key column name for the many to many mapping [field fornecedores] is being defaulted to: ID_PROJETO.
[EL Config]: metadata: 2024-12-20 13:29:19.564--ServerSession(1384210339)--Thread(Thread[#1,main,5,main])--The target primary key column name for the many to many mapping [field fornecedores] is being defaulted to: ID_FORNECEDOR.
[EL Config]: metadata: 2024-12-20 13:29:19.564--ServerSession(1384210339)--Thread(Thread[#1,main,5,main])--The primary key column name for the mapping element [field calendario] is being defaulted to: ID_CALENDARIO.
[EL Config]: metadata: 2024-12-20 13:29:19.565--ServerSession(1384210339)--Thread(Thread[#1,main,5,main])--The primary key column name for the mapping element [field relatorio] is being defaulted to: ID_RELATORIO.
[EL Config]: metadata: 2024-12-20 13:29:19.565--ServerSession(1384210339)--Thread(Thread[#1,main,5,main])--The source primary key column name for the many to many mapping [field perfis] is being defaulted to: ID_USUARIO.
[EL Config]: metadata: 2024-12-20 13:29:19.566--ServerSession(1384210339)--Thread(Thread[#1,main,5,main])--The target primary key column name for the many to many mapping [field perfis] is being defaulted to: ID_PERFIL.
[EL Config]: metadata: 2024-12-20 13:29:19.566--ServerSession(1384210339)--Thread(Thread[#1,main,5,main])--The primary key column name for the mapping element [field projeto] is being defaulted to: ID_PROJETO.
[EL Config]: metadata: 2024-12-20 13:29:19.566--ServerSession(1384210339)--Thread(Thread[#1,main,5,main])--The primary key column name for the mapping element [field usuarioResponsavel] is being defaulted to: ID_USUARIO.
[EL Config]: metadata: 2024-12-20 13:29:19.566--ServerSession(1384210339)--Thread(Thread[#1,main,5,main])--The source primary key column name for the many to many mapping [field projetos] is being defaulted to: ID_DEPARTAMENTO.
[EL Config]: metadata: 2024-12-20 13:29:19.567--ServerSession(1384210339)--Thread(Thread[#1,main,5,main])--The target primary key column name for the many to many mapping [field projetos] is being defaulted to: ID_PROJETO.
13:29:19.711 [main] DEBUG org.jboss.logging - Logging Provider: org.jboss.logging.Slf4jLoggerProvider
13:29:19.714 [main] INFO org.hibernate.validator.internal.util.Version - HV000001: Hibernate Validator 8.0.1.Final
13:29:19.730 [main] DEBUG org.hibernate.validator.internal.xml.config.ValidationXmlParser - Trying to load META-INF/validation.xml for XML based Validator configuration.
13:29:19.731 [main] DEBUG org.hibernate.validator.internal.xml.config.ResourceLoaderHelper - Trying to load META-INF/validation.xml via user class loader
13:29:19.732 [main] DEBUG org.hibernate.validator.internal.xml.config.ResourceLoaderHelper - Trying to load META-INF/validation.xml via TCCL
13:29:19.732 [main] DEBUG org.hibernate.validator.internal.xml.config.ResourceLoaderHelper - Trying to load META-INF/validation.xml via Hibernate Validator's class loader
13:29:19.733 [main] DEBUG org.hibernate.validator.internal.xml.config.ValidationXmlParser - No META-INF/validation.xml found. Using annotation based configuration only.
13:29:19.738 [main] DEBUG org.hibernate.validator.internal.engine.resolver.TraversableResolvers - Found jakarta.persistence.Persistence on classpath containing 'getPersistenceUtil'. Assuming JPA 2 environment. Trying to instantiate JPA aware TraversableResolver
13:29:19.738 [main] DEBUG org.hibernate.validator.internal.engine.resolver.TraversableResolvers - Instantiated JPA aware TraversableResolver of type org.hibernate.validator.internal.engine.resolver.JPATraversableResolver.
13:29:19.762 [main] DEBUG org.hibernate.validator.messageinterpolation.ResourceBundleMessageInterpolator - Loaded expression factory via original TCCL
13:29:19.876 [main] DEBUG org.hibernate.validator.internal.engine.ValidatorFactoryConfigurationHelper - HV000252: Using org.hibernate.validator.internal.engine.DefaultPropertyNodeNameProvider as property node name provider.
13:29:19.880 [main] DEBUG org.hibernate.validator.internal.engine.ValidatorFactoryConfigurationHelper - HV000234: Using org.hibernate.validator.messageinterpolation.ResourceBundleMessageInterpolator as ValidatorFactory-scoped message interpolator.
13:29:19.880 [main] DEBUG org.hibernate.validator.internal.engine.ValidatorFactoryConfigurationHelper - HV000234: Using org.hibernate.validator.internal.engine.resolver.JPATraversableResolver as ValidatorFactory-scoped traversable resolver.
13:29:19.881 [main] DEBUG org.hibernate.validator.internal.engine.ValidatorFactoryConfigurationHelper - HV000234: Using org.hibernate.validator.internal.util.ExecutableParameterNameProvider as ValidatorFactory-scoped parameter name provider.
13:29:19.881 [main] DEBUG org.hibernate.validator.internal.engine.ValidatorFactoryConfigurationHelper - HV000234: Using org.hibernate.validator.internal.engine.DefaultClockProvider as ValidatorFactory-scoped clock provider.
13:29:19.881 [main] DEBUG org.hibernate.validator.internal.engine.ValidatorFactoryConfigurationHelper - HV000234: Using org.hibernate.validator.internal.engine.scripting.DefaultScriptEvaluatorFactory as ValidatorFactory-scoped script evaluator factory.
[EL Info]: 2024-12-20 13:29:19.973--ServerSession(1384210339)--Thread(Thread[#1,main,5,main])--EclipseLink, version: Eclipse Persistence Services - 4.0.4.v202407190748-059428cdd2583c46f1f3e50d235854840a6fa9a7
[EL Fine]: connection: 2024-12-20 13:29:19.978--ServerSession(1384210339)--Connection(827328832)--Thread(Thread[#1,main,5,main])--connecting(DatabaseLogin(
	platform=>DerbyPlatform
	user name=> "adm"
	datasource URL=> "jdbc:derby://localhost:1527/carga_trabalho;create=true"
))
[EL Config]: connection: 2024-12-20 13:29:20.333--ServerSession(1384210339)--Connection(51376124)--Thread(Thread[#1,main,5,main])--Connected: jdbc:derby://localhost:1527/carga_trabalho;create=true
	User: adm
	Database: Apache Derby  Version: 10.16.1.1 - (1901046)
	Driver: Apache Derby Network Client JDBC Driver  Version: 10.16.1.1 - (1901046)
[EL Warning]: metadata: 2024-12-20 13:29:20.343--ServerSession(1384210339)--Thread(Thread[#1,main,5,main])--Reverting the lazy setting on the OneToOne or ManyToOne attribute [cliente] for the entity class [class entities.Projeto] since weaving was not enabled or did not occur.
[EL Warning]: metadata: 2024-12-20 13:29:20.344--ServerSession(1384210339)--Thread(Thread[#1,main,5,main])--Reverting the lazy setting on the OneToOne or ManyToOne attribute [calendario] for the entity class [class entities.Projeto] since weaving was not enabled or did not occur.
[EL Warning]: metadata: 2024-12-20 13:29:20.344--ServerSession(1384210339)--Thread(Thread[#1,main,5,main])--Reverting the lazy setting on the OneToOne or ManyToOne attribute [relatorio] for the entity class [class entities.Projeto] since weaving was not enabled or did not occur.
[EL Warning]: metadata: 2024-12-20 13:29:20.345--ServerSession(1384210339)--Thread(Thread[#1,main,5,main])--Reverting the lazy setting on the OneToOne or ManyToOne attribute [projeto] for the entity class [class entities.Tarefa] since weaving was not enabled or did not occur.
[EL Warning]: metadata: 2024-12-20 13:29:20.346--ServerSession(1384210339)--Thread(Thread[#1,main,5,main])--Reverting the lazy setting on the OneToOne or ManyToOne attribute [usuarioResponsavel] for the entity class [class entities.Tarefa] since weaving was not enabled or did not occur.
[EL Warning]: metadata: 2024-12-20 13:29:20.346--ServerSession(1384210339)--Thread(Thread[#1,main,5,main])--Reverting the lazy setting on the OneToOne or ManyToOne attribute [projeto] for the entity class [class entities.Documento] since weaving was not enabled or did not occur.
[EL Warning]: metadata: 2024-12-20 13:29:20.347--ServerSession(1384210339)--Thread(Thread[#1,main,5,main])--Reverting the lazy setting on the OneToOne or ManyToOne attribute [projeto] for the entity class [class entities.Recurso] since weaving was not enabled or did not occur.
[EL Fine]: connection: 2024-12-20 13:29:20.381--ServerSession(1384210339)--Thread(Thread[#1,main,5,main])--/file:/C:/Users/raulv/Desktop/CorporativoAtividade1/GerenciamentoProjetosSC/target/classes/_carga_trabalho login successful
[EL Fine]: sql: 2024-12-20 13:29:20.409--ServerSession(1384210339)--Connection(51376124)--Thread(Thread[#1,main,5,main])--ALTER TABLE TB_PROJETO DROP CONSTRAINT TBPROJETODRLATORIO
[EL Fine]: sql: 2024-12-20 13:29:20.426--ServerSession(1384210339)--Connection(51376124)--Thread(Thread[#1,main,5,main])--ALTER TABLE TB_PROJETO DROP CONSTRAINT TBPRJETODCLENDARIO
[EL Fine]: sql: 2024-12-20 13:29:20.434--ServerSession(1384210339)--Connection(51376124)--Thread(Thread[#1,main,5,main])--ALTER TABLE TB_PROJETO DROP CONSTRAINT TBPROJETOIDCLIENTE
[EL Fine]: sql: 2024-12-20 13:29:20.441--ServerSession(1384210339)--Connection(51376124)--Thread(Thread[#1,main,5,main])--ALTER TABLE TB_TAREFA DROP CONSTRAINT TBTAREFAUSUARIO_ID
[EL Fine]: sql: 2024-12-20 13:29:20.447--ServerSession(1384210339)--Connection(51376124)--Thread(Thread[#1,main,5,main])--ALTER TABLE TB_TAREFA DROP CONSTRAINT TBTAREFAID_PROJETO
[EL Fine]: sql: 2024-12-20 13:29:20.456--ServerSession(1384210339)--Connection(51376124)--Thread(Thread[#1,main,5,main])--ALTER TABLE TB_RECURSO DROP CONSTRAINT TBRECURSOIDPROJETO
[EL Fine]: sql: 2024-12-20 13:29:20.464--ServerSession(1384210339)--Connection(51376124)--Thread(Thread[#1,main,5,main])--ALTER TABLE TB_DOCUMENTO DROP CONSTRAINT TBDCUMENTODPROJETO
[EL Fine]: sql: 2024-12-20 13:29:20.472--ServerSession(1384210339)--Connection(51376124)--Thread(Thread[#1,main,5,main])--ALTER TABLE TB_TELEFONE_CLIENTE DROP CONSTRAINT TBTLFNCLIENTEDCLNT
[EL Fine]: sql: 2024-12-20 13:29:20.477--ServerSession(1384210339)--Connection(51376124)--Thread(Thread[#1,main,5,main])--ALTER TABLE TB_DEPARTAMENTO_PROJETO DROP CONSTRAINT TBDPRTMNTPDDPRTMNT
[EL Fine]: sql: 2024-12-20 13:29:20.483--ServerSession(1384210339)--Connection(51376124)--Thread(Thread[#1,main,5,main])--ALTER TABLE TB_DEPARTAMENTO_PROJETO DROP CONSTRAINT TBDPRTMNTPRJTDPRJT
[EL Fine]: sql: 2024-12-20 13:29:20.489--ServerSession(1384210339)--Connection(51376124)--Thread(Thread[#1,main,5,main])--ALTER TABLE TB_PROJETO_FORNECEDOR DROP CONSTRAINT TBPRJTFRNCDORDPRJT
[EL Fine]: sql: 2024-12-20 13:29:20.495--ServerSession(1384210339)--Connection(51376124)--Thread(Thread[#1,main,5,main])--ALTER TABLE TB_PROJETO_FORNECEDOR DROP CONSTRAINT TBPRJTFRNCDDFRNCDR
[EL Fine]: sql: 2024-12-20 13:29:20.502--ServerSession(1384210339)--Connection(51376124)--Thread(Thread[#1,main,5,main])--ALTER TABLE TB_TELEFONE_USUARIO DROP CONSTRAINT TBTLFNEUSUARIODSRO
[EL Fine]: sql: 2024-12-20 13:29:20.508--ServerSession(1384210339)--Connection(51376124)--Thread(Thread[#1,main,5,main])--ALTER TABLE TB_USUARIO_PERFIL DROP CONSTRAINT TBSRIOPERFILDSARIO
[EL Fine]: sql: 2024-12-20 13:29:20.515--ServerSession(1384210339)--Connection(51376124)--Thread(Thread[#1,main,5,main])--ALTER TABLE TB_USUARIO_PERFIL DROP CONSTRAINT TBSRIOPERFILDPRFIL
[EL Fine]: sql: 2024-12-20 13:29:20.523--ServerSession(1384210339)--Connection(51376124)--Thread(Thread[#1,main,5,main])--DROP TABLE TB_CLIENTE
[EL Fine]: sql: 2024-12-20 13:29:20.532--ServerSession(1384210339)--Connection(51376124)--Thread(Thread[#1,main,5,main])--DROP TABLE TB_PROJETO
[EL Fine]: sql: 2024-12-20 13:29:20.548--ServerSession(1384210339)--Connection(51376124)--Thread(Thread[#1,main,5,main])--DROP TABLE TB_TAREFA
[EL Fine]: sql: 2024-12-20 13:29:20.559--ServerSession(1384210339)--Connection(51376124)--Thread(Thread[#1,main,5,main])--DROP TABLE TB_RELATORIO
[EL Fine]: sql: 2024-12-20 13:29:20.57--ServerSession(1384210339)--Connection(51376124)--Thread(Thread[#1,main,5,main])--DROP TABLE TB_Fornecedor
[EL Fine]: sql: 2024-12-20 13:29:20.583--ServerSession(1384210339)--Connection(51376124)--Thread(Thread[#1,main,5,main])--DROP TABLE TB_DEPARTAMENTO
[EL Fine]: sql: 2024-12-20 13:29:20.596--ServerSession(1384210339)--Connection(51376124)--Thread(Thread[#1,main,5,main])--DROP TABLE TB_RECURSO
[EL Fine]: sql: 2024-12-20 13:29:20.607--ServerSession(1384210339)--Connection(51376124)--Thread(Thread[#1,main,5,main])--DROP TABLE TB_DOCUMENTO
[EL Fine]: sql: 2024-12-20 13:29:20.617--ServerSession(1384210339)--Connection(51376124)--Thread(Thread[#1,main,5,main])--DROP TABLE TB_FERIADO
[EL Fine]: sql: 2024-12-20 13:29:20.635--ServerSession(1384210339)--Connection(51376124)--Thread(Thread[#1,main,5,main])--DROP TABLE TB_USUARIO
[EL Fine]: sql: 2024-12-20 13:29:20.65--ServerSession(1384210339)--Connection(51376124)--Thread(Thread[#1,main,5,main])--DROP TABLE TB_PERFIL
[EL Fine]: sql: 2024-12-20 13:29:20.662--ServerSession(1384210339)--Connection(51376124)--Thread(Thread[#1,main,5,main])--DROP TABLE TB_CALENDARIO
[EL Fine]: sql: 2024-12-20 13:29:20.672--ServerSession(1384210339)--Connection(51376124)--Thread(Thread[#1,main,5,main])--DROP TABLE TB_TELEFONE_CLIENTE
[EL Fine]: sql: 2024-12-20 13:29:20.677--ServerSession(1384210339)--Connection(51376124)--Thread(Thread[#1,main,5,main])--DROP TABLE TB_DEPARTAMENTO_PROJETO
[EL Fine]: sql: 2024-12-20 13:29:20.688--ServerSession(1384210339)--Connection(51376124)--Thread(Thread[#1,main,5,main])--DROP TABLE TB_PROJETO_FORNECEDOR
[EL Fine]: sql: 2024-12-20 13:29:20.697--ServerSession(1384210339)--Connection(51376124)--Thread(Thread[#1,main,5,main])--DROP TABLE TB_TELEFONE_USUARIO
[EL Fine]: sql: 2024-12-20 13:29:20.702--ServerSession(1384210339)--Connection(51376124)--Thread(Thread[#1,main,5,main])--DROP TABLE TB_USUARIO_PERFIL
[EL Fine]: sql: 2024-12-20 13:29:20.729--ServerSession(1384210339)--Connection(51376124)--Thread(Thread[#1,main,5,main])--CREATE TABLE TB_CLIENTE (ID_CLIENTE BIGINT GENERATED BY DEFAULT AS IDENTITY NOT NULL, CNPJ_CLIENTE VARCHAR(20) NOT NULL, EMAIL_CLIENTE VARCHAR(50) NOT NULL, NOME_CLIENTE VARCHAR(70) NOT NULL, PRIMARY KEY (ID_CLIENTE))
[EL Fine]: sql: 2024-12-20 13:29:20.74--ServerSession(1384210339)--Connection(51376124)--Thread(Thread[#1,main,5,main])--CREATE TABLE TB_PROJETO (ID_PROJETO BIGINT GENERATED BY DEFAULT AS IDENTITY NOT NULL, DESCRICAO_PROJETO VARCHAR(255) NOT NULL, NOME_PROJETO VARCHAR(255) NOT NULL UNIQUE, ID_CLIENTE BIGINT NOT NULL, ID_CALENDARIO BIGINT NOT NULL, ID_RELATORIO BIGINT NOT NULL, PRIMARY KEY (ID_PROJETO))
[EL Fine]: sql: 2024-12-20 13:29:20.759--ServerSession(1384210339)--Connection(51376124)--Thread(Thread[#1,main,5,main])--CREATE TABLE TB_TAREFA (ID_TAREFA BIGINT GENERATED BY DEFAULT AS IDENTITY NOT NULL, DATA_FIM_TAREFA DATE, DATA_INICIO_TAREFA DATE NOT NULL, DESCRICAO_TAREFA VARCHAR(500), NOME_TAREFA VARCHAR(255) NOT NULL, PRIORIDADE_TAREFA VARCHAR(50) NOT NULL, TIPO_STATUS VARCHAR(50) NOT NULL, ID_PROJETO BIGINT NOT NULL, USUARIO_ID BIGINT NOT NULL, PRIMARY KEY (ID_TAREFA))
[EL Fine]: sql: 2024-12-20 13:29:20.771--ServerSession(1384210339)--Connection(51376124)--Thread(Thread[#1,main,5,main])--CREATE TABLE TB_RELATORIO (ID_RELATORIO BIGINT GENERATED BY DEFAULT AS IDENTITY NOT NULL, AUTOR_RELATORIO VARCHAR(255) NOT NULL, CONTEUDO_RELATORIO VARCHAR(255) NOT NULL, DATA_CRIACAO_RELATORIO DATE NOT NULL, DESCRICAO_RELATORIO VARCHAR(255) NOT NULL, TITULO_RELATORIO VARCHAR(255) NOT NULL, PRIMARY KEY (ID_RELATORIO))
[EL Fine]: sql: 2024-12-20 13:29:20.783--ServerSession(1384210339)--Connection(51376124)--Thread(Thread[#1,main,5,main])--CREATE TABLE TB_Fornecedor (ID_FORNECEDOR BIGINT GENERATED BY DEFAULT AS IDENTITY NOT NULL, CNPJ_FORNECEDOR VARCHAR(18) NOT NULL, DATA_CADASTRO DATE, DESCRICAO VARCHAR(255), EMAIL_FORNECEDOR VARCHAR(255) NOT NULL, NOME_FORNECEDOR VARCHAR(255) NOT NULL, TIPO_FORNECEDOR VARCHAR(25) NOT NULL, TIPO_STATUS VARCHAR(40) NOT NULL, PRIMARY KEY (ID_FORNECEDOR))
[EL Fine]: sql: 2024-12-20 13:29:20.796--ServerSession(1384210339)--Connection(51376124)--Thread(Thread[#1,main,5,main])--CREATE TABLE TB_DEPARTAMENTO (ID_DEPARTAMENTO BIGINT GENERATED BY DEFAULT AS IDENTITY NOT NULL, NOME_DEPARTAMENTO VARCHAR(50) NOT NULL, PRIMARY KEY (ID_DEPARTAMENTO))
[EL Fine]: sql: 2024-12-20 13:29:20.808--ServerSession(1384210339)--Connection(51376124)--Thread(Thread[#1,main,5,main])--CREATE TABLE TB_RECURSO (ID_RECURSO BIGINT GENERATED BY DEFAULT AS IDENTITY NOT NULL, CUSTO_RECURSO FLOAT NOT NULL, NOME_RECURSO VARCHAR(255) NOT NULL, QUANTIDADE_RECURSO INTEGER NOT NULL, TIPO_RECURSO VARCHAR(50) NOT NULL, ID_PROJETO BIGINT NOT NULL, PRIMARY KEY (ID_RECURSO))
[EL Fine]: sql: 2024-12-20 13:29:20.821--ServerSession(1384210339)--Connection(51376124)--Thread(Thread[#1,main,5,main])--CREATE TABLE TB_DOCUMENTO (ID_DOCUMENTO BIGINT GENERATED BY DEFAULT AS IDENTITY NOT NULL, AUTOR_DOCUMENTO VARCHAR(50) NOT NULL, CAMINHO_ARQUIVO_DOCUMENTO VARCHAR(255) NOT NULL, DATA_CRIACAO_DOCUMENTO DATE NOT NULL, TIPO_DOCUMENTO VARCHAR(50) NOT NULL, TITULO_DOCUMENTO VARCHAR(255) NOT NULL, ID_PROJETO BIGINT NOT NULL, PRIMARY KEY (ID_DOCUMENTO))
[EL Fine]: sql: 2024-12-20 13:29:20.834--ServerSession(1384210339)--Connection(51376124)--Thread(Thread[#1,main,5,main])--CREATE TABLE TB_FERIADO (ID_FERIADO BIGINT GENERATED BY DEFAULT AS IDENTITY NOT NULL, DATA_FERIADO DATE NOT NULL UNIQUE, NOME_FERIADO VARCHAR(50) NOT NULL UNIQUE, TIPO_FERIADO VARCHAR(20) NOT NULL, PRIMARY KEY (ID_FERIADO))
[EL Fine]: sql: 2024-12-20 13:29:20.853--ServerSession(1384210339)--Connection(51376124)--Thread(Thread[#1,main,5,main])--CREATE TABLE TB_USUARIO (ID_USUARIO BIGINT GENERATED BY DEFAULT AS IDENTITY NOT NULL, EMAIL_USUARIO VARCHAR(255) NOT NULL UNIQUE, NOME_USUARIO VARCHAR(255) NOT NULL, SENHA_USUARIO VARCHAR(255) NOT NULL, PRIMARY KEY (ID_USUARIO))
[EL Fine]: sql: 2024-12-20 13:29:20.868--ServerSession(1384210339)--Connection(51376124)--Thread(Thread[#1,main,5,main])--CREATE TABLE TB_PERFIL (ID_PERFIL BIGINT GENERATED BY DEFAULT AS IDENTITY NOT NULL, NOME_PERFIL VARCHAR(100) NOT NULL, PRIMARY KEY (ID_PERFIL))
[EL Fine]: sql: 2024-12-20 13:29:20.879--ServerSession(1384210339)--Connection(51376124)--Thread(Thread[#1,main,5,main])--CREATE TABLE TB_CALENDARIO (ID_CALENDARIO BIGINT GENERATED BY DEFAULT AS IDENTITY NOT NULL, DATA_FIM DATE NOT NULL, DATA_INICIO DATE NOT NULL, HORAS_TOTAIS INTEGER NOT NULL, PRIMARY KEY (ID_CALENDARIO))
[EL Fine]: sql: 2024-12-20 13:29:20.889--ServerSession(1384210339)--Connection(51376124)--Thread(Thread[#1,main,5,main])--CREATE TABLE TB_TELEFONE_CLIENTE (ID_CLIENTE BIGINT NOT NULL, NUM_TELEFONE VARCHAR(20) NOT NULL)
[EL Fine]: sql: 2024-12-20 13:29:20.895--ServerSession(1384210339)--Connection(51376124)--Thread(Thread[#1,main,5,main])--CREATE TABLE TB_DEPARTAMENTO_PROJETO (ID_PROJETO BIGINT NOT NULL, ID_DEPARTAMENTO BIGINT NOT NULL, PRIMARY KEY (ID_PROJETO, ID_DEPARTAMENTO))
[EL Fine]: sql: 2024-12-20 13:29:20.903--ServerSession(1384210339)--Connection(51376124)--Thread(Thread[#1,main,5,main])--CREATE TABLE TB_PROJETO_FORNECEDOR (ID_PROJETO BIGINT NOT NULL, ID_FORNECEDOR BIGINT NOT NULL, PRIMARY KEY (ID_PROJETO, ID_FORNECEDOR))
[EL Fine]: sql: 2024-12-20 13:29:20.911--ServerSession(1384210339)--Connection(51376124)--Thread(Thread[#1,main,5,main])--CREATE TABLE TB_TELEFONE_USUARIO (ID_USUARIO BIGINT NOT NULL, ENDERECO VARCHAR(255) NOT NULL, NUM_TELEFONE VARCHAR(20) NOT NULL)
[EL Fine]: sql: 2024-12-20 13:29:20.917--ServerSession(1384210339)--Connection(51376124)--Thread(Thread[#1,main,5,main])--CREATE TABLE TB_USUARIO_PERFIL (ID_USUARIO BIGINT NOT NULL, ID_PERFIL BIGINT NOT NULL, PRIMARY KEY (ID_USUARIO, ID_PERFIL))
[EL Fine]: sql: 2024-12-20 13:29:20.925--ServerSession(1384210339)--Connection(51376124)--Thread(Thread[#1,main,5,main])--ALTER TABLE TB_PROJETO ADD CONSTRAINT TBPROJETODRLATORIO FOREIGN KEY (ID_RELATORIO) REFERENCES TB_RELATORIO (ID_RELATORIO)
[EL Fine]: sql: 2024-12-20 13:29:20.931--ServerSession(1384210339)--Connection(51376124)--Thread(Thread[#1,main,5,main])--ALTER TABLE TB_PROJETO ADD CONSTRAINT TBPRJETODCLENDARIO FOREIGN KEY (ID_CALENDARIO) REFERENCES TB_CALENDARIO (ID_CALENDARIO)
[EL Fine]: sql: 2024-12-20 13:29:20.936--ServerSession(1384210339)--Connection(51376124)--Thread(Thread[#1,main,5,main])--ALTER TABLE TB_PROJETO ADD CONSTRAINT TBPROJETOIDCLIENTE FOREIGN KEY (ID_CLIENTE) REFERENCES TB_CLIENTE (ID_CLIENTE)
[EL Fine]: sql: 2024-12-20 13:29:20.942--ServerSession(1384210339)--Connection(51376124)--Thread(Thread[#1,main,5,main])--ALTER TABLE TB_TAREFA ADD CONSTRAINT TBTAREFAUSUARIO_ID FOREIGN KEY (USUARIO_ID) REFERENCES TB_USUARIO (ID_USUARIO)
[EL Fine]: sql: 2024-12-20 13:29:20.948--ServerSession(1384210339)--Connection(51376124)--Thread(Thread[#1,main,5,main])--ALTER TABLE TB_TAREFA ADD CONSTRAINT TBTAREFAID_PROJETO FOREIGN KEY (ID_PROJETO) REFERENCES TB_PROJETO (ID_PROJETO)
[EL Fine]: sql: 2024-12-20 13:29:20.955--ServerSession(1384210339)--Connection(51376124)--Thread(Thread[#1,main,5,main])--ALTER TABLE TB_RECURSO ADD CONSTRAINT TBRECURSOIDPROJETO FOREIGN KEY (ID_PROJETO) REFERENCES TB_PROJETO (ID_PROJETO)
[EL Fine]: sql: 2024-12-20 13:29:20.961--ServerSession(1384210339)--Connection(51376124)--Thread(Thread[#1,main,5,main])--ALTER TABLE TB_DOCUMENTO ADD CONSTRAINT TBDCUMENTODPROJETO FOREIGN KEY (ID_PROJETO) REFERENCES TB_PROJETO (ID_PROJETO)
[EL Fine]: sql: 2024-12-20 13:29:20.968--ServerSession(1384210339)--Connection(51376124)--Thread(Thread[#1,main,5,main])--ALTER TABLE TB_TELEFONE_CLIENTE ADD CONSTRAINT TBTLFNCLIENTEDCLNT FOREIGN KEY (ID_CLIENTE) REFERENCES TB_CLIENTE (ID_CLIENTE)
[EL Fine]: sql: 2024-12-20 13:29:20.972--ServerSession(1384210339)--Connection(51376124)--Thread(Thread[#1,main,5,main])--ALTER TABLE TB_DEPARTAMENTO_PROJETO ADD CONSTRAINT TBDPRTMNTPDDPRTMNT FOREIGN KEY (ID_DEPARTAMENTO) REFERENCES TB_DEPARTAMENTO (ID_DEPARTAMENTO)
[EL Fine]: sql: 2024-12-20 13:29:20.979--ServerSession(1384210339)--Connection(51376124)--Thread(Thread[#1,main,5,main])--ALTER TABLE TB_DEPARTAMENTO_PROJETO ADD CONSTRAINT TBDPRTMNTPRJTDPRJT FOREIGN KEY (ID_PROJETO) REFERENCES TB_PROJETO (ID_PROJETO)
[EL Fine]: sql: 2024-12-20 13:29:20.985--ServerSession(1384210339)--Connection(51376124)--Thread(Thread[#1,main,5,main])--ALTER TABLE TB_PROJETO_FORNECEDOR ADD CONSTRAINT TBPRJTFRNCDORDPRJT FOREIGN KEY (ID_PROJETO) REFERENCES TB_PROJETO (ID_PROJETO)
[EL Fine]: sql: 2024-12-20 13:29:20.992--ServerSession(1384210339)--Connection(51376124)--Thread(Thread[#1,main,5,main])--ALTER TABLE TB_PROJETO_FORNECEDOR ADD CONSTRAINT TBPRJTFRNCDDFRNCDR FOREIGN KEY (ID_FORNECEDOR) REFERENCES TB_Fornecedor (ID_FORNECEDOR)
[EL Fine]: sql: 2024-12-20 13:29:20.999--ServerSession(1384210339)--Connection(51376124)--Thread(Thread[#1,main,5,main])--ALTER TABLE TB_TELEFONE_USUARIO ADD CONSTRAINT TBTLFNEUSUARIODSRO FOREIGN KEY (ID_USUARIO) REFERENCES TB_Fornecedor (ID_FORNECEDOR)
[EL Fine]: sql: 2024-12-20 13:29:21.004--ServerSession(1384210339)--Connection(51376124)--Thread(Thread[#1,main,5,main])--ALTER TABLE TB_USUARIO_PERFIL ADD CONSTRAINT TBSRIOPERFILDSARIO FOREIGN KEY (ID_USUARIO) REFERENCES TB_USUARIO (ID_USUARIO)
[EL Fine]: sql: 2024-12-20 13:29:21.01--ServerSession(1384210339)--Connection(51376124)--Thread(Thread[#1,main,5,main])--ALTER TABLE TB_USUARIO_PERFIL ADD CONSTRAINT TBSRIOPERFILDPRFIL FOREIGN KEY (ID_PERFIL) REFERENCES TB_PERFIL (ID_PERFIL)
13:29:21.048 [main] DEBUG org.dbunit.database.DatabaseConnection - Database connection info: 
	database product name=Apache Derby
	database version=10.16.1.1 - (1901046)
	database major version=10
	database minor version=16
	jdbc driver name=Apache Derby Network Client JDBC Driver
	jdbc driver version=10.16.1.1 - (1901046)
	jdbc driver major version=10
	jdbc driver minor version=16

13:29:21.048 [main] DEBUG org.dbunit.database.DatabaseConnection - validateSchema(validateStrict=false) - start
13:29:21.048 [main] DEBUG org.dbunit.database.DatabaseConnection - Schema is null. Nothing to validate.
13:29:21.055 [main] DEBUG org.dbunit.dataset.xml.FlatXmlDataSetBuilder - Creating FlatXmlDataSet with builder parameters: org.dbunit.dataset.xml.FlatXmlDataSetBuilder[dtdMetadata=true, columnSensing=true, caseSensitiveTableNames=false, metaDataSet=null]
13:29:21.055 [main] DEBUG org.dbunit.dataset.xml.FlatXmlDataSetBuilder - Creating FlatXmlProducer using the properties of this builder: org.dbunit.dataset.xml.FlatXmlDataSetBuilder[dtdMetadata=true, columnSensing=true, caseSensitiveTableNames=false, metaDataSet=null]
13:29:21.066 [main] DEBUG org.dbunit.dataset.AbstractDataSet - initialize() - start
13:29:21.068 [main] DEBUG org.dbunit.dataset.CachedDataSet - createIterator(reversed=false) - start
13:29:21.068 [main] DEBUG org.dbunit.dataset.OrderedTableNameMap - orderedValues() - start
13:29:21.069 [main] DEBUG org.dbunit.dataset.xml.FlatXmlProducer - setConsumer(consumer) - start
13:29:21.069 [main] DEBUG org.dbunit.dataset.xml.FlatXmlProducer - produce() - start
13:29:21.070 [main] DEBUG org.dbunit.dataset.xml.FlatDtdProducer - setLexicalHandler(xmlReader=com.sun.org.apache.xerces.internal.jaxp.SAXParserImpl$JAXPSAXParser@4c03a37, handler=org.dbunit.dataset.xml.FlatXmlProducer$FlatDtdHandler@2e140e59) - start
13:29:21.071 [main] DEBUG org.dbunit.dataset.xml.FlatDtdProducer - setDeclHandler(xmlReader=com.sun.org.apache.xerces.internal.jaxp.SAXParserImpl$JAXPSAXParser@4c03a37, handler=org.dbunit.dataset.xml.FlatXmlProducer$FlatDtdHandler@2e140e59) - start
13:29:21.072 [main] DEBUG org.dbunit.dataset.xml.FlatXmlProducer - startElement(uri=, localName=, qName=dataset, attributes=com.sun.org.apache.xerces.internal.parsers.AbstractSAXParser$AttributesProxy@59429fac) - start
13:29:21.072 [main] DEBUG org.dbunit.dataset.CachedDataSet - startDataSet() - start
13:29:21.072 [main] DEBUG org.dbunit.dataset.xml.FlatXmlProducer - startElement(uri=, localName=, qName=TB_CLIENTE, attributes=com.sun.org.apache.xerces.internal.parsers.AbstractSAXParser$AttributesProxy@59429fac) - start
13:29:21.072 [main] DEBUG org.dbunit.dataset.OrderedTableNameMap - getLastTableName() - start
13:29:21.072 [main] DEBUG org.dbunit.dataset.OrderedTableNameMap - isLastTable(tableName=TB_CLIENTE) - start
13:29:21.074 [main] DEBUG org.dbunit.dataset.OrderedTableNameMap - getTableName(tableName=TB_CLIENTE) - start
13:29:21.074 [main] DEBUG org.dbunit.dataset.OrderedTableNameMap - getTableName(tableName=TB_CLIENTE) - end - result=TB_CLIENTE
13:29:21.074 [main] DEBUG org.dbunit.dataset.xml.FlatXmlProducer - createTableMetaData(tableName=TB_CLIENTE, attributes=com.sun.org.apache.xerces.internal.parsers.AbstractSAXParser$AttributesProxy@59429fac) - start
13:29:21.086 [main] DEBUG org.dbunit.dataset.Columns - getColumns(columnNames=[], columns=[(ID_CLIENTE, UNKNOWN, nullableUnknown), (NOME_CLIENTE, UNKNOWN, nullableUnknown), (EMAIL_CLIENTE, UNKNOWN, nullableUnknown), (CNPJ_CLIENTE, UNKNOWN, nullableUnknown)]) - start
13:29:21.086 [main] DEBUG org.dbunit.dataset.OrderedTableNameMap - add(tableName=TB_CLIENTE, object=tableName=TB_CLIENTE, columns=[(ID_CLIENTE, UNKNOWN, nullableUnknown), (NOME_CLIENTE, UNKNOWN, nullableUnknown), (EMAIL_CLIENTE, UNKNOWN, nullableUnknown), (CNPJ_CLIENTE, UNKNOWN, nullableUnknown)], keys=[]) - start
13:29:21.086 [main] DEBUG org.dbunit.dataset.OrderedTableNameMap - getTableName(tableName=TB_CLIENTE) - start
13:29:21.086 [main] DEBUG org.dbunit.dataset.OrderedTableNameMap - getTableName(tableName=TB_CLIENTE) - end - result=TB_CLIENTE
13:29:21.086 [main] DEBUG org.dbunit.dataset.OrderedTableNameMap - getTableName(tableName=TB_CLIENTE) - start
13:29:21.086 [main] DEBUG org.dbunit.dataset.OrderedTableNameMap - getTableName(tableName=TB_CLIENTE) - end - result=TB_CLIENTE
13:29:21.087 [main] DEBUG org.dbunit.dataset.OrderedTableNameMap - getLastTableName() - start
13:29:21.087 [main] DEBUG org.dbunit.dataset.OrderedTableNameMap - getTableName(tableName=TB_CLIENTE) - start
13:29:21.087 [main] DEBUG org.dbunit.dataset.OrderedTableNameMap - getTableName(tableName=TB_CLIENTE) - end - result=TB_CLIENTE
13:29:21.087 [main] DEBUG org.dbunit.dataset.AbstractTableMetaData - getColumnIndex(columnName=ID_CLIENTE) - start
13:29:21.087 [main] DEBUG org.dbunit.dataset.AbstractTableMetaData - getColumnIndex(columnName=NOME_CLIENTE) - start
13:29:21.087 [main] DEBUG org.dbunit.dataset.AbstractTableMetaData - getColumnIndex(columnName=EMAIL_CLIENTE) - start
13:29:21.087 [main] DEBUG org.dbunit.dataset.AbstractTableMetaData - getColumnIndex(columnName=CNPJ_CLIENTE) - start
13:29:21.087 [main] DEBUG org.dbunit.dataset.OrderedTableNameMap - getLastTableName() - start
13:29:21.087 [main] DEBUG org.dbunit.dataset.OrderedTableNameMap - getTableName(tableName=TB_CLIENTE) - start
13:29:21.087 [main] DEBUG org.dbunit.dataset.OrderedTableNameMap - getTableName(tableName=TB_CLIENTE) - end - result=TB_CLIENTE
13:29:21.087 [main] DEBUG org.dbunit.dataset.AbstractTableMetaData - getColumnIndex(columnName=ID_CLIENTE) - start
13:29:21.087 [main] DEBUG org.dbunit.dataset.AbstractTableMetaData - getColumnIndex(columnName=NOME_CLIENTE) - start
13:29:21.087 [main] DEBUG org.dbunit.dataset.AbstractTableMetaData - getColumnIndex(columnName=EMAIL_CLIENTE) - start
13:29:21.087 [main] DEBUG org.dbunit.dataset.AbstractTableMetaData - getColumnIndex(columnName=CNPJ_CLIENTE) - start
13:29:21.088 [main] DEBUG org.dbunit.dataset.xml.FlatXmlProducer - endElement(uri=, localName=, qName=TB_CLIENTE) - start
13:29:21.088 [main] DEBUG org.dbunit.dataset.xml.FlatXmlProducer - startElement(uri=, localName=, qName=TB_CLIENTE, attributes=com.sun.org.apache.xerces.internal.parsers.AbstractSAXParser$AttributesProxy@59429fac) - start
13:29:21.088 [main] DEBUG org.dbunit.dataset.OrderedTableNameMap - getLastTableName() - start
13:29:21.088 [main] DEBUG org.dbunit.dataset.OrderedTableNameMap - getTableName(tableName=TB_CLIENTE) - start
13:29:21.088 [main] DEBUG org.dbunit.dataset.OrderedTableNameMap - getTableName(tableName=TB_CLIENTE) - end - result=TB_CLIENTE
13:29:21.088 [main] DEBUG org.dbunit.dataset.OrderedTableNameMap - isLastTable(tableName=TB_CLIENTE) - start
13:29:21.088 [main] DEBUG org.dbunit.dataset.OrderedTableNameMap - getLastTableName() - start
13:29:21.088 [main] DEBUG org.dbunit.dataset.OrderedTableNameMap - getTableName(tableName=TB_CLIENTE) - start
13:29:21.089 [main] DEBUG org.dbunit.dataset.OrderedTableNameMap - getTableName(tableName=TB_CLIENTE) - end - result=TB_CLIENTE
13:29:21.089 [main] DEBUG org.dbunit.dataset.OrderedTableNameMap - getTableName(tableName=TB_CLIENTE) - start
13:29:21.089 [main] DEBUG org.dbunit.dataset.OrderedTableNameMap - getTableName(tableName=TB_CLIENTE) - end - result=TB_CLIENTE
13:29:21.089 [main] DEBUG org.dbunit.dataset.OrderedTableNameMap - getLastTableName() - start
13:29:21.089 [main] DEBUG org.dbunit.dataset.OrderedTableNameMap - getTableName(tableName=TB_CLIENTE) - start
13:29:21.089 [main] DEBUG org.dbunit.dataset.OrderedTableNameMap - getTableName(tableName=TB_CLIENTE) - end - result=TB_CLIENTE
13:29:21.089 [main] DEBUG org.dbunit.dataset.AbstractTableMetaData - getColumnIndex(columnName=ID_CLIENTE) - start
13:29:21.090 [main] DEBUG org.dbunit.dataset.AbstractTableMetaData - getColumnIndex(columnName=NOME_CLIENTE) - start
13:29:21.090 [main] DEBUG org.dbunit.dataset.AbstractTableMetaData - getColumnIndex(columnName=EMAIL_CLIENTE) - start
13:29:21.090 [main] DEBUG org.dbunit.dataset.AbstractTableMetaData - getColumnIndex(columnName=CNPJ_CLIENTE) - start
13:29:21.090 [main] DEBUG org.dbunit.dataset.OrderedTableNameMap - getLastTableName() - start
13:29:21.090 [main] DEBUG org.dbunit.dataset.OrderedTableNameMap - getTableName(tableName=TB_CLIENTE) - start
13:29:21.090 [main] DEBUG org.dbunit.dataset.OrderedTableNameMap - getTableName(tableName=TB_CLIENTE) - end - result=TB_CLIENTE
13:29:21.090 [main] DEBUG org.dbunit.dataset.AbstractTableMetaData - getColumnIndex(columnName=ID_CLIENTE) - start
13:29:21.090 [main] DEBUG org.dbunit.dataset.AbstractTableMetaData - getColumnIndex(columnName=NOME_CLIENTE) - start
13:29:21.090 [main] DEBUG org.dbunit.dataset.AbstractTableMetaData - getColumnIndex(columnName=EMAIL_CLIENTE) - start
13:29:21.090 [main] DEBUG org.dbunit.dataset.AbstractTableMetaData - getColumnIndex(columnName=CNPJ_CLIENTE) - start
13:29:21.090 [main] DEBUG org.dbunit.dataset.xml.FlatXmlProducer - endElement(uri=, localName=, qName=TB_CLIENTE) - start
13:29:21.090 [main] DEBUG org.dbunit.dataset.xml.FlatXmlProducer - startElement(uri=, localName=, qName=TB_TELEFONE_CLIENTE, attributes=com.sun.org.apache.xerces.internal.parsers.AbstractSAXParser$AttributesProxy@59429fac) - start
13:29:21.090 [main] DEBUG org.dbunit.dataset.OrderedTableNameMap - getLastTableName() - start
13:29:21.091 [main] DEBUG org.dbunit.dataset.OrderedTableNameMap - getTableName(tableName=TB_CLIENTE) - start
13:29:21.091 [main] DEBUG org.dbunit.dataset.OrderedTableNameMap - getTableName(tableName=TB_CLIENTE) - end - result=TB_CLIENTE
13:29:21.091 [main] DEBUG org.dbunit.dataset.OrderedTableNameMap - isLastTable(tableName=TB_TELEFONE_CLIENTE) - start
13:29:21.091 [main] DEBUG org.dbunit.dataset.OrderedTableNameMap - getLastTableName() - start
13:29:21.091 [main] DEBUG org.dbunit.dataset.OrderedTableNameMap - getTableName(tableName=TB_CLIENTE) - start
13:29:21.091 [main] DEBUG org.dbunit.dataset.OrderedTableNameMap - getTableName(tableName=TB_CLIENTE) - end - result=TB_CLIENTE
13:29:21.091 [main] DEBUG org.dbunit.dataset.OrderedTableNameMap - getTableName(tableName=TB_TELEFONE_CLIENTE) - start
13:29:21.091 [main] DEBUG org.dbunit.dataset.OrderedTableNameMap - getTableName(tableName=TB_TELEFONE_CLIENTE) - end - result=TB_TELEFONE_CLIENTE
13:29:21.091 [main] DEBUG org.dbunit.dataset.OrderedTableNameMap - getTableName(tableName=TB_TELEFONE_CLIENTE) - start
13:29:21.091 [main] DEBUG org.dbunit.dataset.OrderedTableNameMap - getTableName(tableName=TB_TELEFONE_CLIENTE) - end - result=TB_TELEFONE_CLIENTE
13:29:21.091 [main] DEBUG org.dbunit.dataset.xml.FlatXmlProducer - createTableMetaData(tableName=TB_TELEFONE_CLIENTE, attributes=com.sun.org.apache.xerces.internal.parsers.AbstractSAXParser$AttributesProxy@59429fac) - start
13:29:21.092 [main] DEBUG org.dbunit.dataset.Columns - getColumns(columnNames=[], columns=[(ID_CLIENTE, UNKNOWN, nullableUnknown), (NUM_TELEFONE, UNKNOWN, nullableUnknown)]) - start
13:29:21.092 [main] DEBUG org.dbunit.dataset.OrderedTableNameMap - add(tableName=TB_TELEFONE_CLIENTE, object=tableName=TB_TELEFONE_CLIENTE, columns=[(ID_CLIENTE, UNKNOWN, nullableUnknown), (NUM_TELEFONE, UNKNOWN, nullableUnknown)], keys=[]) - start
13:29:21.092 [main] DEBUG org.dbunit.dataset.OrderedTableNameMap - getTableName(tableName=TB_TELEFONE_CLIENTE) - start
13:29:21.092 [main] DEBUG org.dbunit.dataset.OrderedTableNameMap - getTableName(tableName=TB_TELEFONE_CLIENTE) - end - result=TB_TELEFONE_CLIENTE
13:29:21.092 [main] DEBUG org.dbunit.dataset.OrderedTableNameMap - getTableName(tableName=TB_TELEFONE_CLIENTE) - start
13:29:21.092 [main] DEBUG org.dbunit.dataset.OrderedTableNameMap - getTableName(tableName=TB_TELEFONE_CLIENTE) - end - result=TB_TELEFONE_CLIENTE
13:29:21.092 [main] DEBUG org.dbunit.dataset.OrderedTableNameMap - getLastTableName() - start
13:29:21.092 [main] DEBUG org.dbunit.dataset.OrderedTableNameMap - getTableName(tableName=TB_TELEFONE_CLIENTE) - start
13:29:21.092 [main] DEBUG org.dbunit.dataset.OrderedTableNameMap - getTableName(tableName=TB_TELEFONE_CLIENTE) - end - result=TB_TELEFONE_CLIENTE
13:29:21.092 [main] DEBUG org.dbunit.dataset.AbstractTableMetaData - getColumnIndex(columnName=ID_CLIENTE) - start
13:29:21.092 [main] DEBUG org.dbunit.dataset.AbstractTableMetaData - getColumnIndex(columnName=NUM_TELEFONE) - start
13:29:21.092 [main] DEBUG org.dbunit.dataset.OrderedTableNameMap - getLastTableName() - start
13:29:21.092 [main] DEBUG org.dbunit.dataset.OrderedTableNameMap - getTableName(tableName=TB_TELEFONE_CLIENTE) - start
13:29:21.092 [main] DEBUG org.dbunit.dataset.OrderedTableNameMap - getTableName(tableName=TB_TELEFONE_CLIENTE) - end - result=TB_TELEFONE_CLIENTE
13:29:21.093 [main] DEBUG org.dbunit.dataset.AbstractTableMetaData - getColumnIndex(columnName=ID_CLIENTE) - start
13:29:21.093 [main] DEBUG org.dbunit.dataset.AbstractTableMetaData - getColumnIndex(columnName=NUM_TELEFONE) - start
13:29:21.093 [main] DEBUG org.dbunit.dataset.xml.FlatXmlProducer - endElement(uri=, localName=, qName=TB_TELEFONE_CLIENTE) - start
13:29:21.093 [main] DEBUG org.dbunit.dataset.xml.FlatXmlProducer - startElement(uri=, localName=, qName=TB_TELEFONE_CLIENTE, attributes=com.sun.org.apache.xerces.internal.parsers.AbstractSAXParser$AttributesProxy@59429fac) - start
13:29:21.093 [main] DEBUG org.dbunit.dataset.OrderedTableNameMap - getLastTableName() - start
13:29:21.093 [main] DEBUG org.dbunit.dataset.OrderedTableNameMap - getTableName(tableName=TB_TELEFONE_CLIENTE) - start
13:29:21.093 [main] DEBUG org.dbunit.dataset.OrderedTableNameMap - getTableName(tableName=TB_TELEFONE_CLIENTE) - end - result=TB_TELEFONE_CLIENTE
13:29:21.093 [main] DEBUG org.dbunit.dataset.OrderedTableNameMap - isLastTable(tableName=TB_TELEFONE_CLIENTE) - start
13:29:21.093 [main] DEBUG org.dbunit.dataset.OrderedTableNameMap - getLastTableName() - start
13:29:21.093 [main] DEBUG org.dbunit.dataset.OrderedTableNameMap - getTableName(tableName=TB_TELEFONE_CLIENTE) - start
13:29:21.093 [main] DEBUG org.dbunit.dataset.OrderedTableNameMap - getTableName(tableName=TB_TELEFONE_CLIENTE) - end - result=TB_TELEFONE_CLIENTE
13:29:21.093 [main] DEBUG org.dbunit.dataset.OrderedTableNameMap - getTableName(tableName=TB_TELEFONE_CLIENTE) - start
13:29:21.093 [main] DEBUG org.dbunit.dataset.OrderedTableNameMap - getTableName(tableName=TB_TELEFONE_CLIENTE) - end - result=TB_TELEFONE_CLIENTE
13:29:21.093 [main] DEBUG org.dbunit.dataset.OrderedTableNameMap - getLastTableName() - start
13:29:21.093 [main] DEBUG org.dbunit.dataset.OrderedTableNameMap - getTableName(tableName=TB_TELEFONE_CLIENTE) - start
13:29:21.093 [main] DEBUG org.dbunit.dataset.OrderedTableNameMap - getTableName(tableName=TB_TELEFONE_CLIENTE) - end - result=TB_TELEFONE_CLIENTE
13:29:21.093 [main] DEBUG org.dbunit.dataset.AbstractTableMetaData - getColumnIndex(columnName=ID_CLIENTE) - start
13:29:21.094 [main] DEBUG org.dbunit.dataset.AbstractTableMetaData - getColumnIndex(columnName=NUM_TELEFONE) - start
13:29:21.094 [main] DEBUG org.dbunit.dataset.OrderedTableNameMap - getLastTableName() - start
13:29:21.094 [main] DEBUG org.dbunit.dataset.OrderedTableNameMap - getTableName(tableName=TB_TELEFONE_CLIENTE) - start
13:29:21.094 [main] DEBUG org.dbunit.dataset.OrderedTableNameMap - getTableName(tableName=TB_TELEFONE_CLIENTE) - end - result=TB_TELEFONE_CLIENTE
13:29:21.094 [main] DEBUG org.dbunit.dataset.AbstractTableMetaData - getColumnIndex(columnName=ID_CLIENTE) - start
13:29:21.094 [main] DEBUG org.dbunit.dataset.AbstractTableMetaData - getColumnIndex(columnName=NUM_TELEFONE) - start
13:29:21.094 [main] DEBUG org.dbunit.dataset.xml.FlatXmlProducer - endElement(uri=, localName=, qName=TB_TELEFONE_CLIENTE) - start
13:29:21.094 [main] DEBUG org.dbunit.dataset.xml.FlatXmlProducer - startElement(uri=, localName=, qName=TB_TELEFONE_CLIENTE, attributes=com.sun.org.apache.xerces.internal.parsers.AbstractSAXParser$AttributesProxy@59429fac) - start
13:29:21.094 [main] DEBUG org.dbunit.dataset.OrderedTableNameMap - getLastTableName() - start
13:29:21.094 [main] DEBUG org.dbunit.dataset.OrderedTableNameMap - getTableName(tableName=TB_TELEFONE_CLIENTE) - start
13:29:21.094 [main] DEBUG org.dbunit.dataset.OrderedTableNameMap - getTableName(tableName=TB_TELEFONE_CLIENTE) - end - result=TB_TELEFONE_CLIENTE
13:29:21.094 [main] DEBUG org.dbunit.dataset.OrderedTableNameMap - isLastTable(tableName=TB_TELEFONE_CLIENTE) - start
13:29:21.094 [main] DEBUG org.dbunit.dataset.OrderedTableNameMap - getLastTableName() - start
13:29:21.094 [main] DEBUG org.dbunit.dataset.OrderedTableNameMap - getTableName(tableName=TB_TELEFONE_CLIENTE) - start
13:29:21.094 [main] DEBUG org.dbunit.dataset.OrderedTableNameMap - getTableName(tableName=TB_TELEFONE_CLIENTE) - end - result=TB_TELEFONE_CLIENTE
13:29:21.094 [main] DEBUG org.dbunit.dataset.OrderedTableNameMap - getTableName(tableName=TB_TELEFONE_CLIENTE) - start
13:29:21.094 [main] DEBUG org.dbunit.dataset.OrderedTableNameMap - getTableName(tableName=TB_TELEFONE_CLIENTE) - end - result=TB_TELEFONE_CLIENTE
13:29:21.094 [main] DEBUG org.dbunit.dataset.OrderedTableNameMap - getLastTableName() - start
13:29:21.095 [main] DEBUG org.dbunit.dataset.OrderedTableNameMap - getTableName(tableName=TB_TELEFONE_CLIENTE) - start
13:29:21.095 [main] DEBUG org.dbunit.dataset.OrderedTableNameMap - getTableName(tableName=TB_TELEFONE_CLIENTE) - end - result=TB_TELEFONE_CLIENTE
13:29:21.095 [main] DEBUG org.dbunit.dataset.AbstractTableMetaData - getColumnIndex(columnName=ID_CLIENTE) - start
13:29:21.095 [main] DEBUG org.dbunit.dataset.AbstractTableMetaData - getColumnIndex(columnName=NUM_TELEFONE) - start
13:29:21.095 [main] DEBUG org.dbunit.dataset.OrderedTableNameMap - getLastTableName() - start
13:29:21.095 [main] DEBUG org.dbunit.dataset.OrderedTableNameMap - getTableName(tableName=TB_TELEFONE_CLIENTE) - start
13:29:21.095 [main] DEBUG org.dbunit.dataset.OrderedTableNameMap - getTableName(tableName=TB_TELEFONE_CLIENTE) - end - result=TB_TELEFONE_CLIENTE
13:29:21.095 [main] DEBUG org.dbunit.dataset.AbstractTableMetaData - getColumnIndex(columnName=ID_CLIENTE) - start
13:29:21.095 [main] DEBUG org.dbunit.dataset.AbstractTableMetaData - getColumnIndex(columnName=NUM_TELEFONE) - start
13:29:21.095 [main] DEBUG org.dbunit.dataset.xml.FlatXmlProducer - endElement(uri=, localName=, qName=TB_TELEFONE_CLIENTE) - start
13:29:21.095 [main] DEBUG org.dbunit.dataset.xml.FlatXmlProducer - startElement(uri=, localName=, qName=TB_RELATORIO, attributes=com.sun.org.apache.xerces.internal.parsers.AbstractSAXParser$AttributesProxy@59429fac) - start
13:29:21.095 [main] DEBUG org.dbunit.dataset.OrderedTableNameMap - getLastTableName() - start
13:29:21.095 [main] DEBUG org.dbunit.dataset.OrderedTableNameMap - getTableName(tableName=TB_TELEFONE_CLIENTE) - start
13:29:21.095 [main] DEBUG org.dbunit.dataset.OrderedTableNameMap - getTableName(tableName=TB_TELEFONE_CLIENTE) - end - result=TB_TELEFONE_CLIENTE
13:29:21.095 [main] DEBUG org.dbunit.dataset.OrderedTableNameMap - isLastTable(tableName=TB_RELATORIO) - start
13:29:21.096 [main] DEBUG org.dbunit.dataset.OrderedTableNameMap - getLastTableName() - start
13:29:21.096 [main] DEBUG org.dbunit.dataset.OrderedTableNameMap - getTableName(tableName=TB_TELEFONE_CLIENTE) - start
13:29:21.096 [main] DEBUG org.dbunit.dataset.OrderedTableNameMap - getTableName(tableName=TB_TELEFONE_CLIENTE) - end - result=TB_TELEFONE_CLIENTE
13:29:21.096 [main] DEBUG org.dbunit.dataset.OrderedTableNameMap - getTableName(tableName=TB_RELATORIO) - start
13:29:21.096 [main] DEBUG org.dbunit.dataset.OrderedTableNameMap - getTableName(tableName=TB_RELATORIO) - end - result=TB_RELATORIO
13:29:21.096 [main] DEBUG org.dbunit.dataset.OrderedTableNameMap - getTableName(tableName=TB_RELATORIO) - start
13:29:21.096 [main] DEBUG org.dbunit.dataset.OrderedTableNameMap - getTableName(tableName=TB_RELATORIO) - end - result=TB_RELATORIO
13:29:21.096 [main] DEBUG org.dbunit.dataset.xml.FlatXmlProducer - createTableMetaData(tableName=TB_RELATORIO, attributes=com.sun.org.apache.xerces.internal.parsers.AbstractSAXParser$AttributesProxy@59429fac) - start
13:29:21.096 [main] DEBUG org.dbunit.dataset.Columns - getColumns(columnNames=[], columns=[(ID_RELATORIO, UNKNOWN, nullableUnknown), (TITULO_RELATORIO, UNKNOWN, nullableUnknown), (DATA_CRIACAO_RELATORIO, UNKNOWN, nullableUnknown), (AUTOR_RELATORIO, UNKNOWN, nullableUnknown), (DESCRICAO_RELATORIO, UNKNOWN, nullableUnknown), (CONTEUDO_RELATORIO, UNKNOWN, nullableUnknown)]) - start
13:29:21.096 [main] DEBUG org.dbunit.dataset.OrderedTableNameMap - add(tableName=TB_RELATORIO, object=tableName=TB_RELATORIO, columns=[(ID_RELATORIO, UNKNOWN, nullableUnknown), (TITULO_RELATORIO, UNKNOWN, nullableUnknown), (DATA_CRIACAO_RELATORIO, UNKNOWN, nullableUnknown), (AUTOR_RELATORIO, UNKNOWN, nullableUnknown), (DESCRICAO_RELATORIO, UNKNOWN, nullableUnknown), (CONTEUDO_RELATORIO, UNKNOWN, nullableUnknown)], keys=[]) - start
13:29:21.096 [main] DEBUG org.dbunit.dataset.OrderedTableNameMap - getTableName(tableName=TB_RELATORIO) - start
13:29:21.096 [main] DEBUG org.dbunit.dataset.OrderedTableNameMap - getTableName(tableName=TB_RELATORIO) - end - result=TB_RELATORIO
13:29:21.096 [main] DEBUG org.dbunit.dataset.OrderedTableNameMap - getTableName(tableName=TB_RELATORIO) - start
13:29:21.096 [main] DEBUG org.dbunit.dataset.OrderedTableNameMap - getTableName(tableName=TB_RELATORIO) - end - result=TB_RELATORIO
13:29:21.096 [main] DEBUG org.dbunit.dataset.OrderedTableNameMap - getLastTableName() - start
13:29:21.096 [main] DEBUG org.dbunit.dataset.OrderedTableNameMap - getTableName(tableName=TB_RELATORIO) - start
13:29:21.096 [main] DEBUG org.dbunit.dataset.OrderedTableNameMap - getTableName(tableName=TB_RELATORIO) - end - result=TB_RELATORIO
13:29:21.096 [main] DEBUG org.dbunit.dataset.AbstractTableMetaData - getColumnIndex(columnName=ID_RELATORIO) - start
13:29:21.096 [main] DEBUG org.dbunit.dataset.AbstractTableMetaData - getColumnIndex(columnName=TITULO_RELATORIO) - start
13:29:21.096 [main] DEBUG org.dbunit.dataset.AbstractTableMetaData - getColumnIndex(columnName=DATA_CRIACAO_RELATORIO) - start
13:29:21.096 [main] DEBUG org.dbunit.dataset.AbstractTableMetaData - getColumnIndex(columnName=AUTOR_RELATORIO) - start
13:29:21.096 [main] DEBUG org.dbunit.dataset.AbstractTableMetaData - getColumnIndex(columnName=DESCRICAO_RELATORIO) - start
13:29:21.096 [main] DEBUG org.dbunit.dataset.AbstractTableMetaData - getColumnIndex(columnName=CONTEUDO_RELATORIO) - start
13:29:21.096 [main] DEBUG org.dbunit.dataset.OrderedTableNameMap - getLastTableName() - start
13:29:21.096 [main] DEBUG org.dbunit.dataset.OrderedTableNameMap - getTableName(tableName=TB_RELATORIO) - start
13:29:21.096 [main] DEBUG org.dbunit.dataset.OrderedTableNameMap - getTableName(tableName=TB_RELATORIO) - end - result=TB_RELATORIO
13:29:21.096 [main] DEBUG org.dbunit.dataset.AbstractTableMetaData - getColumnIndex(columnName=ID_RELATORIO) - start
13:29:21.096 [main] DEBUG org.dbunit.dataset.AbstractTableMetaData - getColumnIndex(columnName=TITULO_RELATORIO) - start
13:29:21.096 [main] DEBUG org.dbunit.dataset.AbstractTableMetaData - getColumnIndex(columnName=DATA_CRIACAO_RELATORIO) - start
13:29:21.096 [main] DEBUG org.dbunit.dataset.AbstractTableMetaData - getColumnIndex(columnName=AUTOR_RELATORIO) - start
13:29:21.096 [main] DEBUG org.dbunit.dataset.AbstractTableMetaData - getColumnIndex(columnName=DESCRICAO_RELATORIO) - start
13:29:21.096 [main] DEBUG org.dbunit.dataset.AbstractTableMetaData - getColumnIndex(columnName=CONTEUDO_RELATORIO) - start
13:29:21.096 [main] DEBUG org.dbunit.dataset.xml.FlatXmlProducer - endElement(uri=, localName=, qName=TB_RELATORIO) - start
13:29:21.097 [main] DEBUG org.dbunit.dataset.xml.FlatXmlProducer - startElement(uri=, localName=, qName=TB_RELATORIO, attributes=com.sun.org.apache.xerces.internal.parsers.AbstractSAXParser$AttributesProxy@59429fac) - start
13:29:21.097 [main] DEBUG org.dbunit.dataset.OrderedTableNameMap - getLastTableName() - start
13:29:21.097 [main] DEBUG org.dbunit.dataset.OrderedTableNameMap - getTableName(tableName=TB_RELATORIO) - start
13:29:21.097 [main] DEBUG org.dbunit.dataset.OrderedTableNameMap - getTableName(tableName=TB_RELATORIO) - end - result=TB_RELATORIO
13:29:21.097 [main] DEBUG org.dbunit.dataset.OrderedTableNameMap - isLastTable(tableName=TB_RELATORIO) - start
13:29:21.097 [main] DEBUG org.dbunit.dataset.OrderedTableNameMap - getLastTableName() - start
13:29:21.097 [main] DEBUG org.dbunit.dataset.OrderedTableNameMap - getTableName(tableName=TB_RELATORIO) - start
13:29:21.097 [main] DEBUG org.dbunit.dataset.OrderedTableNameMap - getTableName(tableName=TB_RELATORIO) - end - result=TB_RELATORIO
13:29:21.097 [main] DEBUG org.dbunit.dataset.OrderedTableNameMap - getTableName(tableName=TB_RELATORIO) - start
13:29:21.097 [main] DEBUG org.dbunit.dataset.OrderedTableNameMap - getTableName(tableName=TB_RELATORIO) - end - result=TB_RELATORIO
13:29:21.098 [main] DEBUG org.dbunit.dataset.OrderedTableNameMap - getLastTableName() - start
13:29:21.098 [main] DEBUG org.dbunit.dataset.OrderedTableNameMap - getTableName(tableName=TB_RELATORIO) - start
13:29:21.098 [main] DEBUG org.dbunit.dataset.OrderedTableNameMap - getTableName(tableName=TB_RELATORIO) - end - result=TB_RELATORIO
13:29:21.098 [main] DEBUG org.dbunit.dataset.AbstractTableMetaData - getColumnIndex(columnName=ID_RELATORIO) - start
13:29:21.098 [main] DEBUG org.dbunit.dataset.AbstractTableMetaData - getColumnIndex(columnName=TITULO_RELATORIO) - start
13:29:21.098 [main] DEBUG org.dbunit.dataset.AbstractTableMetaData - getColumnIndex(columnName=DATA_CRIACAO_RELATORIO) - start
13:29:21.098 [main] DEBUG org.dbunit.dataset.AbstractTableMetaData - getColumnIndex(columnName=AUTOR_RELATORIO) - start
13:29:21.098 [main] DEBUG org.dbunit.dataset.AbstractTableMetaData - getColumnIndex(columnName=DESCRICAO_RELATORIO) - start
13:29:21.098 [main] DEBUG org.dbunit.dataset.AbstractTableMetaData - getColumnIndex(columnName=CONTEUDO_RELATORIO) - start
13:29:21.098 [main] DEBUG org.dbunit.dataset.OrderedTableNameMap - getLastTableName() - start
13:29:21.098 [main] DEBUG org.dbunit.dataset.OrderedTableNameMap - getTableName(tableName=TB_RELATORIO) - start
13:29:21.098 [main] DEBUG org.dbunit.dataset.OrderedTableNameMap - getTableName(tableName=TB_RELATORIO) - end - result=TB_RELATORIO
13:29:21.098 [main] DEBUG org.dbunit.dataset.AbstractTableMetaData - getColumnIndex(columnName=ID_RELATORIO) - start
13:29:21.098 [main] DEBUG org.dbunit.dataset.AbstractTableMetaData - getColumnIndex(columnName=TITULO_RELATORIO) - start
13:29:21.098 [main] DEBUG org.dbunit.dataset.AbstractTableMetaData - getColumnIndex(columnName=DATA_CRIACAO_RELATORIO) - start
13:29:21.098 [main] DEBUG org.dbunit.dataset.AbstractTableMetaData - getColumnIndex(columnName=AUTOR_RELATORIO) - start
13:29:21.098 [main] DEBUG org.dbunit.dataset.AbstractTableMetaData - getColumnIndex(columnName=DESCRICAO_RELATORIO) - start
13:29:21.098 [main] DEBUG org.dbunit.dataset.AbstractTableMetaData - getColumnIndex(columnName=CONTEUDO_RELATORIO) - start
13:29:21.098 [main] DEBUG org.dbunit.dataset.xml.FlatXmlProducer - endElement(uri=, localName=, qName=TB_RELATORIO) - start
13:29:21.099 [main] DEBUG org.dbunit.dataset.xml.FlatXmlProducer - startElement(uri=, localName=, qName=TB_CALENDARIO, attributes=com.sun.org.apache.xerces.internal.parsers.AbstractSAXParser$AttributesProxy@59429fac) - start
13:29:21.099 [main] DEBUG org.dbunit.dataset.OrderedTableNameMap - getLastTableName() - start
13:29:21.099 [main] DEBUG org.dbunit.dataset.OrderedTableNameMap - getTableName(tableName=TB_RELATORIO) - start
13:29:21.099 [main] DEBUG org.dbunit.dataset.OrderedTableNameMap - getTableName(tableName=TB_RELATORIO) - end - result=TB_RELATORIO
13:29:21.099 [main] DEBUG org.dbunit.dataset.OrderedTableNameMap - isLastTable(tableName=TB_CALENDARIO) - start
13:29:21.099 [main] DEBUG org.dbunit.dataset.OrderedTableNameMap - getLastTableName() - start
13:29:21.099 [main] DEBUG org.dbunit.dataset.OrderedTableNameMap - getTableName(tableName=TB_RELATORIO) - start
13:29:21.099 [main] DEBUG org.dbunit.dataset.OrderedTableNameMap - getTableName(tableName=TB_RELATORIO) - end - result=TB_RELATORIO
13:29:21.099 [main] DEBUG org.dbunit.dataset.OrderedTableNameMap - getTableName(tableName=TB_CALENDARIO) - start
13:29:21.099 [main] DEBUG org.dbunit.dataset.OrderedTableNameMap - getTableName(tableName=TB_CALENDARIO) - end - result=TB_CALENDARIO
13:29:21.099 [main] DEBUG org.dbunit.dataset.OrderedTableNameMap - getTableName(tableName=TB_CALENDARIO) - start
13:29:21.099 [main] DEBUG org.dbunit.dataset.OrderedTableNameMap - getTableName(tableName=TB_CALENDARIO) - end - result=TB_CALENDARIO
13:29:21.099 [main] DEBUG org.dbunit.dataset.xml.FlatXmlProducer - createTableMetaData(tableName=TB_CALENDARIO, attributes=com.sun.org.apache.xerces.internal.parsers.AbstractSAXParser$AttributesProxy@59429fac) - start
13:29:21.099 [main] DEBUG org.dbunit.dataset.Columns - getColumns(columnNames=[], columns=[(ID_CALENDARIO, UNKNOWN, nullableUnknown), (DATA_INICIO, UNKNOWN, nullableUnknown), (DATA_FIM, UNKNOWN, nullableUnknown), (HORAS_TOTAIS, UNKNOWN, nullableUnknown)]) - start
13:29:21.099 [main] DEBUG org.dbunit.dataset.OrderedTableNameMap - add(tableName=TB_CALENDARIO, object=tableName=TB_CALENDARIO, columns=[(ID_CALENDARIO, UNKNOWN, nullableUnknown), (DATA_INICIO, UNKNOWN, nullableUnknown), (DATA_FIM, UNKNOWN, nullableUnknown), (HORAS_TOTAIS, UNKNOWN, nullableUnknown)], keys=[]) - start
13:29:21.099 [main] DEBUG org.dbunit.dataset.OrderedTableNameMap - getTableName(tableName=TB_CALENDARIO) - start
13:29:21.099 [main] DEBUG org.dbunit.dataset.OrderedTableNameMap - getTableName(tableName=TB_CALENDARIO) - end - result=TB_CALENDARIO
13:29:21.099 [main] DEBUG org.dbunit.dataset.OrderedTableNameMap - getTableName(tableName=TB_CALENDARIO) - start
13:29:21.099 [main] DEBUG org.dbunit.dataset.OrderedTableNameMap - getTableName(tableName=TB_CALENDARIO) - end - result=TB_CALENDARIO
13:29:21.099 [main] DEBUG org.dbunit.dataset.OrderedTableNameMap - getLastTableName() - start
13:29:21.099 [main] DEBUG org.dbunit.dataset.OrderedTableNameMap - getTableName(tableName=TB_CALENDARIO) - start
13:29:21.099 [main] DEBUG org.dbunit.dataset.OrderedTableNameMap - getTableName(tableName=TB_CALENDARIO) - end - result=TB_CALENDARIO
13:29:21.100 [main] DEBUG org.dbunit.dataset.AbstractTableMetaData - getColumnIndex(columnName=ID_CALENDARIO) - start
13:29:21.100 [main] DEBUG org.dbunit.dataset.AbstractTableMetaData - getColumnIndex(columnName=DATA_INICIO) - start
13:29:21.100 [main] DEBUG org.dbunit.dataset.AbstractTableMetaData - getColumnIndex(columnName=DATA_FIM) - start
13:29:21.100 [main] DEBUG org.dbunit.dataset.AbstractTableMetaData - getColumnIndex(columnName=HORAS_TOTAIS) - start
13:29:21.100 [main] DEBUG org.dbunit.dataset.OrderedTableNameMap - getLastTableName() - start
13:29:21.100 [main] DEBUG org.dbunit.dataset.OrderedTableNameMap - getTableName(tableName=TB_CALENDARIO) - start
13:29:21.100 [main] DEBUG org.dbunit.dataset.OrderedTableNameMap - getTableName(tableName=TB_CALENDARIO) - end - result=TB_CALENDARIO
13:29:21.100 [main] DEBUG org.dbunit.dataset.AbstractTableMetaData - getColumnIndex(columnName=ID_CALENDARIO) - start
13:29:21.100 [main] DEBUG org.dbunit.dataset.AbstractTableMetaData - getColumnIndex(columnName=DATA_INICIO) - start
13:29:21.100 [main] DEBUG org.dbunit.dataset.AbstractTableMetaData - getColumnIndex(columnName=DATA_FIM) - start
13:29:21.100 [main] DEBUG org.dbunit.dataset.AbstractTableMetaData - getColumnIndex(columnName=HORAS_TOTAIS) - start
13:29:21.100 [main] DEBUG org.dbunit.dataset.xml.FlatXmlProducer - endElement(uri=, localName=, qName=TB_CALENDARIO) - start
13:29:21.100 [main] DEBUG org.dbunit.dataset.xml.FlatXmlProducer - startElement(uri=, localName=, qName=TB_CALENDARIO, attributes=com.sun.org.apache.xerces.internal.parsers.AbstractSAXParser$AttributesProxy@59429fac) - start
13:29:21.100 [main] DEBUG org.dbunit.dataset.OrderedTableNameMap - getLastTableName() - start
13:29:21.100 [main] DEBUG org.dbunit.dataset.OrderedTableNameMap - getTableName(tableName=TB_CALENDARIO) - start
13:29:21.100 [main] DEBUG org.dbunit.dataset.OrderedTableNameMap - getTableName(tableName=TB_CALENDARIO) - end - result=TB_CALENDARIO
13:29:21.100 [main] DEBUG org.dbunit.dataset.OrderedTableNameMap - isLastTable(tableName=TB_CALENDARIO) - start
13:29:21.100 [main] DEBUG org.dbunit.dataset.OrderedTableNameMap - getLastTableName() - start
13:29:21.100 [main] DEBUG org.dbunit.dataset.OrderedTableNameMap - getTableName(tableName=TB_CALENDARIO) - start
13:29:21.100 [main] DEBUG org.dbunit.dataset.OrderedTableNameMap - getTableName(tableName=TB_CALENDARIO) - end - result=TB_CALENDARIO
13:29:21.100 [main] DEBUG org.dbunit.dataset.OrderedTableNameMap - getTableName(tableName=TB_CALENDARIO) - start
13:29:21.100 [main] DEBUG org.dbunit.dataset.OrderedTableNameMap - getTableName(tableName=TB_CALENDARIO) - end - result=TB_CALENDARIO
13:29:21.100 [main] DEBUG org.dbunit.dataset.OrderedTableNameMap - getLastTableName() - start
13:29:21.100 [main] DEBUG org.dbunit.dataset.OrderedTableNameMap - getTableName(tableName=TB_CALENDARIO) - start
13:29:21.100 [main] DEBUG org.dbunit.dataset.OrderedTableNameMap - getTableName(tableName=TB_CALENDARIO) - end - result=TB_CALENDARIO
13:29:21.101 [main] DEBUG org.dbunit.dataset.AbstractTableMetaData - getColumnIndex(columnName=ID_CALENDARIO) - start
13:29:21.101 [main] DEBUG org.dbunit.dataset.AbstractTableMetaData - getColumnIndex(columnName=DATA_INICIO) - start
13:29:21.101 [main] DEBUG org.dbunit.dataset.AbstractTableMetaData - getColumnIndex(columnName=DATA_FIM) - start
13:29:21.101 [main] DEBUG org.dbunit.dataset.AbstractTableMetaData - getColumnIndex(columnName=HORAS_TOTAIS) - start
13:29:21.101 [main] DEBUG org.dbunit.dataset.OrderedTableNameMap - getLastTableName() - start
13:29:21.101 [main] DEBUG org.dbunit.dataset.OrderedTableNameMap - getTableName(tableName=TB_CALENDARIO) - start
13:29:21.101 [main] DEBUG org.dbunit.dataset.OrderedTableNameMap - getTableName(tableName=TB_CALENDARIO) - end - result=TB_CALENDARIO
13:29:21.101 [main] DEBUG org.dbunit.dataset.AbstractTableMetaData - getColumnIndex(columnName=ID_CALENDARIO) - start
13:29:21.101 [main] DEBUG org.dbunit.dataset.AbstractTableMetaData - getColumnIndex(columnName=DATA_INICIO) - start
13:29:21.101 [main] DEBUG org.dbunit.dataset.AbstractTableMetaData - getColumnIndex(columnName=DATA_FIM) - start
13:29:21.101 [main] DEBUG org.dbunit.dataset.AbstractTableMetaData - getColumnIndex(columnName=HORAS_TOTAIS) - start
13:29:21.101 [main] DEBUG org.dbunit.dataset.xml.FlatXmlProducer - endElement(uri=, localName=, qName=TB_CALENDARIO) - start
13:29:21.101 [main] DEBUG org.dbunit.dataset.xml.FlatXmlProducer - startElement(uri=, localName=, qName=TB_PROJETO, attributes=com.sun.org.apache.xerces.internal.parsers.AbstractSAXParser$AttributesProxy@59429fac) - start
13:29:21.101 [main] DEBUG org.dbunit.dataset.OrderedTableNameMap - getLastTableName() - start
13:29:21.101 [main] DEBUG org.dbunit.dataset.OrderedTableNameMap - getTableName(tableName=TB_CALENDARIO) - start
13:29:21.101 [main] DEBUG org.dbunit.dataset.OrderedTableNameMap - getTableName(tableName=TB_CALENDARIO) - end - result=TB_CALENDARIO
13:29:21.101 [main] DEBUG org.dbunit.dataset.OrderedTableNameMap - isLastTable(tableName=TB_PROJETO) - start
13:29:21.101 [main] DEBUG org.dbunit.dataset.OrderedTableNameMap - getLastTableName() - start
13:29:21.101 [main] DEBUG org.dbunit.dataset.OrderedTableNameMap - getTableName(tableName=TB_CALENDARIO) - start
13:29:21.101 [main] DEBUG org.dbunit.dataset.OrderedTableNameMap - getTableName(tableName=TB_CALENDARIO) - end - result=TB_CALENDARIO
13:29:21.101 [main] DEBUG org.dbunit.dataset.OrderedTableNameMap - getTableName(tableName=TB_PROJETO) - start
13:29:21.101 [main] DEBUG org.dbunit.dataset.OrderedTableNameMap - getTableName(tableName=TB_PROJETO) - end - result=TB_PROJETO
13:29:21.101 [main] DEBUG org.dbunit.dataset.OrderedTableNameMap - getTableName(tableName=TB_PROJETO) - start
13:29:21.101 [main] DEBUG org.dbunit.dataset.OrderedTableNameMap - getTableName(tableName=TB_PROJETO) - end - result=TB_PROJETO
13:29:21.101 [main] DEBUG org.dbunit.dataset.xml.FlatXmlProducer - createTableMetaData(tableName=TB_PROJETO, attributes=com.sun.org.apache.xerces.internal.parsers.AbstractSAXParser$AttributesProxy@59429fac) - start
13:29:21.101 [main] DEBUG org.dbunit.dataset.Columns - getColumns(columnNames=[], columns=[(ID_PROJETO, UNKNOWN, nullableUnknown), (NOME_PROJETO, UNKNOWN, nullableUnknown), (DESCRICAO_PROJETO, UNKNOWN, nullableUnknown), (ID_CLIENTE, UNKNOWN, nullableUnknown), (ID_CALENDARIO, UNKNOWN, nullableUnknown), (ID_RELATORIO, UNKNOWN, nullableUnknown)]) - start
13:29:21.102 [main] DEBUG org.dbunit.dataset.OrderedTableNameMap - add(tableName=TB_PROJETO, object=tableName=TB_PROJETO, columns=[(ID_PROJETO, UNKNOWN, nullableUnknown), (NOME_PROJETO, UNKNOWN, nullableUnknown), (DESCRICAO_PROJETO, UNKNOWN, nullableUnknown), (ID_CLIENTE, UNKNOWN, nullableUnknown), (ID_CALENDARIO, UNKNOWN, nullableUnknown), (ID_RELATORIO, UNKNOWN, nullableUnknown)], keys=[]) - start
13:29:21.102 [main] DEBUG org.dbunit.dataset.OrderedTableNameMap - getTableName(tableName=TB_PROJETO) - start
13:29:21.102 [main] DEBUG org.dbunit.dataset.OrderedTableNameMap - getTableName(tableName=TB_PROJETO) - end - result=TB_PROJETO
13:29:21.102 [main] DEBUG org.dbunit.dataset.OrderedTableNameMap - getTableName(tableName=TB_PROJETO) - start
13:29:21.102 [main] DEBUG org.dbunit.dataset.OrderedTableNameMap - getTableName(tableName=TB_PROJETO) - end - result=TB_PROJETO
13:29:21.102 [main] DEBUG org.dbunit.dataset.OrderedTableNameMap - getLastTableName() - start
13:29:21.102 [main] DEBUG org.dbunit.dataset.OrderedTableNameMap - getTableName(tableName=TB_PROJETO) - start
13:29:21.102 [main] DEBUG org.dbunit.dataset.OrderedTableNameMap - getTableName(tableName=TB_PROJETO) - end - result=TB_PROJETO
13:29:21.102 [main] DEBUG org.dbunit.dataset.AbstractTableMetaData - getColumnIndex(columnName=ID_PROJETO) - start
13:29:21.102 [main] DEBUG org.dbunit.dataset.AbstractTableMetaData - getColumnIndex(columnName=NOME_PROJETO) - start
13:29:21.102 [main] DEBUG org.dbunit.dataset.AbstractTableMetaData - getColumnIndex(columnName=DESCRICAO_PROJETO) - start
13:29:21.102 [main] DEBUG org.dbunit.dataset.AbstractTableMetaData - getColumnIndex(columnName=ID_CLIENTE) - start
13:29:21.102 [main] DEBUG org.dbunit.dataset.AbstractTableMetaData - getColumnIndex(columnName=ID_CALENDARIO) - start
13:29:21.102 [main] DEBUG org.dbunit.dataset.AbstractTableMetaData - getColumnIndex(columnName=ID_RELATORIO) - start
13:29:21.102 [main] DEBUG org.dbunit.dataset.OrderedTableNameMap - getLastTableName() - start
13:29:21.102 [main] DEBUG org.dbunit.dataset.OrderedTableNameMap - getTableName(tableName=TB_PROJETO) - start
13:29:21.102 [main] DEBUG org.dbunit.dataset.OrderedTableNameMap - getTableName(tableName=TB_PROJETO) - end - result=TB_PROJETO
13:29:21.102 [main] DEBUG org.dbunit.dataset.AbstractTableMetaData - getColumnIndex(columnName=ID_PROJETO) - start
13:29:21.102 [main] DEBUG org.dbunit.dataset.AbstractTableMetaData - getColumnIndex(columnName=NOME_PROJETO) - start
13:29:21.102 [main] DEBUG org.dbunit.dataset.AbstractTableMetaData - getColumnIndex(columnName=DESCRICAO_PROJETO) - start
13:29:21.102 [main] DEBUG org.dbunit.dataset.AbstractTableMetaData - getColumnIndex(columnName=ID_CLIENTE) - start
13:29:21.103 [main] DEBUG org.dbunit.dataset.AbstractTableMetaData - getColumnIndex(columnName=ID_CALENDARIO) - start
13:29:21.103 [main] DEBUG org.dbunit.dataset.AbstractTableMetaData - getColumnIndex(columnName=ID_RELATORIO) - start
13:29:21.103 [main] DEBUG org.dbunit.dataset.xml.FlatXmlProducer - endElement(uri=, localName=, qName=TB_PROJETO) - start
13:29:21.103 [main] DEBUG org.dbunit.dataset.xml.FlatXmlProducer - startElement(uri=, localName=, qName=TB_PROJETO, attributes=com.sun.org.apache.xerces.internal.parsers.AbstractSAXParser$AttributesProxy@59429fac) - start
13:29:21.103 [main] DEBUG org.dbunit.dataset.OrderedTableNameMap - getLastTableName() - start
13:29:21.103 [main] DEBUG org.dbunit.dataset.OrderedTableNameMap - getTableName(tableName=TB_PROJETO) - start
13:29:21.103 [main] DEBUG org.dbunit.dataset.OrderedTableNameMap - getTableName(tableName=TB_PROJETO) - end - result=TB_PROJETO
13:29:21.103 [main] DEBUG org.dbunit.dataset.OrderedTableNameMap - isLastTable(tableName=TB_PROJETO) - start
13:29:21.103 [main] DEBUG org.dbunit.dataset.OrderedTableNameMap - getLastTableName() - start
13:29:21.103 [main] DEBUG org.dbunit.dataset.OrderedTableNameMap - getTableName(tableName=TB_PROJETO) - start
13:29:21.103 [main] DEBUG org.dbunit.dataset.OrderedTableNameMap - getTableName(tableName=TB_PROJETO) - end - result=TB_PROJETO
13:29:21.103 [main] DEBUG org.dbunit.dataset.OrderedTableNameMap - getTableName(tableName=TB_PROJETO) - start
13:29:21.103 [main] DEBUG org.dbunit.dataset.OrderedTableNameMap - getTableName(tableName=TB_PROJETO) - end - result=TB_PROJETO
13:29:21.103 [main] DEBUG org.dbunit.dataset.OrderedTableNameMap - getLastTableName() - start
13:29:21.104 [main] DEBUG org.dbunit.dataset.OrderedTableNameMap - getTableName(tableName=TB_PROJETO) - start
13:29:21.104 [main] DEBUG org.dbunit.dataset.OrderedTableNameMap - getTableName(tableName=TB_PROJETO) - end - result=TB_PROJETO
13:29:21.104 [main] DEBUG org.dbunit.dataset.AbstractTableMetaData - getColumnIndex(columnName=ID_PROJETO) - start
13:29:21.104 [main] DEBUG org.dbunit.dataset.AbstractTableMetaData - getColumnIndex(columnName=NOME_PROJETO) - start
13:29:21.104 [main] DEBUG org.dbunit.dataset.AbstractTableMetaData - getColumnIndex(columnName=DESCRICAO_PROJETO) - start
13:29:21.104 [main] DEBUG org.dbunit.dataset.AbstractTableMetaData - getColumnIndex(columnName=ID_CLIENTE) - start
13:29:21.104 [main] DEBUG org.dbunit.dataset.AbstractTableMetaData - getColumnIndex(columnName=ID_CALENDARIO) - start
13:29:21.104 [main] DEBUG org.dbunit.dataset.AbstractTableMetaData - getColumnIndex(columnName=ID_RELATORIO) - start
13:29:21.104 [main] DEBUG org.dbunit.dataset.OrderedTableNameMap - getLastTableName() - start
13:29:21.105 [main] DEBUG org.dbunit.dataset.OrderedTableNameMap - getTableName(tableName=TB_PROJETO) - start
13:29:21.105 [main] DEBUG org.dbunit.dataset.OrderedTableNameMap - getTableName(tableName=TB_PROJETO) - end - result=TB_PROJETO
13:29:21.105 [main] DEBUG org.dbunit.dataset.AbstractTableMetaData - getColumnIndex(columnName=ID_PROJETO) - start
13:29:21.105 [main] DEBUG org.dbunit.dataset.AbstractTableMetaData - getColumnIndex(columnName=NOME_PROJETO) - start
13:29:21.105 [main] DEBUG org.dbunit.dataset.AbstractTableMetaData - getColumnIndex(columnName=DESCRICAO_PROJETO) - start
13:29:21.105 [main] DEBUG org.dbunit.dataset.AbstractTableMetaData - getColumnIndex(columnName=ID_CLIENTE) - start
13:29:21.105 [main] DEBUG org.dbunit.dataset.AbstractTableMetaData - getColumnIndex(columnName=ID_CALENDARIO) - start
13:29:21.105 [main] DEBUG org.dbunit.dataset.AbstractTableMetaData - getColumnIndex(columnName=ID_RELATORIO) - start
13:29:21.105 [main] DEBUG org.dbunit.dataset.xml.FlatXmlProducer - endElement(uri=, localName=, qName=TB_PROJETO) - start
13:29:21.106 [main] DEBUG org.dbunit.dataset.xml.FlatXmlProducer - startElement(uri=, localName=, qName=TB_DOCUMENTO, attributes=com.sun.org.apache.xerces.internal.parsers.AbstractSAXParser$AttributesProxy@59429fac) - start
13:29:21.106 [main] DEBUG org.dbunit.dataset.OrderedTableNameMap - getLastTableName() - start
13:29:21.106 [main] DEBUG org.dbunit.dataset.OrderedTableNameMap - getTableName(tableName=TB_PROJETO) - start
13:29:21.106 [main] DEBUG org.dbunit.dataset.OrderedTableNameMap - getTableName(tableName=TB_PROJETO) - end - result=TB_PROJETO
13:29:21.106 [main] DEBUG org.dbunit.dataset.OrderedTableNameMap - isLastTable(tableName=TB_DOCUMENTO) - start
13:29:21.106 [main] DEBUG org.dbunit.dataset.OrderedTableNameMap - getLastTableName() - start
[...]
13:29:21.600 [main] DEBUG org.dbunit.dataset.DefaultTable - getValue(row=1, column=ID_PROJETO) - start
13:29:21.600 [main] DEBUG org.dbunit.dataset.AbstractTable - assertValidRowIndex(row=1) - start
13:29:21.600 [main] DEBUG org.dbunit.dataset.AbstractTable - assertValidRowIndex(row=1, rowCount=2) - start
13:29:21.600 [main] DEBUG org.dbunit.dataset.AbstractTable - getColumnIndex(columnName=ID_PROJETO) - start
13:29:21.600 [main] DEBUG org.dbunit.dataset.AbstractTableMetaData - getColumnIndex(columnName=ID_PROJETO) - start
13:29:21.600 [main] DEBUG org.dbunit.dataset.DefaultTable - getValue(row=1, column=ID_TAREFA) - start
13:29:21.600 [main] DEBUG org.dbunit.dataset.AbstractTable - assertValidRowIndex(row=1) - start
13:29:21.600 [main] DEBUG org.dbunit.dataset.AbstractTable - assertValidRowIndex(row=1, rowCount=2) - start
13:29:21.600 [main] DEBUG org.dbunit.dataset.AbstractTable - getColumnIndex(columnName=ID_TAREFA) - start
13:29:21.600 [main] DEBUG org.dbunit.dataset.AbstractTableMetaData - getColumnIndex(columnName=ID_TAREFA) - start
13:29:21.600 [main] DEBUG org.dbunit.database.statement.AutomaticPreparedBatchStatement - addValue(value=2, dataType=BIGINT) - start
13:29:21.600 [main] DEBUG org.dbunit.database.statement.SimplePreparedStatement - addValue(value=2, dataType=BIGINT) - start
13:29:21.600 [main] DEBUG org.dbunit.dataset.datatype.BigIntegerDataType - setSqlValue(value=2, column=1, statement=org.apache.derby.client.am.ClientPreparedStatement42@cc239ba) - start
13:29:21.600 [main] DEBUG org.dbunit.dataset.datatype.BigIntegerDataType - typeCast(value=2) - start
13:29:21.600 [main] DEBUG org.dbunit.dataset.DefaultTable - getValue(row=1, column=NOME_TAREFA) - start
13:29:21.600 [main] DEBUG org.dbunit.dataset.AbstractTable - assertValidRowIndex(row=1) - start
13:29:21.600 [main] DEBUG org.dbunit.dataset.AbstractTable - assertValidRowIndex(row=1, rowCount=2) - start
13:29:21.600 [main] DEBUG org.dbunit.dataset.AbstractTable - getColumnIndex(columnName=NOME_TAREFA) - start
13:29:21.600 [main] DEBUG org.dbunit.dataset.AbstractTableMetaData - getColumnIndex(columnName=NOME_TAREFA) - start
13:29:21.600 [main] DEBUG org.dbunit.database.statement.AutomaticPreparedBatchStatement - addValue(value=Design Review, dataType=VARCHAR) - start
13:29:21.600 [main] DEBUG org.dbunit.database.statement.SimplePreparedStatement - addValue(value=Design Review, dataType=VARCHAR) - start
13:29:21.600 [main] DEBUG org.dbunit.dataset.datatype.StringDataType - setSqlValue(value=Design Review, column=2, statement=org.apache.derby.client.am.ClientPreparedStatement42@cc239ba) - start
13:29:21.600 [main] DEBUG org.dbunit.dataset.datatype.DataType - asString(value=Design Review) - start
13:29:21.600 [main] DEBUG org.dbunit.dataset.datatype.StringDataType - typeCast(value=Design Review) - start
13:29:21.601 [main] DEBUG org.dbunit.dataset.DefaultTable - getValue(row=1, column=DESCRICAO_TAREFA) - start
13:29:21.601 [main] DEBUG org.dbunit.dataset.AbstractTable - assertValidRowIndex(row=1) - start
13:29:21.601 [main] DEBUG org.dbunit.dataset.AbstractTable - assertValidRowIndex(row=1, rowCount=2) - start
13:29:21.601 [main] DEBUG org.dbunit.dataset.AbstractTable - getColumnIndex(columnName=DESCRICAO_TAREFA) - start
13:29:21.601 [main] DEBUG org.dbunit.dataset.AbstractTableMetaData - getColumnIndex(columnName=DESCRICAO_TAREFA) - start
13:29:21.601 [main] DEBUG org.dbunit.database.statement.AutomaticPreparedBatchStatement - addValue(value=Review the initial designs, dataType=VARCHAR) - start
13:29:21.601 [main] DEBUG org.dbunit.database.statement.SimplePreparedStatement - addValue(value=Review the initial designs, dataType=VARCHAR) - start
13:29:21.601 [main] DEBUG org.dbunit.dataset.datatype.StringDataType - setSqlValue(value=Review the initial designs, column=3, statement=org.apache.derby.client.am.ClientPreparedStatement42@cc239ba) - start
13:29:21.601 [main] DEBUG org.dbunit.dataset.datatype.DataType - asString(value=Review the initial designs) - start
13:29:21.601 [main] DEBUG org.dbunit.dataset.datatype.StringDataType - typeCast(value=Review the initial designs) - start
13:29:21.601 [main] DEBUG org.dbunit.dataset.DefaultTable - getValue(row=1, column=DATA_INICIO_TAREFA) - start
13:29:21.601 [main] DEBUG org.dbunit.dataset.AbstractTable - assertValidRowIndex(row=1) - start
13:29:21.601 [main] DEBUG org.dbunit.dataset.AbstractTable - assertValidRowIndex(row=1, rowCount=2) - start
13:29:21.601 [main] DEBUG org.dbunit.dataset.AbstractTable - getColumnIndex(columnName=DATA_INICIO_TAREFA) - start
13:29:21.601 [main] DEBUG org.dbunit.dataset.AbstractTableMetaData - getColumnIndex(columnName=DATA_INICIO_TAREFA) - start
13:29:21.601 [main] DEBUG org.dbunit.database.statement.AutomaticPreparedBatchStatement - addValue(value=2024-02-01, dataType=DATE) - start
13:29:21.601 [main] DEBUG org.dbunit.database.statement.SimplePreparedStatement - addValue(value=2024-02-01, dataType=DATE) - start
13:29:21.601 [main] DEBUG org.dbunit.dataset.datatype.DateDataType - setSqlValue(value=2024-02-01, column=4, statement=org.apache.derby.client.am.ClientPreparedStatement42@cc239ba) - start
13:29:21.601 [main] DEBUG org.dbunit.dataset.datatype.DateDataType - typeCast(value=2024-02-01) - start
13:29:21.601 [main] DEBUG org.dbunit.dataset.DefaultTable - getValue(row=1, column=PRIORIDADE_TAREFA) - start
13:29:21.601 [main] DEBUG org.dbunit.dataset.AbstractTable - assertValidRowIndex(row=1) - start
13:29:21.601 [main] DEBUG org.dbunit.dataset.AbstractTable - assertValidRowIndex(row=1, rowCount=2) - start
13:29:21.601 [main] DEBUG org.dbunit.dataset.AbstractTable - getColumnIndex(columnName=PRIORIDADE_TAREFA) - start
13:29:21.601 [main] DEBUG org.dbunit.dataset.AbstractTableMetaData - getColumnIndex(columnName=PRIORIDADE_TAREFA) - start
13:29:21.601 [main] DEBUG org.dbunit.database.statement.AutomaticPreparedBatchStatement - addValue(value=Medium, dataType=VARCHAR) - start
13:29:21.601 [main] DEBUG org.dbunit.database.statement.SimplePreparedStatement - addValue(value=Medium, dataType=VARCHAR) - start
13:29:21.602 [main] DEBUG org.dbunit.dataset.datatype.StringDataType - setSqlValue(value=Medium, column=5, statement=org.apache.derby.client.am.ClientPreparedStatement42@cc239ba) - start
13:29:21.602 [main] DEBUG org.dbunit.dataset.datatype.DataType - asString(value=Medium) - start
13:29:21.602 [main] DEBUG org.dbunit.dataset.datatype.StringDataType - typeCast(value=Medium) - start
13:29:21.602 [main] DEBUG org.dbunit.dataset.DefaultTable - getValue(row=1, column=TIPO_STATUS) - start
13:29:21.602 [main] DEBUG org.dbunit.dataset.AbstractTable - assertValidRowIndex(row=1) - start
13:29:21.602 [main] DEBUG org.dbunit.dataset.AbstractTable - assertValidRowIndex(row=1, rowCount=2) - start
13:29:21.602 [main] DEBUG org.dbunit.dataset.AbstractTable - getColumnIndex(columnName=TIPO_STATUS) - start
13:29:21.602 [main] DEBUG org.dbunit.dataset.AbstractTableMetaData - getColumnIndex(columnName=TIPO_STATUS) - start
13:29:21.602 [main] DEBUG org.dbunit.database.statement.AutomaticPreparedBatchStatement - addValue(value=PENDING, dataType=VARCHAR) - start
13:29:21.602 [main] DEBUG org.dbunit.database.statement.SimplePreparedStatement - addValue(value=PENDING, dataType=VARCHAR) - start
13:29:21.602 [main] DEBUG org.dbunit.dataset.datatype.StringDataType - setSqlValue(value=PENDING, column=6, statement=org.apache.derby.client.am.ClientPreparedStatement42@cc239ba) - start
13:29:21.602 [main] DEBUG org.dbunit.dataset.datatype.DataType - asString(value=PENDING) - start
13:29:21.602 [main] DEBUG org.dbunit.dataset.datatype.StringDataType - typeCast(value=PENDING) - start
13:29:21.602 [main] DEBUG org.dbunit.dataset.DefaultTable - getValue(row=1, column=USUARIO_ID) - start
13:29:21.602 [main] DEBUG org.dbunit.dataset.AbstractTable - assertValidRowIndex(row=1) - start
13:29:21.602 [main] DEBUG org.dbunit.dataset.AbstractTable - assertValidRowIndex(row=1, rowCount=2) - start
13:29:21.602 [main] DEBUG org.dbunit.dataset.AbstractTable - getColumnIndex(columnName=USUARIO_ID) - start
13:29:21.602 [main] DEBUG org.dbunit.dataset.AbstractTableMetaData - getColumnIndex(columnName=USUARIO_ID) - start
13:29:21.602 [main] DEBUG org.dbunit.database.statement.AutomaticPreparedBatchStatement - addValue(value=2, dataType=BIGINT) - start
13:29:21.602 [main] DEBUG org.dbunit.database.statement.SimplePreparedStatement - addValue(value=2, dataType=BIGINT) - start
13:29:21.602 [main] DEBUG org.dbunit.dataset.datatype.BigIntegerDataType - setSqlValue(value=2, column=7, statement=org.apache.derby.client.am.ClientPreparedStatement42@cc239ba) - start
13:29:21.602 [main] DEBUG org.dbunit.dataset.datatype.BigIntegerDataType - typeCast(value=2) - start
13:29:21.602 [main] DEBUG org.dbunit.dataset.DefaultTable - getValue(row=1, column=ID_PROJETO) - start
13:29:21.602 [main] DEBUG org.dbunit.dataset.AbstractTable - assertValidRowIndex(row=1) - start
13:29:21.602 [main] DEBUG org.dbunit.dataset.AbstractTable - assertValidRowIndex(row=1, rowCount=2) - start
13:29:21.602 [main] DEBUG org.dbunit.dataset.AbstractTable - getColumnIndex(columnName=ID_PROJETO) - start
13:29:21.602 [main] DEBUG org.dbunit.dataset.AbstractTableMetaData - getColumnIndex(columnName=ID_PROJETO) - start
13:29:21.602 [main] DEBUG org.dbunit.database.statement.AutomaticPreparedBatchStatement - addValue(value=20, dataType=BIGINT) - start
13:29:21.602 [main] DEBUG org.dbunit.database.statement.SimplePreparedStatement - addValue(value=20, dataType=BIGINT) - start
13:29:21.602 [main] DEBUG org.dbunit.dataset.datatype.BigIntegerDataType - setSqlValue(value=20, column=8, statement=org.apache.derby.client.am.ClientPreparedStatement42@cc239ba) - start
13:29:21.602 [main] DEBUG org.dbunit.dataset.datatype.BigIntegerDataType - typeCast(value=20) - start
13:29:21.602 [main] DEBUG org.dbunit.database.statement.AutomaticPreparedBatchStatement - addBatch() - start
13:29:21.603 [main] DEBUG org.dbunit.database.statement.SimplePreparedStatement - addBatch() - start
13:29:21.605 [main] DEBUG org.dbunit.operation.InsertOperation - equalsIgnoreMapping(ignoreMapping={}, table=org.dbunit.dataset.DefaultTable[_metaData=tableName=TB_TAREFA, columns=[(ID_TAREFA, UNKNOWN, nullableUnknown), (NOME_TAREFA, UNKNOWN, nullableUnknown), (DESCRICAO_TAREFA, UNKNOWN, nullableUnknown), (DATA_INICIO_TAREFA, UNKNOWN, nullableUnknown), (PRIORIDADE_TAREFA, UNKNOWN, nullableUnknown), (TIPO_STATUS, UNKNOWN, nullableUnknown), (USUARIO_ID, UNKNOWN, nullableUnknown), (ID_PROJETO, UNKNOWN, nullableUnknown)], keys=[], _rowList.size()=2], row=2) - start
13:29:21.605 [main] DEBUG org.dbunit.dataset.DefaultTable - getValue(row=2, column=ID_TAREFA) - start
13:29:21.605 [main] DEBUG org.dbunit.dataset.AbstractTable - assertValidRowIndex(row=2) - start
13:29:21.605 [main] DEBUG org.dbunit.dataset.AbstractTable - assertValidRowIndex(row=2, rowCount=2) - start
13:29:21.606 [main] DEBUG org.dbunit.database.statement.AutomaticPreparedBatchStatement - executeBatch() - start
13:29:21.606 [main] DEBUG org.dbunit.database.statement.SimplePreparedStatement - executeBatch() - start
13:29:21.606 [main] DEBUG org.dbunit.database.statement.SimplePreparedStatement - clearBatch() - start
13:29:21.606 [main] DEBUG org.dbunit.database.statement.AutomaticPreparedBatchStatement - clearBatch() - start
13:29:21.606 [main] DEBUG org.dbunit.database.statement.SimplePreparedStatement - clearBatch() - start
13:29:21.606 [main] DEBUG org.dbunit.database.statement.AutomaticPreparedBatchStatement - close() - start
13:29:21.606 [main] DEBUG org.dbunit.database.statement.AbstractPreparedBatchStatement - close() - start
13:29:21.608 [main] DEBUG org.dbunit.database.DatabaseConnection - close() - start
[EL Fine]: sql: 2024-12-20 13:29:22.144--ServerSession(1384210339)--Connection(51376124)--Thread(Thread[#1,main,5,main])--SELECT ID_RELATORIO, AUTOR_RELATORIO, CONTEUDO_RELATORIO, DATA_CRIACAO_RELATORIO, DESCRICAO_RELATORIO, TITULO_RELATORIO FROM TB_RELATORIO WHERE (TITULO_RELATORIO = ?)
	bind => [Relatório de Kubernetes]
]]></system-out>
    <system-err><![CDATA[dez. 20, 2024 1:29:19 PM tests.GenericTest setUpClass
INFO: Inicializando EntityManagerFactory...
dez. 20, 2024 1:29:21 PM tests.GenericTest setUpClass
INFO: EntityManagerFactory inicializado com sucesso.
dez. 20, 2024 1:29:21 PM tests.GenericTest setUpClass
INFO: Inserindo dados de teste...
dez. 20, 2024 1:29:21 PM tests.GenericTest setUpClass
INFO: Dados de teste inseridos com sucesso.
dez. 20, 2024 1:29:21 PM tests.GenericTest setUp
INFO: Criando EntityManager...
dez. 20, 2024 1:29:21 PM tests.GenericTest beginTransaction
INFO: Iniciando transação...
dez. 20, 2024 1:29:21 PM tests.RelatorioCRUDTest atualizarRelatorio
INFO: Executando atualizarRelatorio()
dez. 20, 2024 1:29:22 PM tests.GenericTest commitTransaction
WARNING: Nenhuma transação ativa para commit.
dez. 20, 2024 1:29:22 PM tests.GenericTest tearDown
INFO: Fechando EntityManager...
dez. 20, 2024 1:29:22 PM tests.GenericTest tearDown
INFO: EntityManager fechado com sucesso.
]]></system-err>
  </testcase>
  <testcase name="removerRelatorio" classname="tests.RelatorioCRUDTest" time="0.007">
    <error message="getSingleResult() did not retrieve any entities." type="jakarta.persistence.NoResultException"><![CDATA[jakarta.persistence.NoResultException: getSingleResult() did not retrieve any entities.
	at org.eclipse.persistence.internal.jpa.QueryImpl.throwNoResultException(QueryImpl.java:980)
	at org.eclipse.persistence.internal.jpa.QueryImpl.getSingleResult(QueryImpl.java:536)
	at org.eclipse.persistence.internal.jpa.EJBQueryImpl.getSingleResult(EJBQueryImpl.java:400)
	at tests.RelatorioCRUDTest.removerRelatorio(RelatorioCRUDTest.java:141)
	at java.base/java.lang.reflect.Method.invoke(Method.java:580)
	at java.base/java.util.ArrayList.forEach(ArrayList.java:1596)
	at java.base/java.util.ArrayList.forEach(ArrayList.java:1596)
]]></error>
    <system-out><![CDATA[[EL Fine]: sql: 2024-12-20 13:29:22.178--ServerSession(1384210339)--Connection(51376124)--Thread(Thread[#1,main,5,main])--SELECT ID_RELATORIO, AUTOR_RELATORIO, CONTEUDO_RELATORIO, DATA_CRIACAO_RELATORIO, DESCRICAO_RELATORIO, TITULO_RELATORIO FROM TB_RELATORIO WHERE (TITULO_RELATORIO = ?)
	bind => [Relatório de Kubernetes]
]]></system-out>
    <system-err><![CDATA[dez. 20, 2024 1:29:22 PM tests.GenericTest setUp
INFO: Criando EntityManager...
dez. 20, 2024 1:29:22 PM tests.GenericTest beginTransaction
INFO: Iniciando transação...
dez. 20, 2024 1:29:22 PM tests.RelatorioCRUDTest removerRelatorio
INFO: Executando removerRelatorio()
dez. 20, 2024 1:29:22 PM tests.GenericTest commitTransaction
WARNING: Nenhuma transação ativa para commit.
dez. 20, 2024 1:29:22 PM tests.GenericTest tearDown
INFO: Fechando EntityManager...
dez. 20, 2024 1:29:22 PM tests.GenericTest tearDown
INFO: EntityManager fechado com sucesso.
]]></system-err>
  </testcase>
  <testcase name="consultarRelatorioComRelacionamento" classname="tests.RelatorioCRUDTest" time="0.008">
    <error message="getSingleResult() did not retrieve any entities." type="jakarta.persistence.NoResultException"><![CDATA[jakarta.persistence.NoResultException: getSingleResult() did not retrieve any entities.
	at org.eclipse.persistence.internal.jpa.QueryImpl.throwNoResultException(QueryImpl.java:980)
	at org.eclipse.persistence.internal.jpa.QueryImpl.getSingleResult(QueryImpl.java:536)
	at org.eclipse.persistence.internal.jpa.EJBQueryImpl.getSingleResult(EJBQueryImpl.java:400)
	at tests.RelatorioCRUDTest.consultarRelatorioComRelacionamento(RelatorioCRUDTest.java:168)
	at java.base/java.lang.reflect.Method.invoke(Method.java:580)
	at java.base/java.util.ArrayList.forEach(ArrayList.java:1596)
	at java.base/java.util.ArrayList.forEach(ArrayList.java:1596)
]]></error>
    <system-out><![CDATA[[EL Fine]: sql: 2024-12-20 13:29:22.185--ServerSession(1384210339)--Connection(51376124)--Thread(Thread[#1,main,5,main])--SELECT ID_RELATORIO, AUTOR_RELATORIO, CONTEUDO_RELATORIO, DATA_CRIACAO_RELATORIO, DESCRICAO_RELATORIO, TITULO_RELATORIO FROM TB_RELATORIO WHERE (TITULO_RELATORIO = ?)
	bind => [Relatório de Kubernetes]
]]></system-out>
    <system-err><![CDATA[dez. 20, 2024 1:29:22 PM tests.GenericTest setUp
INFO: Criando EntityManager...
dez. 20, 2024 1:29:22 PM tests.GenericTest beginTransaction
INFO: Iniciando transação...
dez. 20, 2024 1:29:22 PM tests.RelatorioCRUDTest consultarRelatorioComRelacionamento
INFO: Executando consultarRelatorioComRelacionamento()
dez. 20, 2024 1:29:22 PM tests.GenericTest commitTransaction
WARNING: Nenhuma transação ativa para commit.
dez. 20, 2024 1:29:22 PM tests.GenericTest tearDown
INFO: Fechando EntityManager...
dez. 20, 2024 1:29:22 PM tests.GenericTest tearDown
INFO: EntityManager fechado com sucesso.
]]></system-err>
  </testcase>
  <testcase name="persistirRelatorio" classname="tests.RelatorioCRUDTest" time="0.146">
    <system-out><![CDATA[[EL Fine]: sql: 2024-12-20 13:29:22.304--ClientSession(927159199)--Connection(51376124)--Thread(Thread[#1,main,5,main])--INSERT INTO TB_CALENDARIO (DATA_FIM, DATA_INICIO, HORAS_TOTAIS) VALUES (?, ?, ?)
	bind => [2024-12-31, 2024-01-01, 2000]
[EL Fine]: sql: 2024-12-20 13:29:22.311--ClientSession(927159199)--Connection(51376124)--Thread(Thread[#1,main,5,main])--INSERT INTO TB_CLIENTE (CNPJ_CLIENTE, EMAIL_CLIENTE, NOME_CLIENTE) VALUES (?, ?, ?)
	bind => [12.345.678/0001-90, contato@empresaabc.com, Empresa ABC]
[EL Fine]: sql: 2024-12-20 13:29:22.314--ClientSession(927159199)--Connection(51376124)--Thread(Thread[#1,main,5,main])--INSERT INTO TB_RELATORIO (AUTOR_RELATORIO, CONTEUDO_RELATORIO, DATA_CRIACAO_RELATORIO, DESCRICAO_RELATORIO, TITULO_RELATORIO) VALUES (?, ?, ?, ?, ?)
	bind => [Emily Carter, Conteúdo detalhado sobre Kubernetes e orquestração de containers., 2024-12-20, Relatório técnico sobre Kubernetes., Relatório de Kubernetes]
[EL Fine]: sql: 2024-12-20 13:29:22.318--ClientSession(927159199)--Connection(51376124)--Thread(Thread[#1,main,5,main])--INSERT INTO TB_PROJETO (DESCRICAO_PROJETO, NOME_PROJETO, ID_CLIENTE, ID_CALENDARIO, ID_RELATORIO) VALUES (?, ?, ?, ?, ?)
	bind => [Desenvolvimento de plataforma para orquestração de containers., Plataforma Kubernetes, 1, 1, 1]
]]></system-out>
    <system-err><![CDATA[dez. 20, 2024 1:29:22 PM tests.GenericTest setUp
INFO: Criando EntityManager...
dez. 20, 2024 1:29:22 PM tests.GenericTest beginTransaction
INFO: Iniciando transação...
dez. 20, 2024 1:29:22 PM tests.RelatorioCRUDTest persistirRelatorio
INFO: Executando persistirRelatorio()
dez. 20, 2024 1:29:22 PM tests.GenericTest commitTransaction
WARNING: Nenhuma transação ativa para commit.
dez. 20, 2024 1:29:22 PM tests.GenericTest tearDown
INFO: Fechando EntityManager...
dez. 20, 2024 1:29:22 PM tests.GenericTest tearDown
INFO: EntityManager fechado com sucesso.
]]></system-err>
  </testcase>
  <testcase name="consultarRelatorioPorTitulo" classname="tests.RelatorioCRUDTest" time="0.013">
    <system-out><![CDATA[[EL Fine]: sql: 2024-12-20 13:29:22.342--ServerSession(1384210339)--Connection(51376124)--Thread(Thread[#1,main,5,main])--SELECT ID_RELATORIO, AUTOR_RELATORIO, CONTEUDO_RELATORIO, DATA_CRIACAO_RELATORIO, DESCRICAO_RELATORIO, TITULO_RELATORIO FROM TB_RELATORIO WHERE (TITULO_RELATORIO = ?)
	bind => [Relatório de Kubernetes]
]]></system-out>
    <system-err><![CDATA[dez. 20, 2024 1:29:22 PM tests.GenericTest setUp
INFO: Criando EntityManager...
dez. 20, 2024 1:29:22 PM tests.GenericTest beginTransaction
INFO: Iniciando transação...
dez. 20, 2024 1:29:22 PM tests.RelatorioCRUDTest consultarRelatorioPorTitulo
INFO: Executando consultarRelatorioPorTitulo()
dez. 20, 2024 1:29:22 PM tests.GenericTest commitTransaction
WARNING: Nenhuma transação ativa para commit.
dez. 20, 2024 1:29:22 PM tests.GenericTest tearDown
INFO: Fechando EntityManager...
dez. 20, 2024 1:29:22 PM tests.GenericTest tearDown
INFO: EntityManager fechado com sucesso.
]]></system-err>
  </testcase>
</testsuite>