<?xml version="1.0" encoding="UTF-8"?>
<testsuite xmlns:xsi="http://www.w3.org/2001/XMLSchema-instance" xsi:noNamespaceSchemaLocation="https://maven.apache.org/surefire/maven-surefire-plugin/xsd/surefire-test-report-3.0.xsd" version="3.0" name="tests.CalendarioCrudTest" time="1.843" tests="1" errors="1" skipped="0" failures="0">
  <properties>
[...]
</properties>
  <testcase name="" classname="tests.CalendarioCrudTest" time="1.843">
    <error message="Falha ao configurar o teste." type="java.lang.RuntimeException"><![CDATA[java.lang.RuntimeException: Falha ao configurar o teste.
	at tests.GenericTest.setUpClass(GenericTest.java:37)
	at java.base/java.lang.reflect.Method.invoke(Method.java:568)
	at java.base/java.util.ArrayList.forEach(ArrayList.java:1511)
Caused by: java.lang.RuntimeException: Exception processing table name='TB_PROJETO'
	at tests.DbUnitUtil.inserirDados(DbUnitUtil.java:39)
	at tests.GenericTest.setUpClass(GenericTest.java:32)
	... 2 more
Caused by: org.dbunit.DatabaseUnitException: Exception processing table name='TB_PROJETO'
	at org.dbunit.operation.AbstractBatchOperation.execute(AbstractBatchOperation.java:240)
	at org.dbunit.operation.CompositeOperation.execute(CompositeOperation.java:79)
	at tests.DbUnitUtil.inserirDados(DbUnitUtil.java:37)
	... 3 more
Caused by: java.sql.SQLIntegrityConstraintViolationException: A coluna 'ID_CALENDARIO' não aceita valor nulo.
	at org.apache.derby.client.am.SQLExceptionFactory.getSQLException(SQLExceptionFactory.java:79)
	at org.apache.derby.client.am.SqlException.getSQLException(SqlException.java:325)
	at org.apache.derby.client.am.ClientPreparedStatement.execute(ClientPreparedStatement.java:1616)
	at org.dbunit.database.statement.SimplePreparedStatement.addBatch(SimplePreparedStatement.java:85)
	at org.dbunit.database.statement.AutomaticPreparedBatchStatement.addBatch(AutomaticPreparedBatchStatement.java:70)
	at org.dbunit.operation.AbstractBatchOperation.execute(AbstractBatchOperation.java:224)
	... 5 more
Caused by: ERROR 23502: A coluna 'ID_CALENDARIO' não aceita valor nulo.
	at org.apache.derby.client.am.ClientStatement.completeExecute(ClientStatement.java:1868)
	at org.apache.derby.client.net.NetStatementReply.parseEXCSQLSTTreply(NetStatementReply.java:323)
	at org.apache.derby.client.net.NetStatementReply.readExecute(NetStatementReply.java:72)
	at org.apache.derby.client.net.StatementReply.readExecute(StatementReply.java:59)
	at org.apache.derby.client.net.NetPreparedStatement.readExecute_(NetPreparedStatement.java:167)
	at org.apache.derby.client.am.ClientPreparedStatement.readExecute(ClientPreparedStatement.java:1844)
	at org.apache.derby.client.am.ClientPreparedStatement.flowExecute(ClientPreparedStatement.java:2133)
	at org.apache.derby.client.am.ClientPreparedStatement.executeX(ClientPreparedStatement.java:1622)
	at org.apache.derby.client.am.ClientPreparedStatement.execute(ClientPreparedStatement.java:1607)
	... 8 more
]]></error>
    <system-out><![CDATA[[EL Fine]: server: 2024-12-20 02:06:14.19--Thread(Thread[main,5,main])--Configured server platform: org.eclipse.persistence.platform.server.NoServerPlatform
[EL Config]: metadata: 2024-12-20 02:06:14.363--ServerSession(1652764753)--Thread(Thread[main,5,main])--The access type for the persistent class [class entities.Recurso] is set to [FIELD].
[EL Config]: metadata: 2024-12-20 02:06:14.383--ServerSession(1652764753)--Thread(Thread[main,5,main])--The target entity (reference) class for the many to one mapping element [field projeto] is being defaulted to: class entities.Projeto.
[EL Config]: metadata: 2024-12-20 02:06:14.386--ServerSession(1652764753)--Thread(Thread[main,5,main])--The access type for the persistent class [class entities.Cliente] is set to [FIELD].
[EL Config]: metadata: 2024-12-20 02:06:14.39--ServerSession(1652764753)--Thread(Thread[main,5,main])--The target entity (reference) class for the one to many mapping element [field projetos] is being defaulted to: class entities.Projeto.
[EL Config]: metadata: 2024-12-20 02:06:14.393--ServerSession(1652764753)--Thread(Thread[main,5,main])--The target class (reference) class for the element collection mapping element [field telefones] is being defaulted to: class java.lang.String.
[EL Config]: metadata: 2024-12-20 02:06:14.394--ServerSession(1652764753)--Thread(Thread[main,5,main])--The access type for the persistent class [class entities.Documento] is set to [FIELD].
[EL Config]: metadata: 2024-12-20 02:06:14.395--ServerSession(1652764753)--Thread(Thread[main,5,main])--The target entity (reference) class for the many to one mapping element [field projeto] is being defaulted to: class entities.Projeto.
[EL Config]: metadata: 2024-12-20 02:06:14.395--ServerSession(1652764753)--Thread(Thread[main,5,main])--The access type for the persistent class [class entities.Projeto] is set to [FIELD].
[EL Config]: metadata: 2024-12-20 02:06:14.396--ServerSession(1652764753)--Thread(Thread[main,5,main])--The target entity (reference) class for the many to one mapping element [field cliente] is being defaulted to: class entities.Cliente.
[EL Config]: metadata: 2024-12-20 02:06:14.396--ServerSession(1652764753)--Thread(Thread[main,5,main])--The target entity (reference) class for the one to many mapping element [field documentos] is being defaulted to: class entities.Documento.
[EL Config]: metadata: 2024-12-20 02:06:14.396--ServerSession(1652764753)--Thread(Thread[main,5,main])--The target entity (reference) class for the many to many mapping element [field departamentos] is being defaulted to: class entities.Departamento.
[EL Config]: metadata: 2024-12-20 02:06:14.397--ServerSession(1652764753)--Thread(Thread[main,5,main])--The target entity (reference) class for the many to many mapping element [field fornecedores] is being defaulted to: class entities.Fornecedor.
[EL Config]: metadata: 2024-12-20 02:06:14.397--ServerSession(1652764753)--Thread(Thread[main,5,main])--The target entity (reference) class for the one to one mapping element [field calendario] is being defaulted to: class entities.Calendario.
[EL Config]: metadata: 2024-12-20 02:06:14.397--ServerSession(1652764753)--Thread(Thread[main,5,main])--The target entity (reference) class for the one to many mapping element [field recursos] is being defaulted to: class entities.Recurso.
[EL Config]: metadata: 2024-12-20 02:06:14.397--ServerSession(1652764753)--Thread(Thread[main,5,main])--The target entity (reference) class for the one to one mapping element [field relatorio] is being defaulted to: class entities.Relatorio.
[EL Config]: metadata: 2024-12-20 02:06:14.398--ServerSession(1652764753)--Thread(Thread[main,5,main])--The access type for the persistent class [class entities.Feriado] is set to [FIELD].
[EL Config]: metadata: 2024-12-20 02:06:14.398--ServerSession(1652764753)--Thread(Thread[main,5,main])--The access type for the persistent class [class entities.Usuario] is set to [FIELD].
[EL Config]: metadata: 2024-12-20 02:06:14.398--ServerSession(1652764753)--Thread(Thread[main,5,main])--The target entity (reference) class for the many to many mapping element [field perfis] is being defaulted to: class entities.Perfil.
[EL Config]: metadata: 2024-12-20 02:06:14.399--ServerSession(1652764753)--Thread(Thread[main,5,main])--The target entity (reference) class for the one to many mapping element [field tarefas] is being defaulted to: class entities.Tarefa.
[EL Config]: metadata: 2024-12-20 02:06:14.399--ServerSession(1652764753)--Thread(Thread[main,5,main])--The access type for the persistent class [class entities.Tarefa] is set to [FIELD].
[EL Config]: metadata: 2024-12-20 02:06:14.399--ServerSession(1652764753)--Thread(Thread[main,5,main])--The target entity (reference) class for the many to one mapping element [field projeto] is being defaulted to: class entities.Projeto.
[EL Config]: metadata: 2024-12-20 02:06:14.399--ServerSession(1652764753)--Thread(Thread[main,5,main])--The target entity (reference) class for the many to one mapping element [field usuarioResponsavel] is being defaulted to: class entities.Usuario.
[EL Config]: metadata: 2024-12-20 02:06:14.399--ServerSession(1652764753)--Thread(Thread[main,5,main])--The access type for the persistent class [class entities.Relatorio] is set to [FIELD].
[EL Config]: metadata: 2024-12-20 02:06:14.4--ServerSession(1652764753)--Thread(Thread[main,5,main])--The target entity (reference) class for the many to one mapping element [field projeto] is being defaulted to: class entities.Projeto.
[EL Config]: metadata: 2024-12-20 02:06:14.4--ServerSession(1652764753)--Thread(Thread[main,5,main])--The access type for the persistent class [class entities.Fornecedor] is set to [FIELD].
[EL Config]: metadata: 2024-12-20 02:06:14.4--ServerSession(1652764753)--Thread(Thread[main,5,main])--The target class (reference) class for the element collection mapping element [field enderecos] is being defaulted to: class java.lang.String.
[EL Config]: metadata: 2024-12-20 02:06:14.4--ServerSession(1652764753)--Thread(Thread[main,5,main])--The target entity (reference) class for the many to many mapping element [field projetos] is being defaulted to: class entities.Projeto.
[EL Config]: metadata: 2024-12-20 02:06:14.401--ServerSession(1652764753)--Thread(Thread[main,5,main])--The target class (reference) class for the element collection mapping element [field telefones] is being defaulted to: class java.lang.String.
[EL Config]: metadata: 2024-12-20 02:06:14.401--ServerSession(1652764753)--Thread(Thread[main,5,main])--The access type for the persistent class [class entities.Departamento] is set to [FIELD].
[EL Config]: metadata: 2024-12-20 02:06:14.401--ServerSession(1652764753)--Thread(Thread[main,5,main])--The target entity (reference) class for the many to many mapping element [field projetos] is being defaulted to: class entities.Projeto.
[EL Config]: metadata: 2024-12-20 02:06:14.402--ServerSession(1652764753)--Thread(Thread[main,5,main])--The access type for the persistent class [class entities.Perfil] is set to [FIELD].
[EL Config]: metadata: 2024-12-20 02:06:14.402--ServerSession(1652764753)--Thread(Thread[main,5,main])--The target entity (reference) class for the many to many mapping element [field usuarios] is being defaulted to: class entities.Usuario.
[EL Config]: metadata: 2024-12-20 02:06:14.402--ServerSession(1652764753)--Thread(Thread[main,5,main])--The access type for the persistent class [class entities.Calendario] is set to [FIELD].
[EL Config]: metadata: 2024-12-20 02:06:14.402--ServerSession(1652764753)--Thread(Thread[main,5,main])--The target entity (reference) class for the one to one mapping element [field projeto] is being defaulted to: class entities.Projeto.
[EL Config]: metadata: 2024-12-20 02:06:14.403--ServerSession(1652764753)--Thread(Thread[main,5,main])--The alias name for the entity class [class entities.Recurso] is being defaulted to: Recurso.
[EL Config]: metadata: 2024-12-20 02:06:14.414--ServerSession(1652764753)--Thread(Thread[main,5,main])--The alias name for the entity class [class entities.Cliente] is being defaulted to: Cliente.
[EL Config]: metadata: 2024-12-20 02:06:14.414--ServerSession(1652764753)--Thread(Thread[main,5,main])--The alias name for the entity class [class entities.Documento] is being defaulted to: Documento.
[EL Config]: metadata: 2024-12-20 02:06:14.418--ServerSession(1652764753)--Thread(Thread[main,5,main])--The alias name for the entity class [class entities.Projeto] is being defaulted to: Projeto.
[EL Config]: metadata: 2024-12-20 02:06:14.418--ServerSession(1652764753)--Thread(Thread[main,5,main])--The alias name for the entity class [class entities.Feriado] is being defaulted to: Feriado.
[EL Config]: metadata: 2024-12-20 02:06:14.419--ServerSession(1652764753)--Thread(Thread[main,5,main])--The alias name for the entity class [class entities.Usuario] is being defaulted to: Usuario.
[EL Config]: metadata: 2024-12-20 02:06:14.419--ServerSession(1652764753)--Thread(Thread[main,5,main])--The alias name for the entity class [class entities.Tarefa] is being defaulted to: Tarefa.
[EL Config]: metadata: 2024-12-20 02:06:14.419--ServerSession(1652764753)--Thread(Thread[main,5,main])--The alias name for the entity class [class entities.Relatorio] is being defaulted to: Relatorio.
[EL Config]: metadata: 2024-12-20 02:06:14.42--ServerSession(1652764753)--Thread(Thread[main,5,main])--The alias name for the entity class [class entities.Fornecedor] is being defaulted to: Fornecedor.
[EL Config]: metadata: 2024-12-20 02:06:14.42--ServerSession(1652764753)--Thread(Thread[main,5,main])--The alias name for the entity class [class entities.Departamento] is being defaulted to: Departamento.
[EL Config]: metadata: 2024-12-20 02:06:14.42--ServerSession(1652764753)--Thread(Thread[main,5,main])--The alias name for the entity class [class entities.Perfil] is being defaulted to: Perfil.
[EL Config]: metadata: 2024-12-20 02:06:14.421--ServerSession(1652764753)--Thread(Thread[main,5,main])--The alias name for the entity class [class entities.Calendario] is being defaulted to: Calendario.
[EL Config]: metadata: 2024-12-20 02:06:14.433--ServerSession(1652764753)--Thread(Thread[main,5,main])--The primary key column name for the mapping element [field telefones] is being defaulted to: ID_CLIENTE.
[EL Config]: metadata: 2024-12-20 02:06:14.436--ServerSession(1652764753)--Thread(Thread[main,5,main])--The primary key column name for the mapping element [field enderecos] is being defaulted to: ID_FORNECEDOR.
[EL Config]: metadata: 2024-12-20 02:06:14.437--ServerSession(1652764753)--Thread(Thread[main,5,main])--The primary key column name for the mapping element [field telefones] is being defaulted to: ID_FORNECEDOR.
[EL Config]: metadata: 2024-12-20 02:06:14.445--ServerSession(1652764753)--Thread(Thread[main,5,main])--The primary key column name for the mapping element [field projeto] is being defaulted to: ID_PROJETO.
[EL Config]: metadata: 2024-12-20 02:06:14.445--ServerSession(1652764753)--Thread(Thread[main,5,main])--The primary key column name for the mapping element [field projeto] is being defaulted to: ID_PROJETO.
[EL Config]: metadata: 2024-12-20 02:06:14.446--ServerSession(1652764753)--Thread(Thread[main,5,main])--The primary key column name for the mapping element [field cliente] is being defaulted to: ID_CLIENTE.
[EL Config]: metadata: 2024-12-20 02:06:14.449--ServerSession(1652764753)--Thread(Thread[main,5,main])--The source primary key column name for the many to many mapping [field fornecedores] is being defaulted to: ID_PROJETO.
[EL Config]: metadata: 2024-12-20 02:06:14.449--ServerSession(1652764753)--Thread(Thread[main,5,main])--The target primary key column name for the many to many mapping [field fornecedores] is being defaulted to: ID_FORNECEDOR.
[EL Config]: metadata: 2024-12-20 02:06:14.45--ServerSession(1652764753)--Thread(Thread[main,5,main])--The primary key column name for the mapping element [field calendario] is being defaulted to: ID_CALENDARIO.
[EL Config]: metadata: 2024-12-20 02:06:14.45--ServerSession(1652764753)--Thread(Thread[main,5,main])--The primary key column name for the mapping element [field relatorio] is being defaulted to: ID_RELATORIO.
[EL Config]: metadata: 2024-12-20 02:06:14.45--ServerSession(1652764753)--Thread(Thread[main,5,main])--The source primary key column name for the many to many mapping [field perfis] is being defaulted to: ID_USUARIO.
[EL Config]: metadata: 2024-12-20 02:06:14.451--ServerSession(1652764753)--Thread(Thread[main,5,main])--The target primary key column name for the many to many mapping [field perfis] is being defaulted to: ID_PERFIL.
[EL Config]: metadata: 2024-12-20 02:06:14.451--ServerSession(1652764753)--Thread(Thread[main,5,main])--The primary key column name for the mapping element [field projeto] is being defaulted to: ID_PROJETO.
[EL Config]: metadata: 2024-12-20 02:06:14.451--ServerSession(1652764753)--Thread(Thread[main,5,main])--The primary key column name for the mapping element [field usuarioResponsavel] is being defaulted to: ID_USUARIO.
[EL Config]: metadata: 2024-12-20 02:06:14.451--ServerSession(1652764753)--Thread(Thread[main,5,main])--The primary key column name for the mapping element [field projeto] is being defaulted to: ID_PROJETO.
[EL Config]: metadata: 2024-12-20 02:06:14.451--ServerSession(1652764753)--Thread(Thread[main,5,main])--The source primary key column name for the many to many mapping [field projetos] is being defaulted to: ID_DEPARTAMENTO.
[EL Config]: metadata: 2024-12-20 02:06:14.451--ServerSession(1652764753)--Thread(Thread[main,5,main])--The target primary key column name for the many to many mapping [field projetos] is being defaulted to: ID_PROJETO.
02:06:14.565 [main] DEBUG org.jboss.logging - Logging Provider: org.jboss.logging.Slf4jLoggerProvider
02:06:14.569 [main] INFO org.hibernate.validator.internal.util.Version - HV000001: Hibernate Validator 8.0.1.Final
02:06:14.579 [main] DEBUG org.hibernate.validator.internal.xml.config.ValidationXmlParser - Trying to load META-INF/validation.xml for XML based Validator configuration.
02:06:14.579 [main] DEBUG org.hibernate.validator.internal.xml.config.ResourceLoaderHelper - Trying to load META-INF/validation.xml via user class loader
02:06:14.580 [main] DEBUG org.hibernate.validator.internal.xml.config.ResourceLoaderHelper - Trying to load META-INF/validation.xml via TCCL
02:06:14.580 [main] DEBUG org.hibernate.validator.internal.xml.config.ResourceLoaderHelper - Trying to load META-INF/validation.xml via Hibernate Validator's class loader
02:06:14.581 [main] DEBUG org.hibernate.validator.internal.xml.config.ValidationXmlParser - No META-INF/validation.xml found. Using annotation based configuration only.
02:06:14.584 [main] DEBUG org.hibernate.validator.internal.engine.resolver.TraversableResolvers - Found jakarta.persistence.Persistence on classpath containing 'getPersistenceUtil'. Assuming JPA 2 environment. Trying to instantiate JPA aware TraversableResolver
02:06:14.585 [main] DEBUG org.hibernate.validator.internal.engine.resolver.TraversableResolvers - Instantiated JPA aware TraversableResolver of type org.hibernate.validator.internal.engine.resolver.JPATraversableResolver.
02:06:14.603 [main] DEBUG org.hibernate.validator.messageinterpolation.ResourceBundleMessageInterpolator - Loaded expression factory via original TCCL
02:06:14.689 [main] DEBUG org.hibernate.validator.internal.engine.ValidatorFactoryConfigurationHelper - HV000252: Using org.hibernate.validator.internal.engine.DefaultPropertyNodeNameProvider as property node name provider.
02:06:14.693 [main] DEBUG org.hibernate.validator.internal.engine.ValidatorFactoryConfigurationHelper - HV000234: Using org.hibernate.validator.messageinterpolation.ResourceBundleMessageInterpolator as ValidatorFactory-scoped message interpolator.
02:06:14.693 [main] DEBUG org.hibernate.validator.internal.engine.ValidatorFactoryConfigurationHelper - HV000234: Using org.hibernate.validator.internal.engine.resolver.JPATraversableResolver as ValidatorFactory-scoped traversable resolver.
02:06:14.693 [main] DEBUG org.hibernate.validator.internal.engine.ValidatorFactoryConfigurationHelper - HV000234: Using org.hibernate.validator.internal.util.ExecutableParameterNameProvider as ValidatorFactory-scoped parameter name provider.
02:06:14.694 [main] DEBUG org.hibernate.validator.internal.engine.ValidatorFactoryConfigurationHelper - HV000234: Using org.hibernate.validator.internal.engine.DefaultClockProvider as ValidatorFactory-scoped clock provider.
02:06:14.694 [main] DEBUG org.hibernate.validator.internal.engine.ValidatorFactoryConfigurationHelper - HV000234: Using org.hibernate.validator.internal.engine.scripting.DefaultScriptEvaluatorFactory as ValidatorFactory-scoped script evaluator factory.
[EL Info]: 2024-12-20 02:06:14.753--ServerSession(1652764753)--Thread(Thread[main,5,main])--EclipseLink, version: Eclipse Persistence Services - 4.0.4.v202407190748-059428cdd2583c46f1f3e50d235854840a6fa9a7
[EL Fine]: connection: 2024-12-20 02:06:14.759--ServerSession(1652764753)--Connection(1917442783)--Thread(Thread[main,5,main])--connecting(DatabaseLogin(
	platform=>DerbyPlatform
	user name=> "adm"
	datasource URL=> "jdbc:derby://localhost:1527/carga_trabalho;create=true"
))
[EL Config]: connection: 2024-12-20 02:06:14.938--ServerSession(1652764753)--Connection(1887466020)--Thread(Thread[main,5,main])--Connected: jdbc:derby://localhost:1527/carga_trabalho;create=true
	User: adm
	Database: Apache Derby  Version: 10.16.1.1 - (1901046)
	Driver: Apache Derby Network Client JDBC Driver  Version: 10.16.1.1 - (1901046)
[EL Warning]: metadata: 2024-12-20 02:06:14.947--ServerSession(1652764753)--Thread(Thread[main,5,main])--Reverting the lazy setting on the OneToOne or ManyToOne attribute [projeto] for the entity class [class entities.Documento] since weaving was not enabled or did not occur.
[EL Warning]: metadata: 2024-12-20 02:06:14.948--ServerSession(1652764753)--Thread(Thread[main,5,main])--Reverting the lazy setting on the OneToOne or ManyToOne attribute [cliente] for the entity class [class entities.Projeto] since weaving was not enabled or did not occur.
[EL Warning]: metadata: 2024-12-20 02:06:14.948--ServerSession(1652764753)--Thread(Thread[main,5,main])--Reverting the lazy setting on the OneToOne or ManyToOne attribute [calendario] for the entity class [class entities.Projeto] since weaving was not enabled or did not occur.
[EL Warning]: metadata: 2024-12-20 02:06:14.948--ServerSession(1652764753)--Thread(Thread[main,5,main])--Reverting the lazy setting on the OneToOne or ManyToOne attribute [relatorio] for the entity class [class entities.Projeto] since weaving was not enabled or did not occur.
[EL Warning]: metadata: 2024-12-20 02:06:14.949--ServerSession(1652764753)--Thread(Thread[main,5,main])--Reverting the lazy setting on the OneToOne or ManyToOne attribute [projeto] for the entity class [class entities.Relatorio] since weaving was not enabled or did not occur.
[EL Warning]: metadata: 2024-12-20 02:06:14.949--ServerSession(1652764753)--Thread(Thread[main,5,main])--Reverting the lazy setting on the OneToOne or ManyToOne attribute [projeto] for the entity class [class entities.Recurso] since weaving was not enabled or did not occur.
[EL Warning]: metadata: 2024-12-20 02:06:14.949--ServerSession(1652764753)--Thread(Thread[main,5,main])--Reverting the lazy setting on the OneToOne or ManyToOne attribute [projeto] for the entity class [class entities.Tarefa] since weaving was not enabled or did not occur.
[EL Warning]: metadata: 2024-12-20 02:06:14.949--ServerSession(1652764753)--Thread(Thread[main,5,main])--Reverting the lazy setting on the OneToOne or ManyToOne attribute [usuarioResponsavel] for the entity class [class entities.Tarefa] since weaving was not enabled or did not occur.
[EL Fine]: connection: 2024-12-20 02:06:14.981--ServerSession(1652764753)--Thread(Thread[main,5,main])--/file:/C:/Users/NOTDXP_017/Documents/NetBeansProjects/GerenciamentoProjetosSC/target/classes/_carga_trabalho login successful
[EL Fine]: sql: 2024-12-20 02:06:15.003--ServerSession(1652764753)--Connection(1887466020)--Thread(Thread[main,5,main])--ALTER TABLE TB_PROJETO DROP CONSTRAINT TBPROJETODRLATORIO
[EL Fine]: sql: 2024-12-20 02:06:15.018--ServerSession(1652764753)--Thread(Thread[main,5,main])--VALUES(1)
[EL Warning]: 2024-12-20 02:06:15.023--ServerSession(1652764753)--Thread(Thread[main,5,main])--Exception [EclipseLink-4002] (Eclipse Persistence Services - 4.0.4.v202407190748-059428cdd2583c46f1f3e50d235854840a6fa9a7): org.eclipse.persistence.exceptions.DatabaseException
Internal Exception: java.sql.SQLSyntaxErrorException: ALTER TABLE falhou. Não existe a restrição 'ADM.TBPROJETODRLATORIO' na tabela '"ADM"."TB_PROJETO"'.
Error Code: 30000
Call: ALTER TABLE TB_PROJETO DROP CONSTRAINT TBPROJETODRLATORIO
Query: DataModifyQuery(sql="ALTER TABLE TB_PROJETO DROP CONSTRAINT TBPROJETODRLATORIO")
[EL Fine]: sql: 2024-12-20 02:06:15.031--ServerSession(1652764753)--Connection(1887466020)--Thread(Thread[main,5,main])--ALTER TABLE TB_PROJETO DROP CONSTRAINT TBPRJETODCLENDARIO
[EL Fine]: sql: 2024-12-20 02:06:15.034--ServerSession(1652764753)--Thread(Thread[main,5,main])--VALUES(1)
[EL Warning]: 2024-12-20 02:06:15.035--ServerSession(1652764753)--Thread(Thread[main,5,main])--Exception [EclipseLink-4002] (Eclipse Persistence Services - 4.0.4.v202407190748-059428cdd2583c46f1f3e50d235854840a6fa9a7): org.eclipse.persistence.exceptions.DatabaseException
Internal Exception: java.sql.SQLSyntaxErrorException: ALTER TABLE falhou. Não existe a restrição 'ADM.TBPRJETODCLENDARIO' na tabela '"ADM"."TB_PROJETO"'.
Error Code: 30000
Call: ALTER TABLE TB_PROJETO DROP CONSTRAINT TBPRJETODCLENDARIO
Query: DataModifyQuery(sql="ALTER TABLE TB_PROJETO DROP CONSTRAINT TBPRJETODCLENDARIO")
[EL Fine]: sql: 2024-12-20 02:06:15.036--ServerSession(1652764753)--Connection(1887466020)--Thread(Thread[main,5,main])--ALTER TABLE TB_PROJETO DROP CONSTRAINT TBPROJETOIDCLIENTE
[EL Fine]: sql: 2024-12-20 02:06:15.038--ServerSession(1652764753)--Thread(Thread[main,5,main])--VALUES(1)
[EL Warning]: 2024-12-20 02:06:15.039--ServerSession(1652764753)--Thread(Thread[main,5,main])--Exception [EclipseLink-4002] (Eclipse Persistence Services - 4.0.4.v202407190748-059428cdd2583c46f1f3e50d235854840a6fa9a7): org.eclipse.persistence.exceptions.DatabaseException
Internal Exception: java.sql.SQLSyntaxErrorException: ALTER TABLE falhou. Não existe a restrição 'ADM.TBPROJETOIDCLIENTE' na tabela '"ADM"."TB_PROJETO"'.
Error Code: 30000
Call: ALTER TABLE TB_PROJETO DROP CONSTRAINT TBPROJETOIDCLIENTE
Query: DataModifyQuery(sql="ALTER TABLE TB_PROJETO DROP CONSTRAINT TBPROJETOIDCLIENTE")
[EL Fine]: sql: 2024-12-20 02:06:15.04--ServerSession(1652764753)--Connection(1887466020)--Thread(Thread[main,5,main])--ALTER TABLE TB_TAREFA DROP CONSTRAINT TBTAREFAUSUARIO_ID
[EL Fine]: sql: 2024-12-20 02:06:15.051--ServerSession(1652764753)--Connection(1887466020)--Thread(Thread[main,5,main])--ALTER TABLE TB_TAREFA DROP CONSTRAINT TBTAREFAID_PROJETO
[EL Fine]: sql: 2024-12-20 02:06:15.056--ServerSession(1652764753)--Connection(1887466020)--Thread(Thread[main,5,main])--ALTER TABLE TB_RELATORIO DROP CONSTRAINT TBRLATORIODPROJETO
[EL Fine]: sql: 2024-12-20 02:06:15.058--ServerSession(1652764753)--Thread(Thread[main,5,main])--VALUES(1)
[EL Warning]: 2024-12-20 02:06:15.059--ServerSession(1652764753)--Thread(Thread[main,5,main])--Exception [EclipseLink-4002] (Eclipse Persistence Services - 4.0.4.v202407190748-059428cdd2583c46f1f3e50d235854840a6fa9a7): org.eclipse.persistence.exceptions.DatabaseException
Internal Exception: java.sql.SQLSyntaxErrorException: 'ALTER TABLE' não pode ser realizado em 'TB_RELATORIO', porque 'TB_RELATORIO' não existe.
Error Code: 30000
Call: ALTER TABLE TB_RELATORIO DROP CONSTRAINT TBRLATORIODPROJETO
Query: DataModifyQuery(sql="ALTER TABLE TB_RELATORIO DROP CONSTRAINT TBRLATORIODPROJETO")
[EL Fine]: sql: 2024-12-20 02:06:15.06--ServerSession(1652764753)--Connection(1887466020)--Thread(Thread[main,5,main])--ALTER TABLE TB_RECURSO DROP CONSTRAINT TBRECURSOIDPROJETO
[EL Fine]: sql: 2024-12-20 02:06:15.064--ServerSession(1652764753)--Connection(1887466020)--Thread(Thread[main,5,main])--ALTER TABLE TB_DOCUMENTO DROP CONSTRAINT TBDCUMENTODPROJETO
[EL Fine]: sql: 2024-12-20 02:06:15.074--ServerSession(1652764753)--Connection(1887466020)--Thread(Thread[main,5,main])--ALTER TABLE TB_TELEFONE_CLIENTE DROP CONSTRAINT TBTLFNCLIENTEDCLNT
[EL Fine]: sql: 2024-12-20 02:06:15.081--ServerSession(1652764753)--Connection(1887466020)--Thread(Thread[main,5,main])--ALTER TABLE TB_DEPARTAMENTO_PROJETO DROP CONSTRAINT TBDPRTMNTPDDPRTMNT
[EL Fine]: sql: 2024-12-20 02:06:15.088--ServerSession(1652764753)--Connection(1887466020)--Thread(Thread[main,5,main])--ALTER TABLE TB_DEPARTAMENTO_PROJETO DROP CONSTRAINT TBDPRTMNTPRJTDPRJT
[EL Fine]: sql: 2024-12-20 02:06:15.093--ServerSession(1652764753)--Connection(1887466020)--Thread(Thread[main,5,main])--ALTER TABLE TB_PROJETO_FORNECEDOR DROP CONSTRAINT TBPRJTFRNCDORDPRJT
[EL Fine]: sql: 2024-12-20 02:06:15.098--ServerSession(1652764753)--Connection(1887466020)--Thread(Thread[main,5,main])--ALTER TABLE TB_PROJETO_FORNECEDOR DROP CONSTRAINT TBPRJTFRNCDDFRNCDR
[EL Fine]: sql: 2024-12-20 02:06:15.105--ServerSession(1652764753)--Connection(1887466020)--Thread(Thread[main,5,main])--ALTER TABLE TB_TELEFONE_USUARIO DROP CONSTRAINT TBTLFNEUSUARIODSRO
[EL Fine]: sql: 2024-12-20 02:06:15.111--ServerSession(1652764753)--Connection(1887466020)--Thread(Thread[main,5,main])--ALTER TABLE TB_USUARIO_PERFIL DROP CONSTRAINT TBSRIOPERFILDSARIO
[EL Fine]: sql: 2024-12-20 02:06:15.118--ServerSession(1652764753)--Connection(1887466020)--Thread(Thread[main,5,main])--ALTER TABLE TB_USUARIO_PERFIL DROP CONSTRAINT TBSRIOPERFILDPRFIL
[EL Fine]: sql: 2024-12-20 02:06:15.124--ServerSession(1652764753)--Connection(1887466020)--Thread(Thread[main,5,main])--DROP TABLE TB_CLIENTE
[EL Fine]: sql: 2024-12-20 02:06:15.131--ServerSession(1652764753)--Connection(1887466020)--Thread(Thread[main,5,main])--DROP TABLE TB_PROJETO
[EL Fine]: sql: 2024-12-20 02:06:15.144--ServerSession(1652764753)--Connection(1887466020)--Thread(Thread[main,5,main])--DROP TABLE TB_TAREFA
[EL Fine]: sql: 2024-12-20 02:06:15.152--ServerSession(1652764753)--Connection(1887466020)--Thread(Thread[main,5,main])--DROP TABLE TB_RELATORIO
[EL Fine]: sql: 2024-12-20 02:06:15.154--ServerSession(1652764753)--Thread(Thread[main,5,main])--VALUES(1)
[EL Warning]: 2024-12-20 02:06:15.156--ServerSession(1652764753)--Thread(Thread[main,5,main])--Exception [EclipseLink-4002] (Eclipse Persistence Services - 4.0.4.v202407190748-059428cdd2583c46f1f3e50d235854840a6fa9a7): org.eclipse.persistence.exceptions.DatabaseException
Internal Exception: java.sql.SQLSyntaxErrorException: 'DROP TABLE' não pode ser realizado em 'TB_RELATORIO', porque 'TB_RELATORIO' não existe.
Error Code: 30000
Call: DROP TABLE TB_RELATORIO
Query: DataModifyQuery(sql="DROP TABLE TB_RELATORIO")
[EL Fine]: sql: 2024-12-20 02:06:15.156--ServerSession(1652764753)--Connection(1887466020)--Thread(Thread[main,5,main])--DROP TABLE TB_Fornecedor
[EL Fine]: sql: 2024-12-20 02:06:15.163--ServerSession(1652764753)--Connection(1887466020)--Thread(Thread[main,5,main])--DROP TABLE TB_DEPARTAMENTO
[EL Fine]: sql: 2024-12-20 02:06:15.174--ServerSession(1652764753)--Connection(1887466020)--Thread(Thread[main,5,main])--DROP TABLE TB_RECURSO
[EL Fine]: sql: 2024-12-20 02:06:15.183--ServerSession(1652764753)--Connection(1887466020)--Thread(Thread[main,5,main])--DROP TABLE TB_DOCUMENTO
[EL Fine]: sql: 2024-12-20 02:06:15.191--ServerSession(1652764753)--Connection(1887466020)--Thread(Thread[main,5,main])--DROP TABLE TB_FERIADO
[EL Fine]: sql: 2024-12-20 02:06:15.207--ServerSession(1652764753)--Connection(1887466020)--Thread(Thread[main,5,main])--DROP TABLE TB_USUARIO
[EL Fine]: sql: 2024-12-20 02:06:15.218--ServerSession(1652764753)--Connection(1887466020)--Thread(Thread[main,5,main])--DROP TABLE TB_PERFIL
[EL Fine]: sql: 2024-12-20 02:06:15.227--ServerSession(1652764753)--Connection(1887466020)--Thread(Thread[main,5,main])--DROP TABLE TB_CALENDARIO
[EL Fine]: sql: 2024-12-20 02:06:15.236--ServerSession(1652764753)--Connection(1887466020)--Thread(Thread[main,5,main])--DROP TABLE TB_TELEFONE_CLIENTE
[EL Fine]: sql: 2024-12-20 02:06:15.242--ServerSession(1652764753)--Connection(1887466020)--Thread(Thread[main,5,main])--DROP TABLE TB_DEPARTAMENTO_PROJETO
[EL Fine]: sql: 2024-12-20 02:06:15.25--ServerSession(1652764753)--Connection(1887466020)--Thread(Thread[main,5,main])--DROP TABLE TB_PROJETO_FORNECEDOR
[EL Fine]: sql: 2024-12-20 02:06:15.257--ServerSession(1652764753)--Connection(1887466020)--Thread(Thread[main,5,main])--DROP TABLE TB_TELEFONE_USUARIO
[EL Fine]: sql: 2024-12-20 02:06:15.261--ServerSession(1652764753)--Connection(1887466020)--Thread(Thread[main,5,main])--DROP TABLE TB_USUARIO_PERFIL
[EL Fine]: sql: 2024-12-20 02:06:15.27--ServerSession(1652764753)--Connection(1887466020)--Thread(Thread[main,5,main])--DROP TABLE TB_RELATORIO
[EL Fine]: sql: 2024-12-20 02:06:15.272--ServerSession(1652764753)--Thread(Thread[main,5,main])--VALUES(1)
[EL Warning]: 2024-12-20 02:06:15.273--ServerSession(1652764753)--Thread(Thread[main,5,main])--Exception [EclipseLink-4002] (Eclipse Persistence Services - 4.0.4.v202407190748-059428cdd2583c46f1f3e50d235854840a6fa9a7): org.eclipse.persistence.exceptions.DatabaseException
Internal Exception: java.sql.SQLSyntaxErrorException: 'DROP TABLE' não pode ser realizado em 'TB_RELATORIO', porque 'TB_RELATORIO' não existe.
Error Code: 30000
Call: DROP TABLE TB_RELATORIO
Query: DataModifyQuery(sql="DROP TABLE TB_RELATORIO")
[EL Fine]: sql: 2024-12-20 02:06:15.274--ServerSession(1652764753)--Connection(1887466020)--Thread(Thread[main,5,main])--DROP TABLE TB_RELATORIO
[EL Fine]: sql: 2024-12-20 02:06:15.275--ServerSession(1652764753)--Thread(Thread[main,5,main])--VALUES(1)
[EL Warning]: 2024-12-20 02:06:15.276--ServerSession(1652764753)--Thread(Thread[main,5,main])--Exception [EclipseLink-4002] (Eclipse Persistence Services - 4.0.4.v202407190748-059428cdd2583c46f1f3e50d235854840a6fa9a7): org.eclipse.persistence.exceptions.DatabaseException
Internal Exception: java.sql.SQLSyntaxErrorException: 'DROP TABLE' não pode ser realizado em 'TB_RELATORIO', porque 'TB_RELATORIO' não existe.
Error Code: 30000
Call: DROP TABLE TB_RELATORIO
Query: DataModifyQuery(sql="DROP TABLE TB_RELATORIO")
[EL Fine]: sql: 2024-12-20 02:06:15.277--ServerSession(1652764753)--Connection(1887466020)--Thread(Thread[main,5,main])--DROP TABLE TB_RELATORIO
[EL Fine]: sql: 2024-12-20 02:06:15.278--ServerSession(1652764753)--Thread(Thread[main,5,main])--VALUES(1)
[EL Warning]: 2024-12-20 02:06:15.279--ServerSession(1652764753)--Thread(Thread[main,5,main])--Exception [EclipseLink-4002] (Eclipse Persistence Services - 4.0.4.v202407190748-059428cdd2583c46f1f3e50d235854840a6fa9a7): org.eclipse.persistence.exceptions.DatabaseException
Internal Exception: java.sql.SQLSyntaxErrorException: 'DROP TABLE' não pode ser realizado em 'TB_RELATORIO', porque 'TB_RELATORIO' não existe.
Error Code: 30000
Call: DROP TABLE TB_RELATORIO
Query: DataModifyQuery(sql="DROP TABLE TB_RELATORIO")
[EL Fine]: sql: 2024-12-20 02:06:15.279--ServerSession(1652764753)--Connection(1887466020)--Thread(Thread[main,5,main])--DROP TABLE TB_RELATORIO
[EL Fine]: sql: 2024-12-20 02:06:15.28--ServerSession(1652764753)--Thread(Thread[main,5,main])--VALUES(1)
[EL Warning]: 2024-12-20 02:06:15.281--ServerSession(1652764753)--Thread(Thread[main,5,main])--Exception [EclipseLink-4002] (Eclipse Persistence Services - 4.0.4.v202407190748-059428cdd2583c46f1f3e50d235854840a6fa9a7): org.eclipse.persistence.exceptions.DatabaseException
Internal Exception: java.sql.SQLSyntaxErrorException: 'DROP TABLE' não pode ser realizado em 'TB_RELATORIO', porque 'TB_RELATORIO' não existe.
Error Code: 30000
Call: DROP TABLE TB_RELATORIO
Query: DataModifyQuery(sql="DROP TABLE TB_RELATORIO")
[EL Fine]: sql: 2024-12-20 02:06:15.285--ServerSession(1652764753)--Connection(1887466020)--Thread(Thread[main,5,main])--CREATE TABLE TB_CLIENTE (ID_CLIENTE BIGINT GENERATED BY DEFAULT AS IDENTITY NOT NULL, CNPJ_CLIENTE VARCHAR(20) NOT NULL, EMAIL_CLIENTE VARCHAR(50) NOT NULL, NOME_CLIENTE VARCHAR(70) NOT NULL, PRIMARY KEY (ID_CLIENTE))
[EL Fine]: sql: 2024-12-20 02:06:15.294--ServerSession(1652764753)--Connection(1887466020)--Thread(Thread[main,5,main])--CREATE TABLE TB_PROJETO (ID_PROJETO BIGINT GENERATED BY DEFAULT AS IDENTITY NOT NULL, DESCRICAO_PROJETO VARCHAR(255) NOT NULL, NOME_PROJETO VARCHAR(255) NOT NULL UNIQUE, ID_CLIENTE BIGINT NOT NULL, ID_CALENDARIO BIGINT NOT NULL, ID_RELATORIO BIGINT NOT NULL, PRIMARY KEY (ID_PROJETO))
[EL Fine]: sql: 2024-12-20 02:06:15.31--ServerSession(1652764753)--Connection(1887466020)--Thread(Thread[main,5,main])--CREATE TABLE TB_TAREFA (ID_TAREFA BIGINT GENERATED BY DEFAULT AS IDENTITY NOT NULL, DATA_FIM_TAREFA DATE, DATA_INICIO_TAREFA DATE NOT NULL, DESCRICAO_TAREFA VARCHAR(500), NOME_TAREFA VARCHAR(255) NOT NULL, PRIORIDADE_TAREFA VARCHAR(50) NOT NULL, TIPO_STATUS INTEGER NOT NULL, ID_PROJETO BIGINT NOT NULL, USUARIO_ID BIGINT NOT NULL, PRIMARY KEY (ID_TAREFA))
[EL Fine]: sql: 2024-12-20 02:06:15.319--ServerSession(1652764753)--Connection(1887466020)--Thread(Thread[main,5,main])--CREATE TABLE TB_RELATORIO (ID_RELATORIO BIGINT GENERATED BY DEFAULT AS IDENTITY NOT NULL, AUTOR_RELATORIO VARCHAR(255) NOT NULL, CONTEUDO_RELATORIO TEXT, DATA_CRIACAO_RELATORIO DATE NOT NULL, DESCRICAO_RELATORIO TEXT, TITULO_RELATORIO VARCHAR(255) NOT NULL, ID_PROJETO BIGINT NOT NULL, PRIMARY KEY (ID_RELATORIO))
[EL Fine]: sql: 2024-12-20 02:06:15.32--ServerSession(1652764753)--Thread(Thread[main,5,main])--VALUES(1)
[EL Warning]: 2024-12-20 02:06:15.32--ServerSession(1652764753)--Thread(Thread[main,5,main])--Exception [EclipseLink-4002] (Eclipse Persistence Services - 4.0.4.v202407190748-059428cdd2583c46f1f3e50d235854840a6fa9a7): org.eclipse.persistence.exceptions.DatabaseException
Internal Exception: java.sql.SQLSyntaxErrorException: TYPE 'TEXT' não existe.
Error Code: 30000
Call: CREATE TABLE TB_RELATORIO (ID_RELATORIO BIGINT GENERATED BY DEFAULT AS IDENTITY NOT NULL, AUTOR_RELATORIO VARCHAR(255) NOT NULL, CONTEUDO_RELATORIO TEXT, DATA_CRIACAO_RELATORIO DATE NOT NULL, DESCRICAO_RELATORIO TEXT, TITULO_RELATORIO VARCHAR(255) NOT NULL, ID_PROJETO BIGINT NOT NULL, PRIMARY KEY (ID_RELATORIO))
Query: DataModifyQuery(sql="CREATE TABLE TB_RELATORIO (ID_RELATORIO BIGINT GENERATED BY DEFAULT AS IDENTITY NOT NULL, AUTOR_RELATORIO VARCHAR(255) NOT NULL, CONTEUDO_RELATORIO TEXT, DATA_CRIACAO_RELATORIO DATE NOT NULL, DESCRICAO_RELATORIO TEXT, TITULO_RELATORIO VARCHAR(255) NOT NULL, ID_PROJETO BIGINT NOT NULL, PRIMARY KEY (ID_RELATORIO))")
[EL Fine]: sql: 2024-12-20 02:06:15.323--ServerSession(1652764753)--Connection(1887466020)--Thread(Thread[main,5,main])--CREATE TABLE TB_Fornecedor (ID_FORNECEDOR BIGINT GENERATED BY DEFAULT AS IDENTITY NOT NULL, CNPJ_FORNECEDOR VARCHAR(18) NOT NULL, DATA_CADASTRO DATE, DESCRICAO VARCHAR(255), EMAIL_FORNECEDOR VARCHAR(255) NOT NULL, NOME_FORNECEDOR VARCHAR(255) NOT NULL, TIPO_FORNECEDOR VARCHAR(25) NOT NULL, TIPO_STATUS VARCHAR(40) NOT NULL, PRIMARY KEY (ID_FORNECEDOR))
[EL Fine]: sql: 2024-12-20 02:06:15.332--ServerSession(1652764753)--Connection(1887466020)--Thread(Thread[main,5,main])--CREATE TABLE TB_DEPARTAMENTO (ID_DEPARTAMENTO BIGINT GENERATED BY DEFAULT AS IDENTITY NOT NULL, NOME_DEPARTAMENTO VARCHAR(50) NOT NULL, PRIMARY KEY (ID_DEPARTAMENTO))
[EL Fine]: sql: 2024-12-20 02:06:15.342--ServerSession(1652764753)--Connection(1887466020)--Thread(Thread[main,5,main])--CREATE TABLE TB_RECURSO (ID_RECURSO BIGINT GENERATED BY DEFAULT AS IDENTITY NOT NULL, CUSTO_RECURSO FLOAT NOT NULL, NOME_RECURSO VARCHAR(255) NOT NULL, QUANTIDADE_RECURSO INTEGER NOT NULL, TIPO_RECURSO VARCHAR(50) NOT NULL, ID_PROJETO BIGINT NOT NULL, PRIMARY KEY (ID_RECURSO))
[EL Fine]: sql: 2024-12-20 02:06:15.351--ServerSession(1652764753)--Connection(1887466020)--Thread(Thread[main,5,main])--CREATE TABLE TB_DOCUMENTO (ID_DOCUMENTO BIGINT GENERATED BY DEFAULT AS IDENTITY NOT NULL, AUTOR_DOCUMENTO VARCHAR(50) NOT NULL, CAMINHO_ARQUIVO_DOCUMENTO VARCHAR(255) NOT NULL, DATA_CRIACAO_DOCUMENTO DATE NOT NULL, TIPO_DOCUMENTO VARCHAR(50) NOT NULL, TITULO_DOCUMENTO VARCHAR(255) NOT NULL, ID_PROJETO BIGINT NOT NULL, PRIMARY KEY (ID_DOCUMENTO))
[EL Fine]: sql: 2024-12-20 02:06:15.361--ServerSession(1652764753)--Connection(1887466020)--Thread(Thread[main,5,main])--CREATE TABLE TB_FERIADO (ID_FERIADO BIGINT GENERATED BY DEFAULT AS IDENTITY NOT NULL, DATA_FERIADO DATE NOT NULL UNIQUE, NOME_FERIADO VARCHAR(50) NOT NULL UNIQUE, TIPO_FERIADO VARCHAR(20) NOT NULL, PRIMARY KEY (ID_FERIADO))
[EL Fine]: sql: 2024-12-20 02:06:15.378--ServerSession(1652764753)--Connection(1887466020)--Thread(Thread[main,5,main])--CREATE TABLE TB_USUARIO (ID_USUARIO BIGINT GENERATED BY DEFAULT AS IDENTITY NOT NULL, EMAIL_USUARIO VARCHAR(255) NOT NULL UNIQUE, NOME_USUARIO VARCHAR(255) NOT NULL, SENHA_USUARIO VARCHAR(255) NOT NULL, PRIMARY KEY (ID_USUARIO))
[EL Fine]: sql: 2024-12-20 02:06:15.392--ServerSession(1652764753)--Connection(1887466020)--Thread(Thread[main,5,main])--CREATE TABLE TB_PERFIL (ID_PERFIL BIGINT GENERATED BY DEFAULT AS IDENTITY NOT NULL, NOME_PERFIL VARCHAR(100) NOT NULL, PRIMARY KEY (ID_PERFIL))
[EL Fine]: sql: 2024-12-20 02:06:15.405--ServerSession(1652764753)--Connection(1887466020)--Thread(Thread[main,5,main])--CREATE TABLE TB_CALENDARIO (ID_CALENDARIO BIGINT GENERATED BY DEFAULT AS IDENTITY NOT NULL, DATA_FIM DATE NOT NULL, DATA_INICIO DATE NOT NULL, HORAS_TOTAIS INTEGER NOT NULL, PRIMARY KEY (ID_CALENDARIO))
[EL Fine]: sql: 2024-12-20 02:06:15.414--ServerSession(1652764753)--Connection(1887466020)--Thread(Thread[main,5,main])--CREATE TABLE TB_TELEFONE_CLIENTE (ID_CLIENTE BIGINT NOT NULL, NUM_TELEFONE VARCHAR(20) NOT NULL)
[EL Fine]: sql: 2024-12-20 02:06:15.421--ServerSession(1652764753)--Connection(1887466020)--Thread(Thread[main,5,main])--CREATE TABLE TB_DEPARTAMENTO_PROJETO (ID_PROJETO BIGINT NOT NULL, ID_DEPARTAMENTO BIGINT NOT NULL, PRIMARY KEY (ID_PROJETO, ID_DEPARTAMENTO))
[EL Fine]: sql: 2024-12-20 02:06:15.43--ServerSession(1652764753)--Connection(1887466020)--Thread(Thread[main,5,main])--CREATE TABLE TB_PROJETO_FORNECEDOR (ID_PROJETO BIGINT NOT NULL, ID_FORNECEDOR BIGINT NOT NULL, PRIMARY KEY (ID_PROJETO, ID_FORNECEDOR))
[EL Fine]: sql: 2024-12-20 02:06:15.441--ServerSession(1652764753)--Connection(1887466020)--Thread(Thread[main,5,main])--CREATE TABLE TB_TELEFONE_USUARIO (ID_USUARIO BIGINT NOT NULL, ENDERECO VARCHAR(255) NOT NULL, NUM_TELEFONE VARCHAR(20) NOT NULL)
[EL Fine]: sql: 2024-12-20 02:06:15.447--ServerSession(1652764753)--Connection(1887466020)--Thread(Thread[main,5,main])--CREATE TABLE TB_USUARIO_PERFIL (ID_USUARIO BIGINT NOT NULL, ID_PERFIL BIGINT NOT NULL, PRIMARY KEY (ID_USUARIO, ID_PERFIL))
[EL Fine]: sql: 2024-12-20 02:06:15.454--ServerSession(1652764753)--Connection(1887466020)--Thread(Thread[main,5,main])--ALTER TABLE TB_PROJETO ADD CONSTRAINT TBPROJETODRLATORIO FOREIGN KEY (ID_RELATORIO) REFERENCES TB_RELATORIO (ID_RELATORIO)
[EL Fine]: sql: 2024-12-20 02:06:15.456--ServerSession(1652764753)--Thread(Thread[main,5,main])--VALUES(1)
[EL Warning]: 2024-12-20 02:06:15.457--ServerSession(1652764753)--Thread(Thread[main,5,main])--Exception [EclipseLink-4002] (Eclipse Persistence Services - 4.0.4.v202407190748-059428cdd2583c46f1f3e50d235854840a6fa9a7): org.eclipse.persistence.exceptions.DatabaseException
Internal Exception: java.sql.SQLTransactionRollbackException: A restrição 'TBPROJETODRLATORIO' não é válida: a tabela referenciada TB_RELATORIO não existe.
Error Code: 30000
Call: ALTER TABLE TB_PROJETO ADD CONSTRAINT TBPROJETODRLATORIO FOREIGN KEY (ID_RELATORIO) REFERENCES TB_RELATORIO (ID_RELATORIO)
Query: DataModifyQuery(sql="ALTER TABLE TB_PROJETO ADD CONSTRAINT TBPROJETODRLATORIO FOREIGN KEY (ID_RELATORIO) REFERENCES TB_RELATORIO (ID_RELATORIO)")
[EL Fine]: sql: 2024-12-20 02:06:15.457--ServerSession(1652764753)--Connection(1887466020)--Thread(Thread[main,5,main])--ALTER TABLE TB_TAREFA ADD CONSTRAINT TBTAREFAUSUARIO_ID FOREIGN KEY (USUARIO_ID) REFERENCES TB_USUARIO (ID_USUARIO)
[EL Fine]: sql: 2024-12-20 02:06:15.465--ServerSession(1652764753)--Connection(1887466020)--Thread(Thread[main,5,main])--ALTER TABLE TB_TAREFA ADD CONSTRAINT TBTAREFAID_PROJETO FOREIGN KEY (ID_PROJETO) REFERENCES TB_PROJETO (ID_PROJETO)
[EL Fine]: sql: 2024-12-20 02:06:15.472--ServerSession(1652764753)--Connection(1887466020)--Thread(Thread[main,5,main])--ALTER TABLE TB_RELATORIO ADD CONSTRAINT TBRLATORIODPROJETO FOREIGN KEY (ID_PROJETO) REFERENCES TB_PROJETO (ID_PROJETO)
[EL Fine]: sql: 2024-12-20 02:06:15.474--ServerSession(1652764753)--Thread(Thread[main,5,main])--VALUES(1)
[EL Warning]: 2024-12-20 02:06:15.474--ServerSession(1652764753)--Thread(Thread[main,5,main])--Exception [EclipseLink-4002] (Eclipse Persistence Services - 4.0.4.v202407190748-059428cdd2583c46f1f3e50d235854840a6fa9a7): org.eclipse.persistence.exceptions.DatabaseException
Internal Exception: java.sql.SQLSyntaxErrorException: 'ALTER TABLE' não pode ser realizado em 'TB_RELATORIO', porque 'TB_RELATORIO' não existe.
Error Code: 30000
Call: ALTER TABLE TB_RELATORIO ADD CONSTRAINT TBRLATORIODPROJETO FOREIGN KEY (ID_PROJETO) REFERENCES TB_PROJETO (ID_PROJETO)
Query: DataModifyQuery(sql="ALTER TABLE TB_RELATORIO ADD CONSTRAINT TBRLATORIODPROJETO FOREIGN KEY (ID_PROJETO) REFERENCES TB_PROJETO (ID_PROJETO)")
[EL Fine]: sql: 2024-12-20 02:06:15.475--ServerSession(1652764753)--Connection(1887466020)--Thread(Thread[main,5,main])--ALTER TABLE TB_RECURSO ADD CONSTRAINT TBRECURSOIDPROJETO FOREIGN KEY (ID_PROJETO) REFERENCES TB_PROJETO (ID_PROJETO)
[EL Fine]: sql: 2024-12-20 02:06:15.48--ServerSession(1652764753)--Connection(1887466020)--Thread(Thread[main,5,main])--ALTER TABLE TB_DOCUMENTO ADD CONSTRAINT TBDCUMENTODPROJETO FOREIGN KEY (ID_PROJETO) REFERENCES TB_PROJETO (ID_PROJETO)
[EL Fine]: sql: 2024-12-20 02:06:15.486--ServerSession(1652764753)--Connection(1887466020)--Thread(Thread[main,5,main])--ALTER TABLE TB_TELEFONE_CLIENTE ADD CONSTRAINT TBTLFNCLIENTEDCLNT FOREIGN KEY (ID_CLIENTE) REFERENCES TB_CLIENTE (ID_CLIENTE)
[EL Fine]: sql: 2024-12-20 02:06:15.492--ServerSession(1652764753)--Connection(1887466020)--Thread(Thread[main,5,main])--ALTER TABLE TB_DEPARTAMENTO_PROJETO ADD CONSTRAINT TBDPRTMNTPDDPRTMNT FOREIGN KEY (ID_DEPARTAMENTO) REFERENCES TB_DEPARTAMENTO (ID_DEPARTAMENTO)
[EL Fine]: sql: 2024-12-20 02:06:15.498--ServerSession(1652764753)--Connection(1887466020)--Thread(Thread[main,5,main])--ALTER TABLE TB_DEPARTAMENTO_PROJETO ADD CONSTRAINT TBDPRTMNTPRJTDPRJT FOREIGN KEY (ID_PROJETO) REFERENCES TB_PROJETO (ID_PROJETO)
[EL Fine]: sql: 2024-12-20 02:06:15.504--ServerSession(1652764753)--Connection(1887466020)--Thread(Thread[main,5,main])--ALTER TABLE TB_PROJETO_FORNECEDOR ADD CONSTRAINT TBPRJTFRNCDORDPRJT FOREIGN KEY (ID_PROJETO) REFERENCES TB_PROJETO (ID_PROJETO)
[EL Fine]: sql: 2024-12-20 02:06:15.51--ServerSession(1652764753)--Connection(1887466020)--Thread(Thread[main,5,main])--ALTER TABLE TB_PROJETO_FORNECEDOR ADD CONSTRAINT TBPRJTFRNCDDFRNCDR FOREIGN KEY (ID_FORNECEDOR) REFERENCES TB_Fornecedor (ID_FORNECEDOR)
[EL Fine]: sql: 2024-12-20 02:06:15.516--ServerSession(1652764753)--Connection(1887466020)--Thread(Thread[main,5,main])--ALTER TABLE TB_TELEFONE_USUARIO ADD CONSTRAINT TBTLFNEUSUARIODSRO FOREIGN KEY (ID_USUARIO) REFERENCES TB_Fornecedor (ID_FORNECEDOR)
[EL Fine]: sql: 2024-12-20 02:06:15.523--ServerSession(1652764753)--Connection(1887466020)--Thread(Thread[main,5,main])--ALTER TABLE TB_USUARIO_PERFIL ADD CONSTRAINT TBSRIOPERFILDSARIO FOREIGN KEY (ID_USUARIO) REFERENCES TB_USUARIO (ID_USUARIO)
[EL Fine]: sql: 2024-12-20 02:06:15.528--ServerSession(1652764753)--Connection(1887466020)--Thread(Thread[main,5,main])--ALTER TABLE TB_USUARIO_PERFIL ADD CONSTRAINT TBSRIOPERFILDPRFIL FOREIGN KEY (ID_PERFIL) REFERENCES TB_PERFIL (ID_PERFIL)
02:06:15.552 [main] DEBUG org.dbunit.database.DatabaseConnection - Database connection info: 
	database product name=Apache Derby
	database version=10.16.1.1 - (1901046)
	database major version=10
	database minor version=16
	jdbc driver name=Apache Derby Network Client JDBC Driver
	jdbc driver version=10.16.1.1 - (1901046)
	jdbc driver major version=10
	jdbc driver minor version=16

02:06:15.552 [main] DEBUG org.dbunit.database.DatabaseConnection - validateSchema(validateStrict=false) - start
02:06:15.553 [main] DEBUG org.dbunit.database.DatabaseConnection - Schema is null. Nothing to validate.
02:06:15.554 [main] DEBUG org.dbunit.dataset.xml.FlatXmlDataSetBuilder - Creating FlatXmlDataSet with builder parameters: org.dbunit.dataset.xml.FlatXmlDataSetBuilder[dtdMetadata=true, columnSensing=true, caseSensitiveTableNames=false, metaDataSet=null]
02:06:15.554 [main] DEBUG org.dbunit.dataset.xml.FlatXmlDataSetBuilder - Creating FlatXmlProducer using the properties of this builder: org.dbunit.dataset.xml.FlatXmlDataSetBuilder[dtdMetadata=true, columnSensing=true, caseSensitiveTableNames=false, metaDataSet=null]
02:06:15.560 [main] DEBUG org.dbunit.dataset.AbstractDataSet - initialize() - start
02:06:15.560 [main] DEBUG org.dbunit.dataset.CachedDataSet - createIterator(reversed=false) - start
02:06:15.560 [main] DEBUG org.dbunit.dataset.OrderedTableNameMap - orderedValues() - start
02:06:15.561 [main] DEBUG org.dbunit.dataset.xml.FlatXmlProducer - setConsumer(consumer) - start
02:06:15.561 [main] DEBUG org.dbunit.dataset.xml.FlatXmlProducer - produce() - start
02:06:15.562 [main] DEBUG org.dbunit.dataset.xml.FlatDtdProducer - setLexicalHandler(xmlReader=com.sun.org.apache.xerces.internal.jaxp.SAXParserImpl$JAXPSAXParser@3afae281, handler=org.dbunit.dataset.xml.FlatXmlProducer$FlatDtdHandler@26ae880a) - start
02:06:15.563 [main] DEBUG org.dbunit.dataset.xml.FlatDtdProducer - setDeclHandler(xmlReader=com.sun.org.apache.xerces.internal.jaxp.SAXParserImpl$JAXPSAXParser@3afae281, handler=org.dbunit.dataset.xml.FlatXmlProducer$FlatDtdHandler@26ae880a) - start
02:06:15.563 [main] DEBUG org.dbunit.dataset.xml.FlatXmlProducer - startElement(uri=, localName=, qName=dataset, attributes=com.sun.org.apache.xerces.internal.parsers.AbstractSAXParser$AttributesProxy@51827393) - start
02:06:15.563 [main] DEBUG org.dbunit.dataset.CachedDataSet - startDataSet() - start
02:06:15.563 [main] DEBUG org.dbunit.dataset.xml.FlatXmlProducer - startElement(uri=, localName=, qName=TB_CLIENTE, attributes=com.sun.org.apache.xerces.internal.parsers.AbstractSAXParser$AttributesProxy@51827393) - start
02:06:15.564 [main] DEBUG org.dbunit.dataset.OrderedTableNameMap - getLastTableName() - start
02:06:15.564 [main] DEBUG org.dbunit.dataset.OrderedTableNameMap - isLastTable(tableName=TB_CLIENTE) - start
02:06:15.564 [main] DEBUG org.dbunit.dataset.OrderedTableNameMap - getTableName(tableName=TB_CLIENTE) - start
02:06:15.564 [main] DEBUG org.dbunit.dataset.OrderedTableNameMap - getTableName(tableName=TB_CLIENTE) - end - result=TB_CLIENTE
02:06:15.564 [main] DEBUG org.dbunit.dataset.xml.FlatXmlProducer - createTableMetaData(tableName=TB_CLIENTE, attributes=com.sun.org.apache.xerces.internal.parsers.AbstractSAXParser$AttributesProxy@51827393) - start
02:06:15.573 [main] DEBUG org.dbunit.dataset.Columns - getColumns(columnNames=[], columns=[(ID_CLIENTE, UNKNOWN, nullableUnknown), (NOME_CLIENTE, UNKNOWN, nullableUnknown), (EMAIL_CLIENTE, UNKNOWN, nullableUnknown), (CNPJ_CLIENTE, UNKNOWN, nullableUnknown)]) - start
02:06:15.574 [main] DEBUG org.dbunit.dataset.OrderedTableNameMap - add(tableName=TB_CLIENTE, object=tableName=TB_CLIENTE, columns=[(ID_CLIENTE, UNKNOWN, nullableUnknown), (NOME_CLIENTE, UNKNOWN, nullableUnknown), (EMAIL_CLIENTE, UNKNOWN, nullableUnknown), (CNPJ_CLIENTE, UNKNOWN, nullableUnknown)], keys=[]) - start
02:06:15.574 [main] DEBUG org.dbunit.dataset.OrderedTableNameMap - getTableName(tableName=TB_CLIENTE) - start
02:06:15.574 [main] DEBUG org.dbunit.dataset.OrderedTableNameMap - getTableName(tableName=TB_CLIENTE) - end - result=TB_CLIENTE
02:06:15.574 [main] DEBUG org.dbunit.dataset.OrderedTableNameMap - getTableName(tableName=TB_CLIENTE) - start
02:06:15.574 [main] DEBUG org.dbunit.dataset.OrderedTableNameMap - getTableName(tableName=TB_CLIENTE) - end - result=TB_CLIENTE
02:06:15.575 [main] DEBUG org.dbunit.dataset.OrderedTableNameMap - getLastTableName() - start
02:06:15.575 [main] DEBUG org.dbunit.dataset.OrderedTableNameMap - getTableName(tableName=TB_CLIENTE) - start
02:06:15.575 [main] DEBUG org.dbunit.dataset.OrderedTableNameMap - getTableName(tableName=TB_CLIENTE) - end - result=TB_CLIENTE
02:06:15.575 [main] DEBUG org.dbunit.dataset.AbstractTableMetaData - getColumnIndex(columnName=ID_CLIENTE) - start
02:06:15.575 [main] DEBUG org.dbunit.dataset.AbstractTableMetaData - getColumnIndex(columnName=NOME_CLIENTE) - start
02:06:15.575 [main] DEBUG org.dbunit.dataset.AbstractTableMetaData - getColumnIndex(columnName=EMAIL_CLIENTE) - start
02:06:15.575 [main] DEBUG org.dbunit.dataset.AbstractTableMetaData - getColumnIndex(columnName=CNPJ_CLIENTE) - start
02:06:15.575 [main] DEBUG org.dbunit.dataset.OrderedTableNameMap - getLastTableName() - start
02:06:15.575 [main] DEBUG org.dbunit.dataset.OrderedTableNameMap - getTableName(tableName=TB_CLIENTE) - start
02:06:15.575 [main] DEBUG org.dbunit.dataset.OrderedTableNameMap - getTableName(tableName=TB_CLIENTE) - end - result=TB_CLIENTE
02:06:15.575 [main] DEBUG org.dbunit.dataset.AbstractTableMetaData - getColumnIndex(columnName=ID_CLIENTE) - start
02:06:15.575 [main] DEBUG org.dbunit.dataset.AbstractTableMetaData - getColumnIndex(columnName=NOME_CLIENTE) - start
02:06:15.575 [main] DEBUG org.dbunit.dataset.AbstractTableMetaData - getColumnIndex(columnName=EMAIL_CLIENTE) - start
02:06:15.575 [main] DEBUG org.dbunit.dataset.AbstractTableMetaData - getColumnIndex(columnName=CNPJ_CLIENTE) - start
02:06:15.575 [main] DEBUG org.dbunit.dataset.xml.FlatXmlProducer - endElement(uri=, localName=, qName=TB_CLIENTE) - start
02:06:15.575 [main] DEBUG org.dbunit.dataset.xml.FlatXmlProducer - startElement(uri=, localName=, qName=TB_CLIENTE, attributes=com.sun.org.apache.xerces.internal.parsers.AbstractSAXParser$AttributesProxy@51827393) - start
02:06:15.575 [main] DEBUG org.dbunit.dataset.OrderedTableNameMap - getLastTableName() - start
02:06:15.575 [main] DEBUG org.dbunit.dataset.OrderedTableNameMap - getTableName(tableName=TB_CLIENTE) - start
02:06:15.575 [main] DEBUG org.dbunit.dataset.OrderedTableNameMap - getTableName(tableName=TB_CLIENTE) - end - result=TB_CLIENTE
02:06:15.575 [main] DEBUG org.dbunit.dataset.OrderedTableNameMap - isLastTable(tableName=TB_CLIENTE) - start
02:06:15.576 [main] DEBUG org.dbunit.dataset.OrderedTableNameMap - getLastTableName() - start
02:06:15.576 [main] DEBUG org.dbunit.dataset.OrderedTableNameMap - getTableName(tableName=TB_CLIENTE) - start
02:06:15.576 [main] DEBUG org.dbunit.dataset.OrderedTableNameMap - getTableName(tableName=TB_CLIENTE) - end - result=TB_CLIENTE
02:06:15.576 [main] DEBUG org.dbunit.dataset.OrderedTableNameMap - getTableName(tableName=TB_CLIENTE) - start
02:06:15.576 [main] DEBUG org.dbunit.dataset.OrderedTableNameMap - getTableName(tableName=TB_CLIENTE) - end - result=TB_CLIENTE
02:06:15.576 [main] DEBUG org.dbunit.dataset.OrderedTableNameMap - getLastTableName() - start
02:06:15.576 [main] DEBUG org.dbunit.dataset.OrderedTableNameMap - getTableName(tableName=TB_CLIENTE) - start
02:06:15.576 [main] DEBUG org.dbunit.dataset.OrderedTableNameMap - getTableName(tableName=TB_CLIENTE) - end - result=TB_CLIENTE
02:06:15.576 [main] DEBUG org.dbunit.dataset.AbstractTableMetaData - getColumnIndex(columnName=ID_CLIENTE) - start
02:06:15.576 [main] DEBUG org.dbunit.dataset.AbstractTableMetaData - getColumnIndex(columnName=NOME_CLIENTE) - start
02:06:15.576 [main] DEBUG org.dbunit.dataset.AbstractTableMetaData - getColumnIndex(columnName=EMAIL_CLIENTE) - start
02:06:15.576 [main] DEBUG org.dbunit.dataset.AbstractTableMetaData - getColumnIndex(columnName=CNPJ_CLIENTE) - start
02:06:15.576 [main] DEBUG org.dbunit.dataset.OrderedTableNameMap - getLastTableName() - start
02:06:15.576 [main] DEBUG org.dbunit.dataset.OrderedTableNameMap - getTableName(tableName=TB_CLIENTE) - start
02:06:15.576 [main] DEBUG org.dbunit.dataset.OrderedTableNameMap - getTableName(tableName=TB_CLIENTE) - end - result=TB_CLIENTE
02:06:15.576 [main] DEBUG org.dbunit.dataset.AbstractTableMetaData - getColumnIndex(columnName=ID_CLIENTE) - start
02:06:15.576 [main] DEBUG org.dbunit.dataset.AbstractTableMetaData - getColumnIndex(columnName=NOME_CLIENTE) - start
02:06:15.576 [main] DEBUG org.dbunit.dataset.AbstractTableMetaData - getColumnIndex(columnName=EMAIL_CLIENTE) - start
02:06:15.576 [main] DEBUG org.dbunit.dataset.AbstractTableMetaData - getColumnIndex(columnName=CNPJ_CLIENTE) - start
02:06:15.576 [main] DEBUG org.dbunit.dataset.xml.FlatXmlProducer - endElement(uri=, localName=, qName=TB_CLIENTE) - start
02:06:15.576 [main] DEBUG org.dbunit.dataset.xml.FlatXmlProducer - startElement(uri=, localName=, qName=TB_TELEFONE_CLIENTE, attributes=com.sun.org.apache.xerces.internal.parsers.AbstractSAXParser$AttributesProxy@51827393) - start
02:06:15.576 [main] DEBUG org.dbunit.dataset.OrderedTableNameMap - getLastTableName() - start
02:06:15.576 [main] DEBUG org.dbunit.dataset.OrderedTableNameMap - getTableName(tableName=TB_CLIENTE) - start
02:06:15.576 [main] DEBUG org.dbunit.dataset.OrderedTableNameMap - getTableName(tableName=TB_CLIENTE) - end - result=TB_CLIENTE
02:06:15.577 [main] DEBUG org.dbunit.dataset.OrderedTableNameMap - isLastTable(tableName=TB_TELEFONE_CLIENTE) - start
02:06:15.577 [main] DEBUG org.dbunit.dataset.OrderedTableNameMap - getLastTableName() - start
02:06:15.577 [main] DEBUG org.dbunit.dataset.OrderedTableNameMap - getTableName(tableName=TB_CLIENTE) - start
02:06:15.577 [main] DEBUG org.dbunit.dataset.OrderedTableNameMap - getTableName(tableName=TB_CLIENTE) - end - result=TB_CLIENTE
02:06:15.577 [main] DEBUG org.dbunit.dataset.OrderedTableNameMap - getTableName(tableName=TB_TELEFONE_CLIENTE) - start
02:06:15.577 [main] DEBUG org.dbunit.dataset.OrderedTableNameMap - getTableName(tableName=TB_TELEFONE_CLIENTE) - end - result=TB_TELEFONE_CLIENTE
02:06:15.577 [main] DEBUG org.dbunit.dataset.OrderedTableNameMap - getTableName(tableName=TB_TELEFONE_CLIENTE) - start
02:06:15.577 [main] DEBUG org.dbunit.dataset.OrderedTableNameMap - getTableName(tableName=TB_TELEFONE_CLIENTE) - end - result=TB_TELEFONE_CLIENTE
02:06:15.577 [main] DEBUG org.dbunit.dataset.xml.FlatXmlProducer - createTableMetaData(tableName=TB_TELEFONE_CLIENTE, attributes=com.sun.org.apache.xerces.internal.parsers.AbstractSAXParser$AttributesProxy@51827393) - start
02:06:15.577 [main] DEBUG org.dbunit.dataset.Columns - getColumns(columnNames=[], columns=[(ID_CLIENTE, UNKNOWN, nullableUnknown), (NUM_TELEFONE, UNKNOWN, nullableUnknown)]) - start
02:06:15.577 [main] DEBUG org.dbunit.dataset.OrderedTableNameMap - add(tableName=TB_TELEFONE_CLIENTE, object=tableName=TB_TELEFONE_CLIENTE, columns=[(ID_CLIENTE, UNKNOWN, nullableUnknown), (NUM_TELEFONE, UNKNOWN, nullableUnknown)], keys=[]) - start
02:06:15.577 [main] DEBUG org.dbunit.dataset.OrderedTableNameMap - getTableName(tableName=TB_TELEFONE_CLIENTE) - start
02:06:15.577 [main] DEBUG org.dbunit.dataset.OrderedTableNameMap - getTableName(tableName=TB_TELEFONE_CLIENTE) - end - result=TB_TELEFONE_CLIENTE
02:06:15.577 [main] DEBUG org.dbunit.dataset.OrderedTableNameMap - getTableName(tableName=TB_TELEFONE_CLIENTE) - start
02:06:15.577 [main] DEBUG org.dbunit.dataset.OrderedTableNameMap - getTableName(tableName=TB_TELEFONE_CLIENTE) - end - result=TB_TELEFONE_CLIENTE
02:06:15.577 [main] DEBUG org.dbunit.dataset.OrderedTableNameMap - getLastTableName() - start
02:06:15.577 [main] DEBUG org.dbunit.dataset.OrderedTableNameMap - getTableName(tableName=TB_TELEFONE_CLIENTE) - start
02:06:15.577 [main] DEBUG org.dbunit.dataset.OrderedTableNameMap - getTableName(tableName=TB_TELEFONE_CLIENTE) - end - result=TB_TELEFONE_CLIENTE
02:06:15.577 [main] DEBUG org.dbunit.dataset.AbstractTableMetaData - getColumnIndex(columnName=ID_CLIENTE) - start
02:06:15.577 [main] DEBUG org.dbunit.dataset.AbstractTableMetaData - getColumnIndex(columnName=NUM_TELEFONE) - start
02:06:15.577 [main] DEBUG org.dbunit.dataset.OrderedTableNameMap - getLastTableName() - start
02:06:15.577 [main] DEBUG org.dbunit.dataset.OrderedTableNameMap - getTableName(tableName=TB_TELEFONE_CLIENTE) - start
02:06:15.577 [main] DEBUG org.dbunit.dataset.OrderedTableNameMap - getTableName(tableName=TB_TELEFONE_CLIENTE) - end - result=TB_TELEFONE_CLIENTE
02:06:15.577 [main] DEBUG org.dbunit.dataset.AbstractTableMetaData - getColumnIndex(columnName=ID_CLIENTE) - start
02:06:15.577 [main] DEBUG org.dbunit.dataset.AbstractTableMetaData - getColumnIndex(columnName=NUM_TELEFONE) - start
02:06:15.577 [main] DEBUG org.dbunit.dataset.xml.FlatXmlProducer - endElement(uri=, localName=, qName=TB_TELEFONE_CLIENTE) - start
02:06:15.577 [main] DEBUG org.dbunit.dataset.xml.FlatXmlProducer - startElement(uri=, localName=, qName=TB_TELEFONE_CLIENTE, attributes=com.sun.org.apache.xerces.internal.parsers.AbstractSAXParser$AttributesProxy@51827393) - start
02:06:15.578 [main] DEBUG org.dbunit.dataset.OrderedTableNameMap - getLastTableName() - start
02:06:15.578 [main] DEBUG org.dbunit.dataset.OrderedTableNameMap - getTableName(tableName=TB_TELEFONE_CLIENTE) - start
02:06:15.578 [main] DEBUG org.dbunit.dataset.OrderedTableNameMap - getTableName(tableName=TB_TELEFONE_CLIENTE) - end - result=TB_TELEFONE_CLIENTE
02:06:15.578 [main] DEBUG org.dbunit.dataset.OrderedTableNameMap - isLastTable(tableName=TB_TELEFONE_CLIENTE) - start
02:06:15.578 [main] DEBUG org.dbunit.dataset.OrderedTableNameMap - getLastTableName() - start
02:06:15.578 [main] DEBUG org.dbunit.dataset.OrderedTableNameMap - getTableName(tableName=TB_TELEFONE_CLIENTE) - start
02:06:15.578 [main] DEBUG org.dbunit.dataset.OrderedTableNameMap - getTableName(tableName=TB_TELEFONE_CLIENTE) - end - result=TB_TELEFONE_CLIENTE
02:06:15.578 [main] DEBUG org.dbunit.dataset.OrderedTableNameMap - getTableName(tableName=TB_TELEFONE_CLIENTE) - start
02:06:15.578 [main] DEBUG org.dbunit.dataset.OrderedTableNameMap - getTableName(tableName=TB_TELEFONE_CLIENTE) - end - result=TB_TELEFONE_CLIENTE
02:06:15.578 [main] DEBUG org.dbunit.dataset.OrderedTableNameMap - getLastTableName() - start
02:06:15.578 [main] DEBUG org.dbunit.dataset.OrderedTableNameMap - getTableName(tableName=TB_TELEFONE_CLIENTE) - start
02:06:15.578 [main] DEBUG org.dbunit.dataset.OrderedTableNameMap - getTableName(tableName=TB_TELEFONE_CLIENTE) - end - result=TB_TELEFONE_CLIENTE
02:06:15.578 [main] DEBUG org.dbunit.dataset.AbstractTableMetaData - getColumnIndex(columnName=ID_CLIENTE) - start
02:06:15.578 [main] DEBUG org.dbunit.dataset.AbstractTableMetaData - getColumnIndex(columnName=NUM_TELEFONE) - start
02:06:15.578 [main] DEBUG org.dbunit.dataset.OrderedTableNameMap - getLastTableName() - start
02:06:15.578 [main] DEBUG org.dbunit.dataset.OrderedTableNameMap - getTableName(tableName=TB_TELEFONE_CLIENTE) - start
02:06:15.578 [main] DEBUG org.dbunit.dataset.OrderedTableNameMap - getTableName(tableName=TB_TELEFONE_CLIENTE) - end - result=TB_TELEFONE_CLIENTE
02:06:15.578 [main] DEBUG org.dbunit.dataset.AbstractTableMetaData - getColumnIndex(columnName=ID_CLIENTE) - start
02:06:15.578 [main] DEBUG org.dbunit.dataset.AbstractTableMetaData - getColumnIndex(columnName=NUM_TELEFONE) - start
02:06:15.578 [main] DEBUG org.dbunit.dataset.xml.FlatXmlProducer - endElement(uri=, localName=, qName=TB_TELEFONE_CLIENTE) - start
02:06:15.578 [main] DEBUG org.dbunit.dataset.xml.FlatXmlProducer - startElement(uri=, localName=, qName=TB_TELEFONE_CLIENTE, attributes=com.sun.org.apache.xerces.internal.parsers.AbstractSAXParser$AttributesProxy@51827393) - start
02:06:15.578 [main] DEBUG org.dbunit.dataset.OrderedTableNameMap - getLastTableName() - start
02:06:15.578 [main] DEBUG org.dbunit.dataset.OrderedTableNameMap - getTableName(tableName=TB_TELEFONE_CLIENTE) - start
02:06:15.578 [main] DEBUG org.dbunit.dataset.OrderedTableNameMap - getTableName(tableName=TB_TELEFONE_CLIENTE) - end - result=TB_TELEFONE_CLIENTE
02:06:15.578 [main] DEBUG org.dbunit.dataset.OrderedTableNameMap - isLastTable(tableName=TB_TELEFONE_CLIENTE) - start
02:06:15.578 [main] DEBUG org.dbunit.dataset.OrderedTableNameMap - getLastTableName() - start
02:06:15.578 [main] DEBUG org.dbunit.dataset.OrderedTableNameMap - getTableName(tableName=TB_TELEFONE_CLIENTE) - start
02:06:15.578 [main] DEBUG org.dbunit.dataset.OrderedTableNameMap - getTableName(tableName=TB_TELEFONE_CLIENTE) - end - result=TB_TELEFONE_CLIENTE
02:06:15.578 [main] DEBUG org.dbunit.dataset.OrderedTableNameMap - getTableName(tableName=TB_TELEFONE_CLIENTE) - start
02:06:15.578 [main] DEBUG org.dbunit.dataset.OrderedTableNameMap - getTableName(tableName=TB_TELEFONE_CLIENTE) - end - result=TB_TELEFONE_CLIENTE
02:06:15.578 [main] DEBUG org.dbunit.dataset.OrderedTableNameMap - getLastTableName() - start
02:06:15.578 [main] DEBUG org.dbunit.dataset.OrderedTableNameMap - getTableName(tableName=TB_TELEFONE_CLIENTE) - start
02:06:15.578 [main] DEBUG org.dbunit.dataset.OrderedTableNameMap - getTableName(tableName=TB_TELEFONE_CLIENTE) - end - result=TB_TELEFONE_CLIENTE
02:06:15.578 [main] DEBUG org.dbunit.dataset.AbstractTableMetaData - getColumnIndex(columnName=ID_CLIENTE) - start
02:06:15.578 [main] DEBUG org.dbunit.dataset.AbstractTableMetaData - getColumnIndex(columnName=NUM_TELEFONE) - start
02:06:15.579 [main] DEBUG org.dbunit.dataset.OrderedTableNameMap - getLastTableName() - start
02:06:15.579 [main] DEBUG org.dbunit.dataset.OrderedTableNameMap - getTableName(tableName=TB_TELEFONE_CLIENTE) - start
02:06:15.579 [main] DEBUG org.dbunit.dataset.OrderedTableNameMap - getTableName(tableName=TB_TELEFONE_CLIENTE) - end - result=TB_TELEFONE_CLIENTE
02:06:15.579 [main] DEBUG org.dbunit.dataset.AbstractTableMetaData - getColumnIndex(columnName=ID_CLIENTE) - start
02:06:15.579 [main] DEBUG org.dbunit.dataset.AbstractTableMetaData - getColumnIndex(columnName=NUM_TELEFONE) - start
02:06:15.579 [main] DEBUG org.dbunit.dataset.xml.FlatXmlProducer - endElement(uri=, localName=, qName=TB_TELEFONE_CLIENTE) - start
02:06:15.579 [main] DEBUG org.dbunit.dataset.xml.FlatXmlProducer - startElement(uri=, localName=, qName=TB_PROJETO, attributes=com.sun.org.apache.xerces.internal.parsers.AbstractSAXParser$AttributesProxy@51827393) - start
02:06:15.579 [main] DEBUG org.dbunit.dataset.OrderedTableNameMap - getLastTableName() - start
02:06:15.579 [main] DEBUG org.dbunit.dataset.OrderedTableNameMap - getTableName(tableName=TB_TELEFONE_CLIENTE) - start
02:06:15.579 [main] DEBUG org.dbunit.dataset.OrderedTableNameMap - getTableName(tableName=TB_TELEFONE_CLIENTE) - end - result=TB_TELEFONE_CLIENTE
02:06:15.579 [main] DEBUG org.dbunit.dataset.OrderedTableNameMap - isLastTable(tableName=TB_PROJETO) - start
02:06:15.579 [main] DEBUG org.dbunit.dataset.OrderedTableNameMap - getLastTableName() - start
02:06:15.579 [main] DEBUG org.dbunit.dataset.OrderedTableNameMap - getTableName(tableName=TB_TELEFONE_CLIENTE) - start
02:06:15.579 [main] DEBUG org.dbunit.dataset.OrderedTableNameMap - getTableName(tableName=TB_TELEFONE_CLIENTE) - end - result=TB_TELEFONE_CLIENTE
02:06:15.579 [main] DEBUG org.dbunit.dataset.OrderedTableNameMap - getTableName(tableName=TB_PROJETO) - start
02:06:15.579 [main] DEBUG org.dbunit.dataset.OrderedTableNameMap - getTableName(tableName=TB_PROJETO) - end - result=TB_PROJETO
02:06:15.579 [main] DEBUG org.dbunit.dataset.OrderedTableNameMap - getTableName(tableName=TB_PROJETO) - start
02:06:15.579 [main] DEBUG org.dbunit.dataset.OrderedTableNameMap - getTableName(tableName=TB_PROJETO) - end - result=TB_PROJETO
02:06:15.579 [main] DEBUG org.dbunit.dataset.xml.FlatXmlProducer - createTableMetaData(tableName=TB_PROJETO, attributes=com.sun.org.apache.xerces.internal.parsers.AbstractSAXParser$AttributesProxy@51827393) - start
02:06:15.579 [main] DEBUG org.dbunit.dataset.Columns - getColumns(columnNames=[], columns=[(ID_PROJETO, UNKNOWN, nullableUnknown), (NOME_PROJETO, UNKNOWN, nullableUnknown), (DESCRICAO_PROJETO, UNKNOWN, nullableUnknown), (ID_CLIENTE, UNKNOWN, nullableUnknown)]) - start
02:06:15.579 [main] DEBUG org.dbunit.dataset.OrderedTableNameMap - add(tableName=TB_PROJETO, object=tableName=TB_PROJETO, columns=[(ID_PROJETO, UNKNOWN, nullableUnknown), (NOME_PROJETO, UNKNOWN, nullableUnknown), (DESCRICAO_PROJETO, UNKNOWN, nullableUnknown), (ID_CLIENTE, UNKNOWN, nullableUnknown)], keys=[]) - start
02:06:15.579 [main] DEBUG org.dbunit.dataset.OrderedTableNameMap - getTableName(tableName=TB_PROJETO) - start
02:06:15.579 [main] DEBUG org.dbunit.dataset.OrderedTableNameMap - getTableName(tableName=TB_PROJETO) - end - result=TB_PROJETO
02:06:15.579 [main] DEBUG org.dbunit.dataset.OrderedTableNameMap - getTableName(tableName=TB_PROJETO) - start
02:06:15.579 [main] DEBUG org.dbunit.dataset.OrderedTableNameMap - getTableName(tableName=TB_PROJETO) - end - result=TB_PROJETO
02:06:15.579 [main] DEBUG org.dbunit.dataset.OrderedTableNameMap - getLastTableName() - start
02:06:15.579 [main] DEBUG org.dbunit.dataset.OrderedTableNameMap - getTableName(tableName=TB_PROJETO) - start
02:06:15.579 [main] DEBUG org.dbunit.dataset.OrderedTableNameMap - getTableName(tableName=TB_PROJETO) - end - result=TB_PROJETO
02:06:15.579 [main] DEBUG org.dbunit.dataset.AbstractTableMetaData - getColumnIndex(columnName=ID_PROJETO) - start
02:06:15.579 [main] DEBUG org.dbunit.dataset.AbstractTableMetaData - getColumnIndex(columnName=NOME_PROJETO) - start
02:06:15.579 [main] DEBUG org.dbunit.dataset.AbstractTableMetaData - getColumnIndex(columnName=DESCRICAO_PROJETO) - start
02:06:15.579 [main] DEBUG org.dbunit.dataset.AbstractTableMetaData - getColumnIndex(columnName=ID_CLIENTE) - start
02:06:15.579 [main] DEBUG org.dbunit.dataset.OrderedTableNameMap - getLastTableName() - start
02:06:15.579 [main] DEBUG org.dbunit.dataset.OrderedTableNameMap - getTableName(tableName=TB_PROJETO) - start
02:06:15.580 [main] DEBUG org.dbunit.dataset.OrderedTableNameMap - getTableName(tableName=TB_PROJETO) - end - result=TB_PROJETO
02:06:15.580 [main] DEBUG org.dbunit.dataset.AbstractTableMetaData - getColumnIndex(columnName=ID_PROJETO) - start
02:06:15.580 [main] DEBUG org.dbunit.dataset.AbstractTableMetaData - getColumnIndex(columnName=NOME_PROJETO) - start
02:06:15.580 [main] DEBUG org.dbunit.dataset.AbstractTableMetaData - getColumnIndex(columnName=DESCRICAO_PROJETO) - start
02:06:15.580 [main] DEBUG org.dbunit.dataset.AbstractTableMetaData - getColumnIndex(columnName=ID_CLIENTE) - start
02:06:15.580 [main] DEBUG org.dbunit.dataset.xml.FlatXmlProducer - endElement(uri=, localName=, qName=TB_PROJETO) - start
02:06:15.580 [main] DEBUG org.dbunit.dataset.xml.FlatXmlProducer - startElement(uri=, localName=, qName=TB_PROJETO, attributes=com.sun.org.apache.xerces.internal.parsers.AbstractSAXParser$AttributesProxy@51827393) - start
02:06:15.580 [main] DEBUG org.dbunit.dataset.OrderedTableNameMap - getLastTableName() - start
02:06:15.580 [main] DEBUG org.dbunit.dataset.OrderedTableNameMap - getTableName(tableName=TB_PROJETO) - start
02:06:15.580 [main] DEBUG org.dbunit.dataset.OrderedTableNameMap - getTableName(tableName=TB_PROJETO) - end - result=TB_PROJETO
02:06:15.580 [main] DEBUG org.dbunit.dataset.OrderedTableNameMap - isLastTable(tableName=TB_PROJETO) - start
02:06:15.580 [main] DEBUG org.dbunit.dataset.OrderedTableNameMap - getLastTableName() - start
02:06:15.580 [main] DEBUG org.dbunit.dataset.OrderedTableNameMap - getTableName(tableName=TB_PROJETO) - start
02:06:15.580 [main] DEBUG org.dbunit.dataset.OrderedTableNameMap - getTableName(tableName=TB_PROJETO) - end - result=TB_PROJETO
02:06:15.580 [main] DEBUG org.dbunit.dataset.OrderedTableNameMap - getTableName(tableName=TB_PROJETO) - start
02:06:15.580 [main] DEBUG org.dbunit.dataset.OrderedTableNameMap - getTableName(tableName=TB_PROJETO) - end - result=TB_PROJETO
02:06:15.580 [main] DEBUG org.dbunit.dataset.OrderedTableNameMap - getLastTableName() - start
02:06:15.580 [main] DEBUG org.dbunit.dataset.OrderedTableNameMap - getTableName(tableName=TB_PROJETO) - start
02:06:15.580 [main] DEBUG org.dbunit.dataset.OrderedTableNameMap - getTableName(tableName=TB_PROJETO) - end - result=TB_PROJETO
02:06:15.580 [main] DEBUG org.dbunit.dataset.AbstractTableMetaData - getColumnIndex(columnName=ID_PROJETO) - start
02:06:15.580 [main] DEBUG org.dbunit.dataset.AbstractTableMetaData - getColumnIndex(columnName=NOME_PROJETO) - start
02:06:15.580 [main] DEBUG org.dbunit.dataset.AbstractTableMetaData - getColumnIndex(columnName=DESCRICAO_PROJETO) - start
02:06:15.580 [main] DEBUG org.dbunit.dataset.AbstractTableMetaData - getColumnIndex(columnName=ID_CLIENTE) - start
02:06:15.580 [main] DEBUG org.dbunit.dataset.OrderedTableNameMap - getLastTableName() - start
02:06:15.580 [main] DEBUG org.dbunit.dataset.OrderedTableNameMap - getTableName(tableName=TB_PROJETO) - start
02:06:15.580 [main] DEBUG org.dbunit.dataset.OrderedTableNameMap - getTableName(tableName=TB_PROJETO) - end - result=TB_PROJETO
02:06:15.580 [main] DEBUG org.dbunit.dataset.AbstractTableMetaData - getColumnIndex(columnName=ID_PROJETO) - start
02:06:15.580 [main] DEBUG org.dbunit.dataset.AbstractTableMetaData - getColumnIndex(columnName=NOME_PROJETO) - start
02:06:15.580 [main] DEBUG org.dbunit.dataset.AbstractTableMetaData - getColumnIndex(columnName=DESCRICAO_PROJETO) - start
02:06:15.580 [main] DEBUG org.dbunit.dataset.AbstractTableMetaData - getColumnIndex(columnName=ID_CLIENTE) - start
02:06:15.580 [main] DEBUG org.dbunit.dataset.xml.FlatXmlProducer - endElement(uri=, localName=, qName=TB_PROJETO) - start
02:06:15.581 [main] DEBUG org.dbunit.dataset.xml.FlatXmlProducer - startElement(uri=, localName=, qName=TB_CALENDARIO, attributes=com.sun.org.apache.xerces.internal.parsers.AbstractSAXParser$AttributesProxy@51827393) - start
02:06:15.581 [main] DEBUG org.dbunit.dataset.OrderedTableNameMap - getLastTableName() - start
02:06:15.581 [main] DEBUG org.dbunit.dataset.OrderedTableNameMap - getTableName(tableName=TB_PROJETO) - start
02:06:15.581 [main] DEBUG org.dbunit.dataset.OrderedTableNameMap - getTableName(tableName=TB_PROJETO) - end - result=TB_PROJETO
02:06:15.581 [main] DEBUG org.dbunit.dataset.OrderedTableNameMap - isLastTable(tableName=TB_CALENDARIO) - start
02:06:15.581 [main] DEBUG org.dbunit.dataset.OrderedTableNameMap - getLastTableName() - start
02:06:15.581 [main] DEBUG org.dbunit.dataset.OrderedTableNameMap - getTableName(tableName=TB_PROJETO) - start
02:06:15.581 [main] DEBUG org.dbunit.dataset.OrderedTableNameMap - getTableName(tableName=TB_PROJETO) - end - result=TB_PROJETO
02:06:15.581 [main] DEBUG org.dbunit.dataset.OrderedTableNameMap - getTableName(tableName=TB_CALENDARIO) - start
02:06:15.581 [main] DEBUG org.dbunit.dataset.OrderedTableNameMap - getTableName(tableName=TB_CALENDARIO) - end - result=TB_CALENDARIO
02:06:15.581 [main] DEBUG org.dbunit.dataset.OrderedTableNameMap - getTableName(tableName=TB_CALENDARIO) - start
02:06:15.581 [main] DEBUG org.dbunit.dataset.OrderedTableNameMap - getTableName(tableName=TB_CALENDARIO) - end - result=TB_CALENDARIO
02:06:15.581 [main] DEBUG org.dbunit.dataset.xml.FlatXmlProducer - createTableMetaData(tableName=TB_CALENDARIO, attributes=com.sun.org.apache.xerces.internal.parsers.AbstractSAXParser$AttributesProxy@51827393) - start
02:06:15.581 [main] DEBUG org.dbunit.dataset.Columns - getColumns(columnNames=[], columns=[(ID_CALENDARIO, UNKNOWN, nullableUnknown), (DATA_INICIO, UNKNOWN, nullableUnknown), (DATA_FIM, UNKNOWN, nullableUnknown), (HORAS_TOTAIS, UNKNOWN, nullableUnknown)]) - start
02:06:15.581 [main] DEBUG org.dbunit.dataset.OrderedTableNameMap - add(tableName=TB_CALENDARIO, object=tableName=TB_CALENDARIO, columns=[(ID_CALENDARIO, UNKNOWN, nullableUnknown), (DATA_INICIO, UNKNOWN, nullableUnknown), (DATA_FIM, UNKNOWN, nullableUnknown), (HORAS_TOTAIS, UNKNOWN, nullableUnknown)], keys=[]) - start
02:06:15.581 [main] DEBUG org.dbunit.dataset.OrderedTableNameMap - getTableName(tableName=TB_CALENDARIO) - start
02:06:15.581 [main] DEBUG org.dbunit.dataset.OrderedTableNameMap - getTableName(tableName=TB_CALENDARIO) - end - result=TB_CALENDARIO
02:06:15.581 [main] DEBUG org.dbunit.dataset.OrderedTableNameMap - getTableName(tableName=TB_CALENDARIO) - start
02:06:15.581 [main] DEBUG org.dbunit.dataset.OrderedTableNameMap - getTableName(tableName=TB_CALENDARIO) - end - result=TB_CALENDARIO
02:06:15.581 [main] DEBUG org.dbunit.dataset.OrderedTableNameMap - getLastTableName() - start
02:06:15.581 [main] DEBUG org.dbunit.dataset.OrderedTableNameMap - getTableName(tableName=TB_CALENDARIO) - start
02:06:15.581 [main] DEBUG org.dbunit.dataset.OrderedTableNameMap - getTableName(tableName=TB_CALENDARIO) - end - result=TB_CALENDARIO
02:06:15.581 [main] DEBUG org.dbunit.dataset.AbstractTableMetaData - getColumnIndex(columnName=ID_CALENDARIO) - start
02:06:15.581 [main] DEBUG org.dbunit.dataset.AbstractTableMetaData - getColumnIndex(columnName=DATA_INICIO) - start
02:06:15.581 [main] DEBUG org.dbunit.dataset.AbstractTableMetaData - getColumnIndex(columnName=DATA_FIM) - start
02:06:15.581 [main] DEBUG org.dbunit.dataset.AbstractTableMetaData - getColumnIndex(columnName=HORAS_TOTAIS) - start
02:06:15.581 [main] DEBUG org.dbunit.dataset.OrderedTableNameMap - getLastTableName() - start
02:06:15.581 [main] DEBUG org.dbunit.dataset.OrderedTableNameMap - getTableName(tableName=TB_CALENDARIO) - start
02:06:15.581 [main] DEBUG org.dbunit.dataset.OrderedTableNameMap - getTableName(tableName=TB_CALENDARIO) - end - result=TB_CALENDARIO
02:06:15.581 [main] DEBUG org.dbunit.dataset.AbstractTableMetaData - getColumnIndex(columnName=ID_CALENDARIO) - start
02:06:15.581 [main] DEBUG org.dbunit.dataset.AbstractTableMetaData - getColumnIndex(columnName=DATA_INICIO) - start
02:06:15.581 [main] DEBUG org.dbunit.dataset.AbstractTableMetaData - getColumnIndex(columnName=DATA_FIM) - start
02:06:15.581 [main] DEBUG org.dbunit.dataset.AbstractTableMetaData - getColumnIndex(columnName=HORAS_TOTAIS) - start
02:06:15.582 [main] DEBUG org.dbunit.dataset.xml.FlatXmlProducer - endElement(uri=, localName=, qName=TB_CALENDARIO) - start
02:06:15.582 [main] DEBUG org.dbunit.dataset.xml.FlatXmlProducer - startElement(uri=, localName=, qName=TB_CALENDARIO, attributes=com.sun.org.apache.xerces.internal.parsers.AbstractSAXParser$AttributesProxy@51827393) - start
02:06:15.582 [main] DEBUG org.dbunit.dataset.OrderedTableNameMap - getLastTableName() - start
02:06:15.582 [main] DEBUG org.dbunit.dataset.OrderedTableNameMap - getTableName(tableName=TB_CALENDARIO) - start
02:06:15.582 [main] DEBUG org.dbunit.dataset.OrderedTableNameMap - getTableName(tableName=TB_CALENDARIO) - end - result=TB_CALENDARIO
02:06:15.582 [main] DEBUG org.dbunit.dataset.OrderedTableNameMap - isLastTable(tableName=TB_CALENDARIO) - start
02:06:15.582 [main] DEBUG org.dbunit.dataset.OrderedTableNameMap - getLastTableName() - start
02:06:15.582 [main] DEBUG org.dbunit.dataset.OrderedTableNameMap - getTableName(tableName=TB_CALENDARIO) - start
02:06:15.582 [main] DEBUG org.dbunit.dataset.OrderedTableNameMap - getTableName(tableName=TB_CALENDARIO) - end - result=TB_CALENDARIO
02:06:15.582 [main] DEBUG org.dbunit.dataset.OrderedTableNameMap - getTableName(tableName=TB_CALENDARIO) - start
02:06:15.582 [main] DEBUG org.dbunit.dataset.OrderedTableNameMap - getTableName(tableName=TB_CALENDARIO) - end - result=TB_CALENDARIO
02:06:15.582 [main] DEBUG org.dbunit.dataset.OrderedTableNameMap - getLastTableName() - start
02:06:15.582 [main] DEBUG org.dbunit.dataset.OrderedTableNameMap - getTableName(tableName=TB_CALENDARIO) - start
02:06:15.582 [main] DEBUG org.dbunit.dataset.OrderedTableNameMap - getTableName(tableName=TB_CALENDARIO) - end - result=TB_CALENDARIO
02:06:15.582 [main] DEBUG org.dbunit.dataset.AbstractTableMetaData - getColumnIndex(columnName=ID_CALENDARIO) - start
02:06:15.582 [main] DEBUG org.dbunit.dataset.AbstractTableMetaData - getColumnIndex(columnName=DATA_INICIO) - start
02:06:15.582 [main] DEBUG org.dbunit.dataset.AbstractTableMetaData - getColumnIndex(columnName=DATA_FIM) - start
02:06:15.582 [main] DEBUG org.dbunit.dataset.AbstractTableMetaData - getColumnIndex(columnName=HORAS_TOTAIS) - start
02:06:15.582 [main] DEBUG org.dbunit.dataset.OrderedTableNameMap - getLastTableName() - start
02:06:15.582 [main] DEBUG org.dbunit.dataset.OrderedTableNameMap - getTableName(tableName=TB_CALENDARIO) - start
02:06:15.582 [main] DEBUG org.dbunit.dataset.OrderedTableNameMap - getTableName(tableName=TB_CALENDARIO) - end - result=TB_CALENDARIO
02:06:15.582 [main] DEBUG org.dbunit.dataset.AbstractTableMetaData - getColumnIndex(columnName=ID_CALENDARIO) - start
[...]
02:06:15.794 [main] DEBUG org.dbunit.util.QualifiedTableName - getQualifiedName() - start
02:06:15.794 [main] DEBUG org.dbunit.util.QualifiedTableName - getQualifiedName(prefix=null, name=TB_PROJETO, escapePattern=null) - start
02:06:15.794 [main] DEBUG org.dbunit.operation.AbstractOperation - getQualifiedName(prefix=null, name=ID_PROJETO, connection=org.dbunit.database.DatabaseConnection[schema=null, connection=org.apache.derby.client.net.NetConnection@4c2869a9, super=_databaseConfig=org.dbunit.database.DatabaseConfig[, _propertyMap={http://www.dbunit.org/features/qualifiedTableNames=false, http://www.dbunit.org/properties/tableType=[Ljava.lang.String;@518cf84a, http://www.dbunit.org/properties/batchSize=100, http://www.dbunit.org/properties/statementFactory=org.dbunit.database.statement.PreparedStatementFactory@62e7dffa, http://www.dbunit.org/features/batchedStatements=false, http://www.dbunit.org/features/caseSensitiveTableNames=false, http://www.dbunit.org/features/allowEmptyFields=false, http://www.dbunit.org/properties/datatypeFactory=org.dbunit.dataset.datatype.DefaultDataTypeFactory[_toleratedDeltaMap=org.dbunit.dataset.datatype.ToleratedDeltaMap@6edcd0d8], http://www.dbunit.org/properties/metadataHandler=org.dbunit.database.DefaultMetadataHandler@6136998b, http://www.dbunit.org/properties/fetchSize=100, http://www.dbunit.org/properties/resultSetTableFactory=org.dbunit.database.CachedResultSetTableFactory@57ce634f, http://www.dbunit.org/features/datatypeWarning=true, http://www.dbunit.org/properties/escapePattern=null, http://www.dbunit.org/properties/allowVerifytabledefinitionExpectedtableCountMismatch=false}], _dataSet=AbstractDataSet[_orderedTableNameMap=null]]) - start
02:06:15.794 [main] DEBUG org.dbunit.util.QualifiedTableName - getQualifiedName() - start
02:06:15.794 [main] DEBUG org.dbunit.util.QualifiedTableName - getQualifiedName(prefix=null, name=ID_PROJETO, escapePattern=null) - start
02:06:15.794 [main] DEBUG org.dbunit.operation.AbstractOperation - getQualifiedName(prefix=null, name=NOME_PROJETO, connection=org.dbunit.database.DatabaseConnection[schema=null, connection=org.apache.derby.client.net.NetConnection@4c2869a9, super=_databaseConfig=org.dbunit.database.DatabaseConfig[, _propertyMap={http://www.dbunit.org/features/qualifiedTableNames=false, http://www.dbunit.org/properties/tableType=[Ljava.lang.String;@518cf84a, http://www.dbunit.org/properties/batchSize=100, http://www.dbunit.org/properties/statementFactory=org.dbunit.database.statement.PreparedStatementFactory@62e7dffa, http://www.dbunit.org/features/batchedStatements=false, http://www.dbunit.org/features/caseSensitiveTableNames=false, http://www.dbunit.org/features/allowEmptyFields=false, http://www.dbunit.org/properties/datatypeFactory=org.dbunit.dataset.datatype.DefaultDataTypeFactory[_toleratedDeltaMap=org.dbunit.dataset.datatype.ToleratedDeltaMap@6edcd0d8], http://www.dbunit.org/properties/metadataHandler=org.dbunit.database.DefaultMetadataHandler@6136998b, http://www.dbunit.org/properties/fetchSize=100, http://www.dbunit.org/properties/resultSetTableFactory=org.dbunit.database.CachedResultSetTableFactory@57ce634f, http://www.dbunit.org/features/datatypeWarning=true, http://www.dbunit.org/properties/escapePattern=null, http://www.dbunit.org/properties/allowVerifytabledefinitionExpectedtableCountMismatch=false}], _dataSet=AbstractDataSet[_orderedTableNameMap=null]]) - start
02:06:15.794 [main] DEBUG org.dbunit.util.QualifiedTableName - getQualifiedName() - start
02:06:15.794 [main] DEBUG org.dbunit.util.QualifiedTableName - getQualifiedName(prefix=null, name=NOME_PROJETO, escapePattern=null) - start
02:06:15.794 [main] DEBUG org.dbunit.operation.AbstractOperation - getQualifiedName(prefix=null, name=DESCRICAO_PROJETO, connection=org.dbunit.database.DatabaseConnection[schema=null, connection=org.apache.derby.client.net.NetConnection@4c2869a9, super=_databaseConfig=org.dbunit.database.DatabaseConfig[, _propertyMap={http://www.dbunit.org/features/qualifiedTableNames=false, http://www.dbunit.org/properties/tableType=[Ljava.lang.String;@518cf84a, http://www.dbunit.org/properties/batchSize=100, http://www.dbunit.org/properties/statementFactory=org.dbunit.database.statement.PreparedStatementFactory@62e7dffa, http://www.dbunit.org/features/batchedStatements=false, http://www.dbunit.org/features/caseSensitiveTableNames=false, http://www.dbunit.org/features/allowEmptyFields=false, http://www.dbunit.org/properties/datatypeFactory=org.dbunit.dataset.datatype.DefaultDataTypeFactory[_toleratedDeltaMap=org.dbunit.dataset.datatype.ToleratedDeltaMap@6edcd0d8], http://www.dbunit.org/properties/metadataHandler=org.dbunit.database.DefaultMetadataHandler@6136998b, http://www.dbunit.org/properties/fetchSize=100, http://www.dbunit.org/properties/resultSetTableFactory=org.dbunit.database.CachedResultSetTableFactory@57ce634f, http://www.dbunit.org/features/datatypeWarning=true, http://www.dbunit.org/properties/escapePattern=null, http://www.dbunit.org/properties/allowVerifytabledefinitionExpectedtableCountMismatch=false}], _dataSet=AbstractDataSet[_orderedTableNameMap=null]]) - start
02:06:15.794 [main] DEBUG org.dbunit.util.QualifiedTableName - getQualifiedName() - start
02:06:15.794 [main] DEBUG org.dbunit.util.QualifiedTableName - getQualifiedName(prefix=null, name=DESCRICAO_PROJETO, escapePattern=null) - start
02:06:15.794 [main] DEBUG org.dbunit.operation.AbstractOperation - getQualifiedName(prefix=null, name=ID_CLIENTE, connection=org.dbunit.database.DatabaseConnection[schema=null, connection=org.apache.derby.client.net.NetConnection@4c2869a9, super=_databaseConfig=org.dbunit.database.DatabaseConfig[, _propertyMap={http://www.dbunit.org/features/qualifiedTableNames=false, http://www.dbunit.org/properties/tableType=[Ljava.lang.String;@518cf84a, http://www.dbunit.org/properties/batchSize=100, http://www.dbunit.org/properties/statementFactory=org.dbunit.database.statement.PreparedStatementFactory@62e7dffa, http://www.dbunit.org/features/batchedStatements=false, http://www.dbunit.org/features/caseSensitiveTableNames=false, http://www.dbunit.org/features/allowEmptyFields=false, http://www.dbunit.org/properties/datatypeFactory=org.dbunit.dataset.datatype.DefaultDataTypeFactory[_toleratedDeltaMap=org.dbunit.dataset.datatype.ToleratedDeltaMap@6edcd0d8], http://www.dbunit.org/properties/metadataHandler=org.dbunit.database.DefaultMetadataHandler@6136998b, http://www.dbunit.org/properties/fetchSize=100, http://www.dbunit.org/properties/resultSetTableFactory=org.dbunit.database.CachedResultSetTableFactory@57ce634f, http://www.dbunit.org/features/datatypeWarning=true, http://www.dbunit.org/properties/escapePattern=null, http://www.dbunit.org/properties/allowVerifytabledefinitionExpectedtableCountMismatch=false}], _dataSet=AbstractDataSet[_orderedTableNameMap=null]]) - start
02:06:15.794 [main] DEBUG org.dbunit.util.QualifiedTableName - getQualifiedName() - start
02:06:15.794 [main] DEBUG org.dbunit.util.QualifiedTableName - getQualifiedName(prefix=null, name=ID_CLIENTE, escapePattern=null) - start
02:06:15.794 [main] DEBUG org.dbunit.operation.AbstractOperation - getQualifiedName(prefix=null, name=ID_CALENDARIO, connection=org.dbunit.database.DatabaseConnection[schema=null, connection=org.apache.derby.client.net.NetConnection@4c2869a9, super=_databaseConfig=org.dbunit.database.DatabaseConfig[, _propertyMap={http://www.dbunit.org/features/qualifiedTableNames=false, http://www.dbunit.org/properties/tableType=[Ljava.lang.String;@518cf84a, http://www.dbunit.org/properties/batchSize=100, http://www.dbunit.org/properties/statementFactory=org.dbunit.database.statement.PreparedStatementFactory@62e7dffa, http://www.dbunit.org/features/batchedStatements=false, http://www.dbunit.org/features/caseSensitiveTableNames=false, http://www.dbunit.org/features/allowEmptyFields=false, http://www.dbunit.org/properties/datatypeFactory=org.dbunit.dataset.datatype.DefaultDataTypeFactory[_toleratedDeltaMap=org.dbunit.dataset.datatype.ToleratedDeltaMap@6edcd0d8], http://www.dbunit.org/properties/metadataHandler=org.dbunit.database.DefaultMetadataHandler@6136998b, http://www.dbunit.org/properties/fetchSize=100, http://www.dbunit.org/properties/resultSetTableFactory=org.dbunit.database.CachedResultSetTableFactory@57ce634f, http://www.dbunit.org/features/datatypeWarning=true, http://www.dbunit.org/properties/escapePattern=null, http://www.dbunit.org/properties/allowVerifytabledefinitionExpectedtableCountMismatch=false}], _dataSet=AbstractDataSet[_orderedTableNameMap=null]]) - start
02:06:15.794 [main] DEBUG org.dbunit.util.QualifiedTableName - getQualifiedName() - start
02:06:15.794 [main] DEBUG org.dbunit.util.QualifiedTableName - getQualifiedName(prefix=null, name=ID_CALENDARIO, escapePattern=null) - start
02:06:15.794 [main] DEBUG org.dbunit.database.statement.PreparedStatementFactory - createPreparedBatchStatement(sql=insert into TB_PROJETO (ID_PROJETO, NOME_PROJETO, DESCRICAO_PROJETO, ID_CLIENTE, ID_CALENDARIO) values (?, ?, ?, ?, ?), connection=org.dbunit.database.DatabaseConnection[schema=null, connection=org.apache.derby.client.net.NetConnection@4c2869a9, super=_databaseConfig=org.dbunit.database.DatabaseConfig[, _propertyMap={http://www.dbunit.org/features/qualifiedTableNames=false, http://www.dbunit.org/properties/tableType=[Ljava.lang.String;@518cf84a, http://www.dbunit.org/properties/batchSize=100, http://www.dbunit.org/properties/statementFactory=org.dbunit.database.statement.PreparedStatementFactory@62e7dffa, http://www.dbunit.org/features/batchedStatements=false, http://www.dbunit.org/features/caseSensitiveTableNames=false, http://www.dbunit.org/features/allowEmptyFields=false, http://www.dbunit.org/properties/datatypeFactory=org.dbunit.dataset.datatype.DefaultDataTypeFactory[_toleratedDeltaMap=org.dbunit.dataset.datatype.ToleratedDeltaMap@6edcd0d8], http://www.dbunit.org/properties/metadataHandler=org.dbunit.database.DefaultMetadataHandler@6136998b, http://www.dbunit.org/properties/fetchSize=100, http://www.dbunit.org/properties/resultSetTableFactory=org.dbunit.database.CachedResultSetTableFactory@57ce634f, http://www.dbunit.org/features/datatypeWarning=true, http://www.dbunit.org/properties/escapePattern=null, http://www.dbunit.org/properties/allowVerifytabledefinitionExpectedtableCountMismatch=false}], _dataSet=AbstractDataSet[_orderedTableNameMap=null]]) - start
02:06:15.794 [main] DEBUG org.dbunit.database.statement.AbstractStatementFactory - supportBatchStatement(connection=org.dbunit.database.DatabaseConnection[schema=null, connection=org.apache.derby.client.net.NetConnection@4c2869a9, super=_databaseConfig=org.dbunit.database.DatabaseConfig[, _propertyMap={http://www.dbunit.org/features/qualifiedTableNames=false, http://www.dbunit.org/properties/tableType=[Ljava.lang.String;@518cf84a, http://www.dbunit.org/properties/batchSize=100, http://www.dbunit.org/properties/statementFactory=org.dbunit.database.statement.PreparedStatementFactory@62e7dffa, http://www.dbunit.org/features/batchedStatements=false, http://www.dbunit.org/features/caseSensitiveTableNames=false, http://www.dbunit.org/features/allowEmptyFields=false, http://www.dbunit.org/properties/datatypeFactory=org.dbunit.dataset.datatype.DefaultDataTypeFactory[_toleratedDeltaMap=org.dbunit.dataset.datatype.ToleratedDeltaMap@6edcd0d8], http://www.dbunit.org/properties/metadataHandler=org.dbunit.database.DefaultMetadataHandler@6136998b, http://www.dbunit.org/properties/fetchSize=100, http://www.dbunit.org/properties/resultSetTableFactory=org.dbunit.database.CachedResultSetTableFactory@57ce634f, http://www.dbunit.org/features/datatypeWarning=true, http://www.dbunit.org/properties/escapePattern=null, http://www.dbunit.org/properties/allowVerifytabledefinitionExpectedtableCountMismatch=false}], _dataSet=AbstractDataSet[_orderedTableNameMap=null]]) - start
02:06:15.796 [main] DEBUG org.dbunit.dataset.DefaultTable - getValue(row=0, column=ID_PROJETO) - start
02:06:15.797 [main] DEBUG org.dbunit.dataset.AbstractTable - assertValidRowIndex(row=0) - start
02:06:15.797 [main] DEBUG org.dbunit.dataset.AbstractTable - assertValidRowIndex(row=0, rowCount=4) - start
02:06:15.797 [main] DEBUG org.dbunit.dataset.AbstractTable - getColumnIndex(columnName=ID_PROJETO) - start
02:06:15.797 [main] DEBUG org.dbunit.dataset.AbstractTableMetaData - getColumnIndex(columnName=ID_PROJETO) - start
02:06:15.797 [main] DEBUG org.dbunit.database.statement.AutomaticPreparedBatchStatement - addValue(value=1, dataType=BIGINT) - start
02:06:15.797 [main] DEBUG org.dbunit.database.statement.SimplePreparedStatement - addValue(value=1, dataType=BIGINT) - start
02:06:15.797 [main] DEBUG org.dbunit.dataset.datatype.BigIntegerDataType - setSqlValue(value=1, column=1, statement=org.apache.derby.client.am.ClientPreparedStatement42@73017a80) - start
02:06:15.797 [main] DEBUG org.dbunit.dataset.datatype.BigIntegerDataType - typeCast(value=1) - start
02:06:15.797 [main] DEBUG org.dbunit.dataset.DefaultTable - getValue(row=0, column=NOME_PROJETO) - start
02:06:15.797 [main] DEBUG org.dbunit.dataset.AbstractTable - assertValidRowIndex(row=0) - start
02:06:15.797 [main] DEBUG org.dbunit.dataset.AbstractTable - assertValidRowIndex(row=0, rowCount=4) - start
02:06:15.797 [main] DEBUG org.dbunit.dataset.AbstractTable - getColumnIndex(columnName=NOME_PROJETO) - start
02:06:15.797 [main] DEBUG org.dbunit.dataset.AbstractTableMetaData - getColumnIndex(columnName=NOME_PROJETO) - start
02:06:15.797 [main] DEBUG org.dbunit.database.statement.AutomaticPreparedBatchStatement - addValue(value=Azure Cloud, dataType=VARCHAR) - start
02:06:15.797 [main] DEBUG org.dbunit.database.statement.SimplePreparedStatement - addValue(value=Azure Cloud, dataType=VARCHAR) - start
02:06:15.797 [main] DEBUG org.dbunit.dataset.datatype.StringDataType - setSqlValue(value=Azure Cloud, column=2, statement=org.apache.derby.client.am.ClientPreparedStatement42@73017a80) - start
02:06:15.797 [main] DEBUG org.dbunit.dataset.datatype.DataType - asString(value=Azure Cloud) - start
02:06:15.797 [main] DEBUG org.dbunit.dataset.datatype.StringDataType - typeCast(value=Azure Cloud) - start
02:06:15.797 [main] DEBUG org.dbunit.dataset.DefaultTable - getValue(row=0, column=DESCRICAO_PROJETO) - start
02:06:15.797 [main] DEBUG org.dbunit.dataset.AbstractTable - assertValidRowIndex(row=0) - start
02:06:15.797 [main] DEBUG org.dbunit.dataset.AbstractTable - assertValidRowIndex(row=0, rowCount=4) - start
02:06:15.797 [main] DEBUG org.dbunit.dataset.AbstractTable - getColumnIndex(columnName=DESCRICAO_PROJETO) - start
02:06:15.797 [main] DEBUG org.dbunit.dataset.AbstractTableMetaData - getColumnIndex(columnName=DESCRICAO_PROJETO) - start
02:06:15.797 [main] DEBUG org.dbunit.database.statement.AutomaticPreparedBatchStatement - addValue(value=Cloud platform development, dataType=VARCHAR) - start
02:06:15.797 [main] DEBUG org.dbunit.database.statement.SimplePreparedStatement - addValue(value=Cloud platform development, dataType=VARCHAR) - start
02:06:15.797 [main] DEBUG org.dbunit.dataset.datatype.StringDataType - setSqlValue(value=Cloud platform development, column=3, statement=org.apache.derby.client.am.ClientPreparedStatement42@73017a80) - start
02:06:15.797 [main] DEBUG org.dbunit.dataset.datatype.DataType - asString(value=Cloud platform development) - start
02:06:15.797 [main] DEBUG org.dbunit.dataset.datatype.StringDataType - typeCast(value=Cloud platform development) - start
02:06:15.797 [main] DEBUG org.dbunit.dataset.DefaultTable - getValue(row=0, column=ID_CLIENTE) - start
02:06:15.797 [main] DEBUG org.dbunit.dataset.AbstractTable - assertValidRowIndex(row=0) - start
02:06:15.797 [main] DEBUG org.dbunit.dataset.AbstractTable - assertValidRowIndex(row=0, rowCount=4) - start
02:06:15.797 [main] DEBUG org.dbunit.dataset.AbstractTable - getColumnIndex(columnName=ID_CLIENTE) - start
02:06:15.797 [main] DEBUG org.dbunit.dataset.AbstractTableMetaData - getColumnIndex(columnName=ID_CLIENTE) - start
02:06:15.797 [main] DEBUG org.dbunit.database.statement.AutomaticPreparedBatchStatement - addValue(value=1, dataType=BIGINT) - start
02:06:15.797 [main] DEBUG org.dbunit.database.statement.SimplePreparedStatement - addValue(value=1, dataType=BIGINT) - start
02:06:15.797 [main] DEBUG org.dbunit.dataset.datatype.BigIntegerDataType - setSqlValue(value=1, column=4, statement=org.apache.derby.client.am.ClientPreparedStatement42@73017a80) - start
02:06:15.797 [main] DEBUG org.dbunit.dataset.datatype.BigIntegerDataType - typeCast(value=1) - start
02:06:15.797 [main] DEBUG org.dbunit.dataset.DefaultTable - getValue(row=0, column=ID_CALENDARIO) - start
02:06:15.797 [main] DEBUG org.dbunit.dataset.AbstractTable - assertValidRowIndex(row=0) - start
02:06:15.797 [main] DEBUG org.dbunit.dataset.AbstractTable - assertValidRowIndex(row=0, rowCount=4) - start
02:06:15.797 [main] DEBUG org.dbunit.dataset.AbstractTable - getColumnIndex(columnName=ID_CALENDARIO) - start
02:06:15.797 [main] DEBUG org.dbunit.dataset.AbstractTableMetaData - getColumnIndex(columnName=ID_CALENDARIO) - start
02:06:15.797 [main] DEBUG org.dbunit.database.statement.AutomaticPreparedBatchStatement - addValue(value=null, dataType=BIGINT) - start
02:06:15.797 [main] DEBUG org.dbunit.database.statement.SimplePreparedStatement - addValue(value=null, dataType=BIGINT) - start
02:06:15.797 [main] DEBUG org.dbunit.dataset.datatype.AbstractDataType - getSqlType() - start
02:06:15.797 [main] DEBUG org.dbunit.database.statement.AutomaticPreparedBatchStatement - addBatch() - start
02:06:15.797 [main] DEBUG org.dbunit.database.statement.SimplePreparedStatement - addBatch() - start
02:06:15.798 [main] DEBUG org.dbunit.database.statement.AutomaticPreparedBatchStatement - close() - start
02:06:15.798 [main] DEBUG org.dbunit.database.statement.AbstractPreparedBatchStatement - close() - start
02:06:15.799 [main] DEBUG org.dbunit.database.DatabaseConnection - close() - start
[EL Fine]: connection: 2024-12-20 02:06:15.805--ServerSession(1652764753)--Connection(1887466020)--Thread(Thread[main,5,main])--disconnect
[EL Fine]: connection: 2024-12-20 02:06:15.806--ServerSession(1652764753)--Thread(Thread[main,5,main])--/file:/C:/Users/NOTDXP_017/Documents/NetBeansProjects/GerenciamentoProjetosSC/target/classes/_carga_trabalho logout successful
[EL Fine]: connection: 2024-12-20 02:06:15.806--ServerSession(1652764753)--Connection(1917442783)--Thread(Thread[main,5,main])--disconnect
]]></system-out>
    <system-err><![CDATA[dez. 20, 2024 2:06:13 AM tests.GenericTest setUpClass
INFO: Inicializando EntityManagerFactory...
dez. 20, 2024 2:06:15 AM tests.GenericTest setUpClass
INFO: EntityManagerFactory inicializado com sucesso.
dez. 20, 2024 2:06:15 AM tests.GenericTest setUpClass
INFO: Inserindo dados de teste...
dez. 20, 2024 2:06:15 AM tests.GenericTest setUpClass
SEVERE: Erro ao inicializar EntityManagerFactory: Exception processing table name='TB_PROJETO'
dez. 20, 2024 2:06:15 AM tests.GenericTest tearDownClass
INFO: Fechando EntityManagerFactory...
dez. 20, 2024 2:06:15 AM tests.GenericTest tearDownClass
INFO: EntityManagerFactory fechado com sucesso.
]]></system-err>
  </testcase>
</testsuite>