<?xml version="1.0" encoding="UTF-8"?>
<testsuite xmlns:xsi="http://www.w3.org/2001/XMLSchema-instance" xsi:noNamespaceSchemaLocation="https://maven.apache.org/surefire/maven-surefire-plugin/xsd/surefire-test-report-3.0.xsd" version="3.0" name="tests.CalendarioCrudTest" time="2.452" tests="3" errors="2" skipped="0" failures="0">
  <properties>
[...]
</properties>
  <testcase name="removerCalendario" classname="tests.CalendarioCrudTest" time="0.32">
    <error message="getSingleResult() did not retrieve any entities." type="jakarta.persistence.NoResultException"><![CDATA[jakarta.persistence.NoResultException: getSingleResult() did not retrieve any entities.
	at org.eclipse.persistence.internal.jpa.QueryImpl.throwNoResultException(QueryImpl.java:980)
	at org.eclipse.persistence.internal.jpa.QueryImpl.getSingleResult(QueryImpl.java:536)
	at org.eclipse.persistence.internal.jpa.EJBQueryImpl.getSingleResult(EJBQueryImpl.java:400)
	at tests.CalendarioCrudTest.removerCalendario(CalendarioCrudTest.java:64)
	at java.base/java.lang.reflect.Method.invoke(Method.java:580)
	at java.base/java.util.ArrayList.forEach(ArrayList.java:1596)
	at java.base/java.util.ArrayList.forEach(ArrayList.java:1596)
]]></error>
    <system-out><![CDATA[[EL Fine]: server: 2024-12-20 13:56:39.321--Thread(Thread[#1,main,5,main])--Configured server platform: org.eclipse.persistence.platform.server.NoServerPlatform
[EL Config]: metadata: 2024-12-20 13:56:39.495--ServerSession(1245065720)--Thread(Thread[#1,main,5,main])--The access type for the persistent class [class entities.Recurso] is set to [FIELD].
[EL Config]: metadata: 2024-12-20 13:56:39.522--ServerSession(1245065720)--Thread(Thread[#1,main,5,main])--The target entity (reference) class for the many to one mapping element [field projeto] is being defaulted to: class entities.Projeto.
[EL Config]: metadata: 2024-12-20 13:56:39.526--ServerSession(1245065720)--Thread(Thread[#1,main,5,main])--The access type for the persistent class [class entities.Cliente] is set to [FIELD].
[EL Config]: metadata: 2024-12-20 13:56:39.528--ServerSession(1245065720)--Thread(Thread[#1,main,5,main])--The target entity (reference) class for the one to many mapping element [field projetos] is being defaulted to: class entities.Projeto.
[EL Config]: metadata: 2024-12-20 13:56:39.532--ServerSession(1245065720)--Thread(Thread[#1,main,5,main])--The target class (reference) class for the element collection mapping element [field telefones] is being defaulted to: class java.lang.String.
[EL Config]: metadata: 2024-12-20 13:56:39.533--ServerSession(1245065720)--Thread(Thread[#1,main,5,main])--The access type for the persistent class [class entities.Documento] is set to [FIELD].
[EL Config]: metadata: 2024-12-20 13:56:39.533--ServerSession(1245065720)--Thread(Thread[#1,main,5,main])--The target entity (reference) class for the many to one mapping element [field projeto] is being defaulted to: class entities.Projeto.
[EL Config]: metadata: 2024-12-20 13:56:39.534--ServerSession(1245065720)--Thread(Thread[#1,main,5,main])--The access type for the persistent class [class entities.Projeto] is set to [FIELD].
[EL Config]: metadata: 2024-12-20 13:56:39.534--ServerSession(1245065720)--Thread(Thread[#1,main,5,main])--The target entity (reference) class for the many to one mapping element [field cliente] is being defaulted to: class entities.Cliente.
[EL Config]: metadata: 2024-12-20 13:56:39.535--ServerSession(1245065720)--Thread(Thread[#1,main,5,main])--The target entity (reference) class for the one to many mapping element [field documentos] is being defaulted to: class entities.Documento.
[EL Config]: metadata: 2024-12-20 13:56:39.535--ServerSession(1245065720)--Thread(Thread[#1,main,5,main])--The target entity (reference) class for the many to many mapping element [field departamentos] is being defaulted to: class entities.Departamento.
[EL Config]: metadata: 2024-12-20 13:56:39.535--ServerSession(1245065720)--Thread(Thread[#1,main,5,main])--The target entity (reference) class for the many to many mapping element [field fornecedores] is being defaulted to: class entities.Fornecedor.
[EL Config]: metadata: 2024-12-20 13:56:39.536--ServerSession(1245065720)--Thread(Thread[#1,main,5,main])--The target entity (reference) class for the one to one mapping element [field calendario] is being defaulted to: class entities.Calendario.
[EL Config]: metadata: 2024-12-20 13:56:39.536--ServerSession(1245065720)--Thread(Thread[#1,main,5,main])--The target entity (reference) class for the one to many mapping element [field recursos] is being defaulted to: class entities.Recurso.
[EL Config]: metadata: 2024-12-20 13:56:39.536--ServerSession(1245065720)--Thread(Thread[#1,main,5,main])--The target entity (reference) class for the one to one mapping element [field relatorio] is being defaulted to: class entities.Relatorio.
[EL Config]: metadata: 2024-12-20 13:56:39.536--ServerSession(1245065720)--Thread(Thread[#1,main,5,main])--The access type for the persistent class [class entities.Feriado] is set to [FIELD].
[EL Config]: metadata: 2024-12-20 13:56:39.536--ServerSession(1245065720)--Thread(Thread[#1,main,5,main])--The access type for the persistent class [class entities.Usuario] is set to [FIELD].
[EL Config]: metadata: 2024-12-20 13:56:39.537--ServerSession(1245065720)--Thread(Thread[#1,main,5,main])--The target entity (reference) class for the many to many mapping element [field perfis] is being defaulted to: class entities.Perfil.
[EL Config]: metadata: 2024-12-20 13:56:39.537--ServerSession(1245065720)--Thread(Thread[#1,main,5,main])--The target entity (reference) class for the one to many mapping element [field tarefas] is being defaulted to: class entities.Tarefa.
[EL Config]: metadata: 2024-12-20 13:56:39.537--ServerSession(1245065720)--Thread(Thread[#1,main,5,main])--The access type for the persistent class [class entities.Tarefa] is set to [FIELD].
[EL Config]: metadata: 2024-12-20 13:56:39.538--ServerSession(1245065720)--Thread(Thread[#1,main,5,main])--The target entity (reference) class for the many to one mapping element [field projeto] is being defaulted to: class entities.Projeto.
[EL Config]: metadata: 2024-12-20 13:56:39.538--ServerSession(1245065720)--Thread(Thread[#1,main,5,main])--The target entity (reference) class for the many to one mapping element [field usuarioResponsavel] is being defaulted to: class entities.Usuario.
[EL Config]: metadata: 2024-12-20 13:56:39.538--ServerSession(1245065720)--Thread(Thread[#1,main,5,main])--The access type for the persistent class [class entities.Relatorio] is set to [FIELD].
[EL Config]: metadata: 2024-12-20 13:56:39.538--ServerSession(1245065720)--Thread(Thread[#1,main,5,main])--The target entity (reference) class for the one to one mapping element [field projeto] is being defaulted to: class entities.Projeto.
[EL Config]: metadata: 2024-12-20 13:56:39.539--ServerSession(1245065720)--Thread(Thread[#1,main,5,main])--The access type for the persistent class [class entities.Fornecedor] is set to [FIELD].
[EL Config]: metadata: 2024-12-20 13:56:39.539--ServerSession(1245065720)--Thread(Thread[#1,main,5,main])--The target class (reference) class for the element collection mapping element [field enderecos] is being defaulted to: class java.lang.String.
[EL Config]: metadata: 2024-12-20 13:56:39.539--ServerSession(1245065720)--Thread(Thread[#1,main,5,main])--The target entity (reference) class for the many to many mapping element [field projetos] is being defaulted to: class entities.Projeto.
[EL Config]: metadata: 2024-12-20 13:56:39.539--ServerSession(1245065720)--Thread(Thread[#1,main,5,main])--The target class (reference) class for the element collection mapping element [field telefones] is being defaulted to: class java.lang.String.
[EL Config]: metadata: 2024-12-20 13:56:39.54--ServerSession(1245065720)--Thread(Thread[#1,main,5,main])--The access type for the persistent class [class entities.Departamento] is set to [FIELD].
[EL Config]: metadata: 2024-12-20 13:56:39.54--ServerSession(1245065720)--Thread(Thread[#1,main,5,main])--The target entity (reference) class for the many to many mapping element [field projetos] is being defaulted to: class entities.Projeto.
[EL Config]: metadata: 2024-12-20 13:56:39.54--ServerSession(1245065720)--Thread(Thread[#1,main,5,main])--The access type for the persistent class [class entities.Perfil] is set to [FIELD].
[EL Config]: metadata: 2024-12-20 13:56:39.54--ServerSession(1245065720)--Thread(Thread[#1,main,5,main])--The target entity (reference) class for the many to many mapping element [field usuarios] is being defaulted to: class entities.Usuario.
[EL Config]: metadata: 2024-12-20 13:56:39.541--ServerSession(1245065720)--Thread(Thread[#1,main,5,main])--The access type for the persistent class [class entities.Calendario] is set to [FIELD].
[EL Config]: metadata: 2024-12-20 13:56:39.541--ServerSession(1245065720)--Thread(Thread[#1,main,5,main])--The target entity (reference) class for the one to one mapping element [field projeto] is being defaulted to: class entities.Projeto.
[EL Config]: metadata: 2024-12-20 13:56:39.541--ServerSession(1245065720)--Thread(Thread[#1,main,5,main])--The alias name for the entity class [class entities.Recurso] is being defaulted to: Recurso.
[EL Config]: metadata: 2024-12-20 13:56:39.552--ServerSession(1245065720)--Thread(Thread[#1,main,5,main])--The alias name for the entity class [class entities.Cliente] is being defaulted to: Cliente.
[EL Config]: metadata: 2024-12-20 13:56:39.553--ServerSession(1245065720)--Thread(Thread[#1,main,5,main])--The alias name for the entity class [class entities.Documento] is being defaulted to: Documento.
[EL Config]: metadata: 2024-12-20 13:56:39.556--ServerSession(1245065720)--Thread(Thread[#1,main,5,main])--The alias name for the entity class [class entities.Projeto] is being defaulted to: Projeto.
[EL Config]: metadata: 2024-12-20 13:56:39.557--ServerSession(1245065720)--Thread(Thread[#1,main,5,main])--The alias name for the entity class [class entities.Feriado] is being defaulted to: Feriado.
[EL Config]: metadata: 2024-12-20 13:56:39.557--ServerSession(1245065720)--Thread(Thread[#1,main,5,main])--The alias name for the entity class [class entities.Usuario] is being defaulted to: Usuario.
[EL Config]: metadata: 2024-12-20 13:56:39.558--ServerSession(1245065720)--Thread(Thread[#1,main,5,main])--The alias name for the entity class [class entities.Tarefa] is being defaulted to: Tarefa.
[EL Config]: metadata: 2024-12-20 13:56:39.558--ServerSession(1245065720)--Thread(Thread[#1,main,5,main])--The alias name for the entity class [class entities.Relatorio] is being defaulted to: Relatorio.
[EL Config]: metadata: 2024-12-20 13:56:39.558--ServerSession(1245065720)--Thread(Thread[#1,main,5,main])--The alias name for the entity class [class entities.Fornecedor] is being defaulted to: Fornecedor.
[EL Config]: metadata: 2024-12-20 13:56:39.559--ServerSession(1245065720)--Thread(Thread[#1,main,5,main])--The alias name for the entity class [class entities.Departamento] is being defaulted to: Departamento.
[EL Config]: metadata: 2024-12-20 13:56:39.559--ServerSession(1245065720)--Thread(Thread[#1,main,5,main])--The alias name for the entity class [class entities.Perfil] is being defaulted to: Perfil.
[EL Config]: metadata: 2024-12-20 13:56:39.559--ServerSession(1245065720)--Thread(Thread[#1,main,5,main])--The alias name for the entity class [class entities.Calendario] is being defaulted to: Calendario.
[EL Config]: metadata: 2024-12-20 13:56:39.568--ServerSession(1245065720)--Thread(Thread[#1,main,5,main])--The primary key column name for the mapping element [field telefones] is being defaulted to: ID_CLIENTE.
[EL Config]: metadata: 2024-12-20 13:56:39.569--ServerSession(1245065720)--Thread(Thread[#1,main,5,main])--The primary key column name for the mapping element [field enderecos] is being defaulted to: ID_FORNECEDOR.
[EL Config]: metadata: 2024-12-20 13:56:39.57--ServerSession(1245065720)--Thread(Thread[#1,main,5,main])--The primary key column name for the mapping element [field telefones] is being defaulted to: ID_FORNECEDOR.
[EL Config]: metadata: 2024-12-20 13:56:39.574--ServerSession(1245065720)--Thread(Thread[#1,main,5,main])--The primary key column name for the mapping element [field projeto] is being defaulted to: ID_PROJETO.
[EL Config]: metadata: 2024-12-20 13:56:39.574--ServerSession(1245065720)--Thread(Thread[#1,main,5,main])--The primary key column name for the mapping element [field projeto] is being defaulted to: ID_PROJETO.
[EL Config]: metadata: 2024-12-20 13:56:39.575--ServerSession(1245065720)--Thread(Thread[#1,main,5,main])--The primary key column name for the mapping element [field cliente] is being defaulted to: ID_CLIENTE.
[EL Config]: metadata: 2024-12-20 13:56:39.579--ServerSession(1245065720)--Thread(Thread[#1,main,5,main])--The source primary key column name for the many to many mapping [field fornecedores] is being defaulted to: ID_PROJETO.
[EL Config]: metadata: 2024-12-20 13:56:39.58--ServerSession(1245065720)--Thread(Thread[#1,main,5,main])--The target primary key column name for the many to many mapping [field fornecedores] is being defaulted to: ID_FORNECEDOR.
[EL Config]: metadata: 2024-12-20 13:56:39.58--ServerSession(1245065720)--Thread(Thread[#1,main,5,main])--The primary key column name for the mapping element [field calendario] is being defaulted to: ID_CALENDARIO.
[EL Config]: metadata: 2024-12-20 13:56:39.581--ServerSession(1245065720)--Thread(Thread[#1,main,5,main])--The primary key column name for the mapping element [field relatorio] is being defaulted to: ID_RELATORIO.
[EL Config]: metadata: 2024-12-20 13:56:39.582--ServerSession(1245065720)--Thread(Thread[#1,main,5,main])--The source primary key column name for the many to many mapping [field perfis] is being defaulted to: ID_USUARIO.
[EL Config]: metadata: 2024-12-20 13:56:39.582--ServerSession(1245065720)--Thread(Thread[#1,main,5,main])--The target primary key column name for the many to many mapping [field perfis] is being defaulted to: ID_PERFIL.
[EL Config]: metadata: 2024-12-20 13:56:39.582--ServerSession(1245065720)--Thread(Thread[#1,main,5,main])--The primary key column name for the mapping element [field projeto] is being defaulted to: ID_PROJETO.
[EL Config]: metadata: 2024-12-20 13:56:39.583--ServerSession(1245065720)--Thread(Thread[#1,main,5,main])--The primary key column name for the mapping element [field usuarioResponsavel] is being defaulted to: ID_USUARIO.
[EL Config]: metadata: 2024-12-20 13:56:39.583--ServerSession(1245065720)--Thread(Thread[#1,main,5,main])--The source primary key column name for the many to many mapping [field projetos] is being defaulted to: ID_DEPARTAMENTO.
[EL Config]: metadata: 2024-12-20 13:56:39.584--ServerSession(1245065720)--Thread(Thread[#1,main,5,main])--The target primary key column name for the many to many mapping [field projetos] is being defaulted to: ID_PROJETO.
13:56:39.686 [main] DEBUG org.jboss.logging - Logging Provider: org.jboss.logging.Slf4jLoggerProvider
13:56:39.689 [main] INFO org.hibernate.validator.internal.util.Version - HV000001: Hibernate Validator 8.0.1.Final
13:56:39.698 [main] DEBUG org.hibernate.validator.internal.xml.config.ValidationXmlParser - Trying to load META-INF/validation.xml for XML based Validator configuration.
13:56:39.699 [main] DEBUG org.hibernate.validator.internal.xml.config.ResourceLoaderHelper - Trying to load META-INF/validation.xml via user class loader
13:56:39.699 [main] DEBUG org.hibernate.validator.internal.xml.config.ResourceLoaderHelper - Trying to load META-INF/validation.xml via TCCL
13:56:39.699 [main] DEBUG org.hibernate.validator.internal.xml.config.ResourceLoaderHelper - Trying to load META-INF/validation.xml via Hibernate Validator's class loader
13:56:39.700 [main] DEBUG org.hibernate.validator.internal.xml.config.ValidationXmlParser - No META-INF/validation.xml found. Using annotation based configuration only.
13:56:39.703 [main] DEBUG org.hibernate.validator.internal.engine.resolver.TraversableResolvers - Found jakarta.persistence.Persistence on classpath containing 'getPersistenceUtil'. Assuming JPA 2 environment. Trying to instantiate JPA aware TraversableResolver
13:56:39.704 [main] DEBUG org.hibernate.validator.internal.engine.resolver.TraversableResolvers - Instantiated JPA aware TraversableResolver of type org.hibernate.validator.internal.engine.resolver.JPATraversableResolver.
13:56:39.720 [main] DEBUG org.hibernate.validator.messageinterpolation.ResourceBundleMessageInterpolator - Loaded expression factory via original TCCL
13:56:39.802 [main] DEBUG org.hibernate.validator.internal.engine.ValidatorFactoryConfigurationHelper - HV000252: Using org.hibernate.validator.internal.engine.DefaultPropertyNodeNameProvider as property node name provider.
13:56:39.807 [main] DEBUG org.hibernate.validator.internal.engine.ValidatorFactoryConfigurationHelper - HV000234: Using org.hibernate.validator.messageinterpolation.ResourceBundleMessageInterpolator as ValidatorFactory-scoped message interpolator.
13:56:39.807 [main] DEBUG org.hibernate.validator.internal.engine.ValidatorFactoryConfigurationHelper - HV000234: Using org.hibernate.validator.internal.engine.resolver.JPATraversableResolver as ValidatorFactory-scoped traversable resolver.
13:56:39.807 [main] DEBUG org.hibernate.validator.internal.engine.ValidatorFactoryConfigurationHelper - HV000234: Using org.hibernate.validator.internal.util.ExecutableParameterNameProvider as ValidatorFactory-scoped parameter name provider.
13:56:39.807 [main] DEBUG org.hibernate.validator.internal.engine.ValidatorFactoryConfigurationHelper - HV000234: Using org.hibernate.validator.internal.engine.DefaultClockProvider as ValidatorFactory-scoped clock provider.
13:56:39.807 [main] DEBUG org.hibernate.validator.internal.engine.ValidatorFactoryConfigurationHelper - HV000234: Using org.hibernate.validator.internal.engine.scripting.DefaultScriptEvaluatorFactory as ValidatorFactory-scoped script evaluator factory.
[EL Info]: 2024-12-20 13:56:39.874--ServerSession(1245065720)--Thread(Thread[#1,main,5,main])--EclipseLink, version: Eclipse Persistence Services - 4.0.4.v202407190748-059428cdd2583c46f1f3e50d235854840a6fa9a7
[EL Fine]: connection: 2024-12-20 13:56:39.878--ServerSession(1245065720)--Connection(557725225)--Thread(Thread[#1,main,5,main])--connecting(DatabaseLogin(
	platform=>DerbyPlatform
	user name=> "adm"
	datasource URL=> "jdbc:derby://localhost:1527/carga_trabalho;create=true"
))
[EL Config]: connection: 2024-12-20 13:56:40.145--ServerSession(1245065720)--Connection(1340086275)--Thread(Thread[#1,main,5,main])--Connected: jdbc:derby://localhost:1527/carga_trabalho;create=true
	User: adm
	Database: Apache Derby  Version: 10.16.1.1 - (1901046)
	Driver: Apache Derby Network Client JDBC Driver  Version: 10.16.1.1 - (1901046)
[EL Warning]: metadata: 2024-12-20 13:56:40.151--ServerSession(1245065720)--Thread(Thread[#1,main,5,main])--Reverting the lazy setting on the OneToOne or ManyToOne attribute [projeto] for the entity class [class entities.Recurso] since weaving was not enabled or did not occur.
[EL Warning]: metadata: 2024-12-20 13:56:40.152--ServerSession(1245065720)--Thread(Thread[#1,main,5,main])--Reverting the lazy setting on the OneToOne or ManyToOne attribute [cliente] for the entity class [class entities.Projeto] since weaving was not enabled or did not occur.
[EL Warning]: metadata: 2024-12-20 13:56:40.152--ServerSession(1245065720)--Thread(Thread[#1,main,5,main])--Reverting the lazy setting on the OneToOne or ManyToOne attribute [calendario] for the entity class [class entities.Projeto] since weaving was not enabled or did not occur.
[EL Warning]: metadata: 2024-12-20 13:56:40.152--ServerSession(1245065720)--Thread(Thread[#1,main,5,main])--Reverting the lazy setting on the OneToOne or ManyToOne attribute [relatorio] for the entity class [class entities.Projeto] since weaving was not enabled or did not occur.
[EL Warning]: metadata: 2024-12-20 13:56:40.153--ServerSession(1245065720)--Thread(Thread[#1,main,5,main])--Reverting the lazy setting on the OneToOne or ManyToOne attribute [projeto] for the entity class [class entities.Tarefa] since weaving was not enabled or did not occur.
[EL Warning]: metadata: 2024-12-20 13:56:40.153--ServerSession(1245065720)--Thread(Thread[#1,main,5,main])--Reverting the lazy setting on the OneToOne or ManyToOne attribute [usuarioResponsavel] for the entity class [class entities.Tarefa] since weaving was not enabled or did not occur.
[EL Warning]: metadata: 2024-12-20 13:56:40.154--ServerSession(1245065720)--Thread(Thread[#1,main,5,main])--Reverting the lazy setting on the OneToOne or ManyToOne attribute [projeto] for the entity class [class entities.Documento] since weaving was not enabled or did not occur.
[EL Fine]: connection: 2024-12-20 13:56:40.178--ServerSession(1245065720)--Thread(Thread[#1,main,5,main])--/file:/C:/Users/raulv/Desktop/CorporativoAtividade1/GerenciamentoProjetosSC/target/classes/_carga_trabalho login successful
[EL Fine]: sql: 2024-12-20 13:56:40.197--ServerSession(1245065720)--Connection(1340086275)--Thread(Thread[#1,main,5,main])--ALTER TABLE TB_PROJETO DROP CONSTRAINT TBPROJETODRLATORIO
[EL Fine]: sql: 2024-12-20 13:56:40.211--ServerSession(1245065720)--Connection(1340086275)--Thread(Thread[#1,main,5,main])--ALTER TABLE TB_PROJETO DROP CONSTRAINT TBPRJETODCLENDARIO
[EL Fine]: sql: 2024-12-20 13:56:40.217--ServerSession(1245065720)--Connection(1340086275)--Thread(Thread[#1,main,5,main])--ALTER TABLE TB_PROJETO DROP CONSTRAINT TBPROJETOIDCLIENTE
[EL Fine]: sql: 2024-12-20 13:56:40.222--ServerSession(1245065720)--Connection(1340086275)--Thread(Thread[#1,main,5,main])--ALTER TABLE TB_TAREFA DROP CONSTRAINT TBTAREFAUSUARIO_ID
[EL Fine]: sql: 2024-12-20 13:56:40.228--ServerSession(1245065720)--Connection(1340086275)--Thread(Thread[#1,main,5,main])--ALTER TABLE TB_TAREFA DROP CONSTRAINT TBTAREFAID_PROJETO
[EL Fine]: sql: 2024-12-20 13:56:40.234--ServerSession(1245065720)--Connection(1340086275)--Thread(Thread[#1,main,5,main])--ALTER TABLE TB_RECURSO DROP CONSTRAINT TBRECURSOIDPROJETO
[EL Fine]: sql: 2024-12-20 13:56:40.239--ServerSession(1245065720)--Connection(1340086275)--Thread(Thread[#1,main,5,main])--ALTER TABLE TB_DOCUMENTO DROP CONSTRAINT TBDCUMENTODPROJETO
[EL Fine]: sql: 2024-12-20 13:56:40.244--ServerSession(1245065720)--Connection(1340086275)--Thread(Thread[#1,main,5,main])--ALTER TABLE TB_TELEFONE_CLIENTE DROP CONSTRAINT TBTLFNCLIENTEDCLNT
[EL Fine]: sql: 2024-12-20 13:56:40.249--ServerSession(1245065720)--Connection(1340086275)--Thread(Thread[#1,main,5,main])--ALTER TABLE TB_DEPARTAMENTO_PROJETO DROP CONSTRAINT TBDPRTMNTPDDPRTMNT
[EL Fine]: sql: 2024-12-20 13:56:40.254--ServerSession(1245065720)--Connection(1340086275)--Thread(Thread[#1,main,5,main])--ALTER TABLE TB_DEPARTAMENTO_PROJETO DROP CONSTRAINT TBDPRTMNTPRJTDPRJT
[EL Fine]: sql: 2024-12-20 13:56:40.26--ServerSession(1245065720)--Connection(1340086275)--Thread(Thread[#1,main,5,main])--ALTER TABLE TB_PROJETO_FORNECEDOR DROP CONSTRAINT TBPRJTFRNCDORDPRJT
[EL Fine]: sql: 2024-12-20 13:56:40.267--ServerSession(1245065720)--Connection(1340086275)--Thread(Thread[#1,main,5,main])--ALTER TABLE TB_PROJETO_FORNECEDOR DROP CONSTRAINT TBPRJTFRNCDDFRNCDR
[EL Fine]: sql: 2024-12-20 13:56:40.273--ServerSession(1245065720)--Connection(1340086275)--Thread(Thread[#1,main,5,main])--ALTER TABLE TB_TELEFONE_USUARIO DROP CONSTRAINT TBTLFNEUSUARIODSRO
[EL Fine]: sql: 2024-12-20 13:56:40.279--ServerSession(1245065720)--Connection(1340086275)--Thread(Thread[#1,main,5,main])--ALTER TABLE TB_USUARIO_PERFIL DROP CONSTRAINT TBSRIOPERFILDSARIO
[EL Fine]: sql: 2024-12-20 13:56:40.284--ServerSession(1245065720)--Connection(1340086275)--Thread(Thread[#1,main,5,main])--ALTER TABLE TB_USUARIO_PERFIL DROP CONSTRAINT TBSRIOPERFILDPRFIL
[EL Fine]: sql: 2024-12-20 13:56:40.289--ServerSession(1245065720)--Connection(1340086275)--Thread(Thread[#1,main,5,main])--DROP TABLE TB_CLIENTE
[EL Fine]: sql: 2024-12-20 13:56:40.298--ServerSession(1245065720)--Connection(1340086275)--Thread(Thread[#1,main,5,main])--DROP TABLE TB_PROJETO
[EL Fine]: sql: 2024-12-20 13:56:40.309--ServerSession(1245065720)--Connection(1340086275)--Thread(Thread[#1,main,5,main])--DROP TABLE TB_TAREFA
[EL Fine]: sql: 2024-12-20 13:56:40.317--ServerSession(1245065720)--Connection(1340086275)--Thread(Thread[#1,main,5,main])--DROP TABLE TB_RELATORIO
[EL Fine]: sql: 2024-12-20 13:56:40.325--ServerSession(1245065720)--Connection(1340086275)--Thread(Thread[#1,main,5,main])--DROP TABLE TB_Fornecedor
[EL Fine]: sql: 2024-12-20 13:56:40.334--ServerSession(1245065720)--Connection(1340086275)--Thread(Thread[#1,main,5,main])--DROP TABLE TB_DEPARTAMENTO
[EL Fine]: sql: 2024-12-20 13:56:40.342--ServerSession(1245065720)--Connection(1340086275)--Thread(Thread[#1,main,5,main])--DROP TABLE TB_RECURSO
[EL Fine]: sql: 2024-12-20 13:56:40.347--ServerSession(1245065720)--Connection(1340086275)--Thread(Thread[#1,main,5,main])--DROP TABLE TB_DOCUMENTO
[EL Fine]: sql: 2024-12-20 13:56:40.355--ServerSession(1245065720)--Connection(1340086275)--Thread(Thread[#1,main,5,main])--DROP TABLE TB_FERIADO
[EL Fine]: sql: 2024-12-20 13:56:40.367--ServerSession(1245065720)--Connection(1340086275)--Thread(Thread[#1,main,5,main])--DROP TABLE TB_USUARIO
[EL Fine]: sql: 2024-12-20 13:56:40.376--ServerSession(1245065720)--Connection(1340086275)--Thread(Thread[#1,main,5,main])--DROP TABLE TB_PERFIL
[EL Fine]: sql: 2024-12-20 13:56:40.383--ServerSession(1245065720)--Connection(1340086275)--Thread(Thread[#1,main,5,main])--DROP TABLE TB_CALENDARIO
[EL Fine]: sql: 2024-12-20 13:56:40.39--ServerSession(1245065720)--Connection(1340086275)--Thread(Thread[#1,main,5,main])--DROP TABLE TB_TELEFONE_CLIENTE
[EL Fine]: sql: 2024-12-20 13:56:40.394--ServerSession(1245065720)--Connection(1340086275)--Thread(Thread[#1,main,5,main])--DROP TABLE TB_DEPARTAMENTO_PROJETO
[EL Fine]: sql: 2024-12-20 13:56:40.402--ServerSession(1245065720)--Connection(1340086275)--Thread(Thread[#1,main,5,main])--DROP TABLE TB_PROJETO_FORNECEDOR
[EL Fine]: sql: 2024-12-20 13:56:40.409--ServerSession(1245065720)--Connection(1340086275)--Thread(Thread[#1,main,5,main])--DROP TABLE TB_TELEFONE_USUARIO
[EL Fine]: sql: 2024-12-20 13:56:40.413--ServerSession(1245065720)--Connection(1340086275)--Thread(Thread[#1,main,5,main])--DROP TABLE TB_USUARIO_PERFIL
[EL Fine]: sql: 2024-12-20 13:56:40.438--ServerSession(1245065720)--Connection(1340086275)--Thread(Thread[#1,main,5,main])--CREATE TABLE TB_CLIENTE (ID_CLIENTE BIGINT GENERATED BY DEFAULT AS IDENTITY NOT NULL, CNPJ_CLIENTE VARCHAR(20) NOT NULL, EMAIL_CLIENTE VARCHAR(50) NOT NULL, NOME_CLIENTE VARCHAR(70) NOT NULL, PRIMARY KEY (ID_CLIENTE))
[EL Fine]: sql: 2024-12-20 13:56:40.447--ServerSession(1245065720)--Connection(1340086275)--Thread(Thread[#1,main,5,main])--CREATE TABLE TB_PROJETO (ID_PROJETO BIGINT GENERATED BY DEFAULT AS IDENTITY NOT NULL, DESCRICAO_PROJETO VARCHAR(255) NOT NULL, NOME_PROJETO VARCHAR(255) NOT NULL UNIQUE, ID_CLIENTE BIGINT NOT NULL, ID_CALENDARIO BIGINT NOT NULL, ID_RELATORIO BIGINT NOT NULL, PRIMARY KEY (ID_PROJETO))
[EL Fine]: sql: 2024-12-20 13:56:40.46--ServerSession(1245065720)--Connection(1340086275)--Thread(Thread[#1,main,5,main])--CREATE TABLE TB_TAREFA (ID_TAREFA BIGINT GENERATED BY DEFAULT AS IDENTITY NOT NULL, DATA_FIM_TAREFA DATE, DATA_INICIO_TAREFA DATE NOT NULL, DESCRICAO_TAREFA VARCHAR(500), NOME_TAREFA VARCHAR(255) NOT NULL, PRIORIDADE_TAREFA VARCHAR(50) NOT NULL, TIPO_STATUS VARCHAR(50) NOT NULL, ID_PROJETO BIGINT NOT NULL, USUARIO_ID BIGINT NOT NULL, PRIMARY KEY (ID_TAREFA))
[EL Fine]: sql: 2024-12-20 13:56:40.472--ServerSession(1245065720)--Connection(1340086275)--Thread(Thread[#1,main,5,main])--CREATE TABLE TB_RELATORIO (ID_RELATORIO BIGINT GENERATED BY DEFAULT AS IDENTITY NOT NULL, AUTOR_RELATORIO VARCHAR(255) NOT NULL, CONTEUDO_RELATORIO VARCHAR(255) NOT NULL, DATA_CRIACAO_RELATORIO DATE NOT NULL, DESCRICAO_RELATORIO VARCHAR(255) NOT NULL, TITULO_RELATORIO VARCHAR(255) NOT NULL, PRIMARY KEY (ID_RELATORIO))
[EL Fine]: sql: 2024-12-20 13:56:40.482--ServerSession(1245065720)--Connection(1340086275)--Thread(Thread[#1,main,5,main])--CREATE TABLE TB_Fornecedor (ID_FORNECEDOR BIGINT GENERATED BY DEFAULT AS IDENTITY NOT NULL, CNPJ_FORNECEDOR VARCHAR(18) NOT NULL, DATA_CADASTRO DATE, DESCRICAO VARCHAR(255), EMAIL_FORNECEDOR VARCHAR(255) NOT NULL, NOME_FORNECEDOR VARCHAR(255) NOT NULL, TIPO_FORNECEDOR VARCHAR(25) NOT NULL, TIPO_STATUS VARCHAR(40) NOT NULL, PRIMARY KEY (ID_FORNECEDOR))
[EL Fine]: sql: 2024-12-20 13:56:40.489--ServerSession(1245065720)--Connection(1340086275)--Thread(Thread[#1,main,5,main])--CREATE TABLE TB_DEPARTAMENTO (ID_DEPARTAMENTO BIGINT GENERATED BY DEFAULT AS IDENTITY NOT NULL, NOME_DEPARTAMENTO VARCHAR(50) NOT NULL, PRIMARY KEY (ID_DEPARTAMENTO))
[EL Fine]: sql: 2024-12-20 13:56:40.499--ServerSession(1245065720)--Connection(1340086275)--Thread(Thread[#1,main,5,main])--CREATE TABLE TB_RECURSO (ID_RECURSO BIGINT GENERATED BY DEFAULT AS IDENTITY NOT NULL, CUSTO_RECURSO FLOAT NOT NULL, NOME_RECURSO VARCHAR(255) NOT NULL, QUANTIDADE_RECURSO INTEGER NOT NULL, TIPO_RECURSO VARCHAR(50) NOT NULL, ID_PROJETO BIGINT NOT NULL, PRIMARY KEY (ID_RECURSO))
[EL Fine]: sql: 2024-12-20 13:56:40.508--ServerSession(1245065720)--Connection(1340086275)--Thread(Thread[#1,main,5,main])--CREATE TABLE TB_DOCUMENTO (ID_DOCUMENTO BIGINT GENERATED BY DEFAULT AS IDENTITY NOT NULL, AUTOR_DOCUMENTO VARCHAR(50) NOT NULL, CAMINHO_ARQUIVO_DOCUMENTO VARCHAR(255) NOT NULL, DATA_CRIACAO_DOCUMENTO DATE NOT NULL, TIPO_DOCUMENTO VARCHAR(50) NOT NULL, TITULO_DOCUMENTO VARCHAR(255) NOT NULL, ID_PROJETO BIGINT NOT NULL, PRIMARY KEY (ID_DOCUMENTO))
[EL Fine]: sql: 2024-12-20 13:56:40.518--ServerSession(1245065720)--Connection(1340086275)--Thread(Thread[#1,main,5,main])--CREATE TABLE TB_FERIADO (ID_FERIADO BIGINT GENERATED BY DEFAULT AS IDENTITY NOT NULL, DATA_FERIADO DATE NOT NULL UNIQUE, NOME_FERIADO VARCHAR(50) NOT NULL UNIQUE, TIPO_FERIADO VARCHAR(20) NOT NULL, PRIMARY KEY (ID_FERIADO))
[EL Fine]: sql: 2024-12-20 13:56:40.532--ServerSession(1245065720)--Connection(1340086275)--Thread(Thread[#1,main,5,main])--CREATE TABLE TB_USUARIO (ID_USUARIO BIGINT GENERATED BY DEFAULT AS IDENTITY NOT NULL, EMAIL_USUARIO VARCHAR(255) NOT NULL UNIQUE, NOME_USUARIO VARCHAR(255) NOT NULL, SENHA_USUARIO VARCHAR(255) NOT NULL, PRIMARY KEY (ID_USUARIO))
[EL Fine]: sql: 2024-12-20 13:56:40.544--ServerSession(1245065720)--Connection(1340086275)--Thread(Thread[#1,main,5,main])--CREATE TABLE TB_PERFIL (ID_PERFIL BIGINT GENERATED BY DEFAULT AS IDENTITY NOT NULL, NOME_PERFIL VARCHAR(100) NOT NULL, PRIMARY KEY (ID_PERFIL))
[EL Fine]: sql: 2024-12-20 13:56:40.552--ServerSession(1245065720)--Connection(1340086275)--Thread(Thread[#1,main,5,main])--CREATE TABLE TB_CALENDARIO (ID_CALENDARIO BIGINT GENERATED BY DEFAULT AS IDENTITY NOT NULL, DATA_FIM DATE NOT NULL, DATA_INICIO DATE NOT NULL, HORAS_TOTAIS INTEGER NOT NULL, PRIMARY KEY (ID_CALENDARIO))
[EL Fine]: sql: 2024-12-20 13:56:40.56--ServerSession(1245065720)--Connection(1340086275)--Thread(Thread[#1,main,5,main])--CREATE TABLE TB_TELEFONE_CLIENTE (ID_CLIENTE BIGINT NOT NULL, NUM_TELEFONE VARCHAR(20) NOT NULL)
[EL Fine]: sql: 2024-12-20 13:56:40.566--ServerSession(1245065720)--Connection(1340086275)--Thread(Thread[#1,main,5,main])--CREATE TABLE TB_DEPARTAMENTO_PROJETO (ID_PROJETO BIGINT NOT NULL, ID_DEPARTAMENTO BIGINT NOT NULL, PRIMARY KEY (ID_PROJETO, ID_DEPARTAMENTO))
[EL Fine]: sql: 2024-12-20 13:56:40.575--ServerSession(1245065720)--Connection(1340086275)--Thread(Thread[#1,main,5,main])--CREATE TABLE TB_PROJETO_FORNECEDOR (ID_PROJETO BIGINT NOT NULL, ID_FORNECEDOR BIGINT NOT NULL, PRIMARY KEY (ID_PROJETO, ID_FORNECEDOR))
[EL Fine]: sql: 2024-12-20 13:56:40.582--ServerSession(1245065720)--Connection(1340086275)--Thread(Thread[#1,main,5,main])--CREATE TABLE TB_TELEFONE_USUARIO (ID_USUARIO BIGINT NOT NULL, ENDERECO VARCHAR(255) NOT NULL, NUM_TELEFONE VARCHAR(20) NOT NULL)
[EL Fine]: sql: 2024-12-20 13:56:40.587--ServerSession(1245065720)--Connection(1340086275)--Thread(Thread[#1,main,5,main])--CREATE TABLE TB_USUARIO_PERFIL (ID_USUARIO BIGINT NOT NULL, ID_PERFIL BIGINT NOT NULL, PRIMARY KEY (ID_USUARIO, ID_PERFIL))
[EL Fine]: sql: 2024-12-20 13:56:40.593--ServerSession(1245065720)--Connection(1340086275)--Thread(Thread[#1,main,5,main])--ALTER TABLE TB_PROJETO ADD CONSTRAINT TBPROJETODRLATORIO FOREIGN KEY (ID_RELATORIO) REFERENCES TB_RELATORIO (ID_RELATORIO)
[EL Fine]: sql: 2024-12-20 13:56:40.598--ServerSession(1245065720)--Connection(1340086275)--Thread(Thread[#1,main,5,main])--ALTER TABLE TB_PROJETO ADD CONSTRAINT TBPRJETODCLENDARIO FOREIGN KEY (ID_CALENDARIO) REFERENCES TB_CALENDARIO (ID_CALENDARIO)
[EL Fine]: sql: 2024-12-20 13:56:40.603--ServerSession(1245065720)--Connection(1340086275)--Thread(Thread[#1,main,5,main])--ALTER TABLE TB_PROJETO ADD CONSTRAINT TBPROJETOIDCLIENTE FOREIGN KEY (ID_CLIENTE) REFERENCES TB_CLIENTE (ID_CLIENTE)
[EL Fine]: sql: 2024-12-20 13:56:40.608--ServerSession(1245065720)--Connection(1340086275)--Thread(Thread[#1,main,5,main])--ALTER TABLE TB_TAREFA ADD CONSTRAINT TBTAREFAUSUARIO_ID FOREIGN KEY (USUARIO_ID) REFERENCES TB_USUARIO (ID_USUARIO)
[EL Fine]: sql: 2024-12-20 13:56:40.613--ServerSession(1245065720)--Connection(1340086275)--Thread(Thread[#1,main,5,main])--ALTER TABLE TB_TAREFA ADD CONSTRAINT TBTAREFAID_PROJETO FOREIGN KEY (ID_PROJETO) REFERENCES TB_PROJETO (ID_PROJETO)
[EL Fine]: sql: 2024-12-20 13:56:40.618--ServerSession(1245065720)--Connection(1340086275)--Thread(Thread[#1,main,5,main])--ALTER TABLE TB_RECURSO ADD CONSTRAINT TBRECURSOIDPROJETO FOREIGN KEY (ID_PROJETO) REFERENCES TB_PROJETO (ID_PROJETO)
[EL Fine]: sql: 2024-12-20 13:56:40.623--ServerSession(1245065720)--Connection(1340086275)--Thread(Thread[#1,main,5,main])--ALTER TABLE TB_DOCUMENTO ADD CONSTRAINT TBDCUMENTODPROJETO FOREIGN KEY (ID_PROJETO) REFERENCES TB_PROJETO (ID_PROJETO)
[EL Fine]: sql: 2024-12-20 13:56:40.627--ServerSession(1245065720)--Connection(1340086275)--Thread(Thread[#1,main,5,main])--ALTER TABLE TB_TELEFONE_CLIENTE ADD CONSTRAINT TBTLFNCLIENTEDCLNT FOREIGN KEY (ID_CLIENTE) REFERENCES TB_CLIENTE (ID_CLIENTE)
[EL Fine]: sql: 2024-12-20 13:56:40.631--ServerSession(1245065720)--Connection(1340086275)--Thread(Thread[#1,main,5,main])--ALTER TABLE TB_DEPARTAMENTO_PROJETO ADD CONSTRAINT TBDPRTMNTPDDPRTMNT FOREIGN KEY (ID_DEPARTAMENTO) REFERENCES TB_DEPARTAMENTO (ID_DEPARTAMENTO)
[EL Fine]: sql: 2024-12-20 13:56:40.636--ServerSession(1245065720)--Connection(1340086275)--Thread(Thread[#1,main,5,main])--ALTER TABLE TB_DEPARTAMENTO_PROJETO ADD CONSTRAINT TBDPRTMNTPRJTDPRJT FOREIGN KEY (ID_PROJETO) REFERENCES TB_PROJETO (ID_PROJETO)
[EL Fine]: sql: 2024-12-20 13:56:40.642--ServerSession(1245065720)--Connection(1340086275)--Thread(Thread[#1,main,5,main])--ALTER TABLE TB_PROJETO_FORNECEDOR ADD CONSTRAINT TBPRJTFRNCDORDPRJT FOREIGN KEY (ID_PROJETO) REFERENCES TB_PROJETO (ID_PROJETO)
[EL Fine]: sql: 2024-12-20 13:56:40.647--ServerSession(1245065720)--Connection(1340086275)--Thread(Thread[#1,main,5,main])--ALTER TABLE TB_PROJETO_FORNECEDOR ADD CONSTRAINT TBPRJTFRNCDDFRNCDR FOREIGN KEY (ID_FORNECEDOR) REFERENCES TB_Fornecedor (ID_FORNECEDOR)
[EL Fine]: sql: 2024-12-20 13:56:40.653--ServerSession(1245065720)--Connection(1340086275)--Thread(Thread[#1,main,5,main])--ALTER TABLE TB_TELEFONE_USUARIO ADD CONSTRAINT TBTLFNEUSUARIODSRO FOREIGN KEY (ID_USUARIO) REFERENCES TB_Fornecedor (ID_FORNECEDOR)
[EL Fine]: sql: 2024-12-20 13:56:40.658--ServerSession(1245065720)--Connection(1340086275)--Thread(Thread[#1,main,5,main])--ALTER TABLE TB_USUARIO_PERFIL ADD CONSTRAINT TBSRIOPERFILDSARIO FOREIGN KEY (ID_USUARIO) REFERENCES TB_USUARIO (ID_USUARIO)
[EL Fine]: sql: 2024-12-20 13:56:40.662--ServerSession(1245065720)--Connection(1340086275)--Thread(Thread[#1,main,5,main])--ALTER TABLE TB_USUARIO_PERFIL ADD CONSTRAINT TBSRIOPERFILDPRFIL FOREIGN KEY (ID_PERFIL) REFERENCES TB_PERFIL (ID_PERFIL)
13:56:40.699 [main] DEBUG org.dbunit.database.DatabaseConnection - Database connection info: 
	database product name=Apache Derby
	database version=10.16.1.1 - (1901046)
	database major version=10
	database minor version=16
	jdbc driver name=Apache Derby Network Client JDBC Driver
	jdbc driver version=10.16.1.1 - (1901046)
	jdbc driver major version=10
	jdbc driver minor version=16

13:56:40.699 [main] DEBUG org.dbunit.database.DatabaseConnection - validateSchema(validateStrict=false) - start
13:56:40.699 [main] DEBUG org.dbunit.database.DatabaseConnection - Schema is null. Nothing to validate.
13:56:40.700 [main] DEBUG org.dbunit.dataset.xml.FlatXmlDataSetBuilder - Creating FlatXmlDataSet with builder parameters: org.dbunit.dataset.xml.FlatXmlDataSetBuilder[dtdMetadata=true, columnSensing=true, caseSensitiveTableNames=false, metaDataSet=null]
13:56:40.700 [main] DEBUG org.dbunit.dataset.xml.FlatXmlDataSetBuilder - Creating FlatXmlProducer using the properties of this builder: org.dbunit.dataset.xml.FlatXmlDataSetBuilder[dtdMetadata=true, columnSensing=true, caseSensitiveTableNames=false, metaDataSet=null]
13:56:40.708 [main] DEBUG org.dbunit.dataset.AbstractDataSet - initialize() - start
13:56:40.710 [main] DEBUG org.dbunit.dataset.CachedDataSet - createIterator(reversed=false) - start
13:56:40.710 [main] DEBUG org.dbunit.dataset.OrderedTableNameMap - orderedValues() - start
13:56:40.710 [main] DEBUG org.dbunit.dataset.xml.FlatXmlProducer - setConsumer(consumer) - start
13:56:40.711 [main] DEBUG org.dbunit.dataset.xml.FlatXmlProducer - produce() - start
13:56:40.712 [main] DEBUG org.dbunit.dataset.xml.FlatDtdProducer - setLexicalHandler(xmlReader=com.sun.org.apache.xerces.internal.jaxp.SAXParserImpl$JAXPSAXParser@7c6442c2, handler=org.dbunit.dataset.xml.FlatXmlProducer$FlatDtdHandler@2d746ce4) - start
13:56:40.713 [main] DEBUG org.dbunit.dataset.xml.FlatDtdProducer - setDeclHandler(xmlReader=com.sun.org.apache.xerces.internal.jaxp.SAXParserImpl$JAXPSAXParser@7c6442c2, handler=org.dbunit.dataset.xml.FlatXmlProducer$FlatDtdHandler@2d746ce4) - start
13:56:40.714 [main] DEBUG org.dbunit.dataset.xml.FlatXmlProducer - startElement(uri=, localName=, qName=dataset, attributes=com.sun.org.apache.xerces.internal.parsers.AbstractSAXParser$AttributesProxy@47e4d9d0) - start
13:56:40.714 [main] DEBUG org.dbunit.dataset.CachedDataSet - startDataSet() - start
13:56:40.714 [main] DEBUG org.dbunit.dataset.xml.FlatXmlProducer - startElement(uri=, localName=, qName=TB_CLIENTE, attributes=com.sun.org.apache.xerces.internal.parsers.AbstractSAXParser$AttributesProxy@47e4d9d0) - start
13:56:40.714 [main] DEBUG org.dbunit.dataset.OrderedTableNameMap - getLastTableName() - start
13:56:40.714 [main] DEBUG org.dbunit.dataset.OrderedTableNameMap - isLastTable(tableName=TB_CLIENTE) - start
13:56:40.715 [main] DEBUG org.dbunit.dataset.OrderedTableNameMap - getTableName(tableName=TB_CLIENTE) - start
13:56:40.715 [main] DEBUG org.dbunit.dataset.OrderedTableNameMap - getTableName(tableName=TB_CLIENTE) - end - result=TB_CLIENTE
13:56:40.715 [main] DEBUG org.dbunit.dataset.xml.FlatXmlProducer - createTableMetaData(tableName=TB_CLIENTE, attributes=com.sun.org.apache.xerces.internal.parsers.AbstractSAXParser$AttributesProxy@47e4d9d0) - start
13:56:40.726 [main] DEBUG org.dbunit.dataset.Columns - getColumns(columnNames=[], columns=[(ID_CLIENTE, UNKNOWN, nullableUnknown), (NOME_CLIENTE, UNKNOWN, nullableUnknown), (EMAIL_CLIENTE, UNKNOWN, nullableUnknown), (CNPJ_CLIENTE, UNKNOWN, nullableUnknown)]) - start
13:56:40.726 [main] DEBUG org.dbunit.dataset.OrderedTableNameMap - add(tableName=TB_CLIENTE, object=tableName=TB_CLIENTE, columns=[(ID_CLIENTE, UNKNOWN, nullableUnknown), (NOME_CLIENTE, UNKNOWN, nullableUnknown), (EMAIL_CLIENTE, UNKNOWN, nullableUnknown), (CNPJ_CLIENTE, UNKNOWN, nullableUnknown)], keys=[]) - start
13:56:40.726 [main] DEBUG org.dbunit.dataset.OrderedTableNameMap - getTableName(tableName=TB_CLIENTE) - start
13:56:40.726 [main] DEBUG org.dbunit.dataset.OrderedTableNameMap - getTableName(tableName=TB_CLIENTE) - end - result=TB_CLIENTE
13:56:40.726 [main] DEBUG org.dbunit.dataset.OrderedTableNameMap - getTableName(tableName=TB_CLIENTE) - start
13:56:40.726 [main] DEBUG org.dbunit.dataset.OrderedTableNameMap - getTableName(tableName=TB_CLIENTE) - end - result=TB_CLIENTE
13:56:40.727 [main] DEBUG org.dbunit.dataset.OrderedTableNameMap - getLastTableName() - start
13:56:40.727 [main] DEBUG org.dbunit.dataset.OrderedTableNameMap - getTableName(tableName=TB_CLIENTE) - start
13:56:40.727 [main] DEBUG org.dbunit.dataset.OrderedTableNameMap - getTableName(tableName=TB_CLIENTE) - end - result=TB_CLIENTE
13:56:40.727 [main] DEBUG org.dbunit.dataset.AbstractTableMetaData - getColumnIndex(columnName=ID_CLIENTE) - start
13:56:40.727 [main] DEBUG org.dbunit.dataset.AbstractTableMetaData - getColumnIndex(columnName=NOME_CLIENTE) - start
13:56:40.727 [main] DEBUG org.dbunit.dataset.AbstractTableMetaData - getColumnIndex(columnName=EMAIL_CLIENTE) - start
13:56:40.727 [main] DEBUG org.dbunit.dataset.AbstractTableMetaData - getColumnIndex(columnName=CNPJ_CLIENTE) - start
13:56:40.727 [main] DEBUG org.dbunit.dataset.OrderedTableNameMap - getLastTableName() - start
13:56:40.727 [main] DEBUG org.dbunit.dataset.OrderedTableNameMap - getTableName(tableName=TB_CLIENTE) - start
13:56:40.727 [main] DEBUG org.dbunit.dataset.OrderedTableNameMap - getTableName(tableName=TB_CLIENTE) - end - result=TB_CLIENTE
13:56:40.727 [main] DEBUG org.dbunit.dataset.AbstractTableMetaData - getColumnIndex(columnName=ID_CLIENTE) - start
13:56:40.727 [main] DEBUG org.dbunit.dataset.AbstractTableMetaData - getColumnIndex(columnName=NOME_CLIENTE) - start
13:56:40.727 [main] DEBUG org.dbunit.dataset.AbstractTableMetaData - getColumnIndex(columnName=EMAIL_CLIENTE) - start
13:56:40.728 [main] DEBUG org.dbunit.dataset.AbstractTableMetaData - getColumnIndex(columnName=CNPJ_CLIENTE) - start
13:56:40.728 [main] DEBUG org.dbunit.dataset.xml.FlatXmlProducer - endElement(uri=, localName=, qName=TB_CLIENTE) - start
13:56:40.728 [main] DEBUG org.dbunit.dataset.xml.FlatXmlProducer - startElement(uri=, localName=, qName=TB_CLIENTE, attributes=com.sun.org.apache.xerces.internal.parsers.AbstractSAXParser$AttributesProxy@47e4d9d0) - start
13:56:40.728 [main] DEBUG org.dbunit.dataset.OrderedTableNameMap - getLastTableName() - start
13:56:40.728 [main] DEBUG org.dbunit.dataset.OrderedTableNameMap - getTableName(tableName=TB_CLIENTE) - start
13:56:40.728 [main] DEBUG org.dbunit.dataset.OrderedTableNameMap - getTableName(tableName=TB_CLIENTE) - end - result=TB_CLIENTE
13:56:40.728 [main] DEBUG org.dbunit.dataset.OrderedTableNameMap - isLastTable(tableName=TB_CLIENTE) - start
13:56:40.728 [main] DEBUG org.dbunit.dataset.OrderedTableNameMap - getLastTableName() - start
13:56:40.728 [main] DEBUG org.dbunit.dataset.OrderedTableNameMap - getTableName(tableName=TB_CLIENTE) - start
13:56:40.728 [main] DEBUG org.dbunit.dataset.OrderedTableNameMap - getTableName(tableName=TB_CLIENTE) - end - result=TB_CLIENTE
13:56:40.728 [main] DEBUG org.dbunit.dataset.OrderedTableNameMap - getTableName(tableName=TB_CLIENTE) - start
13:56:40.728 [main] DEBUG org.dbunit.dataset.OrderedTableNameMap - getTableName(tableName=TB_CLIENTE) - end - result=TB_CLIENTE
13:56:40.728 [main] DEBUG org.dbunit.dataset.OrderedTableNameMap - getLastTableName() - start
13:56:40.728 [main] DEBUG org.dbunit.dataset.OrderedTableNameMap - getTableName(tableName=TB_CLIENTE) - start
13:56:40.728 [main] DEBUG org.dbunit.dataset.OrderedTableNameMap - getTableName(tableName=TB_CLIENTE) - end - result=TB_CLIENTE
13:56:40.728 [main] DEBUG org.dbunit.dataset.AbstractTableMetaData - getColumnIndex(columnName=ID_CLIENTE) - start
13:56:40.728 [main] DEBUG org.dbunit.dataset.AbstractTableMetaData - getColumnIndex(columnName=NOME_CLIENTE) - start
13:56:40.728 [main] DEBUG org.dbunit.dataset.AbstractTableMetaData - getColumnIndex(columnName=EMAIL_CLIENTE) - start
13:56:40.728 [main] DEBUG org.dbunit.dataset.AbstractTableMetaData - getColumnIndex(columnName=CNPJ_CLIENTE) - start
13:56:40.728 [main] DEBUG org.dbunit.dataset.OrderedTableNameMap - getLastTableName() - start
13:56:40.728 [main] DEBUG org.dbunit.dataset.OrderedTableNameMap - getTableName(tableName=TB_CLIENTE) - start
13:56:40.728 [main] DEBUG org.dbunit.dataset.OrderedTableNameMap - getTableName(tableName=TB_CLIENTE) - end - result=TB_CLIENTE
13:56:40.728 [main] DEBUG org.dbunit.dataset.AbstractTableMetaData - getColumnIndex(columnName=ID_CLIENTE) - start
13:56:40.728 [main] DEBUG org.dbunit.dataset.AbstractTableMetaData - getColumnIndex(columnName=NOME_CLIENTE) - start
13:56:40.728 [main] DEBUG org.dbunit.dataset.AbstractTableMetaData - getColumnIndex(columnName=EMAIL_CLIENTE) - start
13:56:40.728 [main] DEBUG org.dbunit.dataset.AbstractTableMetaData - getColumnIndex(columnName=CNPJ_CLIENTE) - start
13:56:40.728 [main] DEBUG org.dbunit.dataset.xml.FlatXmlProducer - endElement(uri=, localName=, qName=TB_CLIENTE) - start
13:56:40.729 [main] DEBUG org.dbunit.dataset.xml.FlatXmlProducer - startElement(uri=, localName=, qName=TB_TELEFONE_CLIENTE, attributes=com.sun.org.apache.xerces.internal.parsers.AbstractSAXParser$AttributesProxy@47e4d9d0) - start
13:56:40.729 [main] DEBUG org.dbunit.dataset.OrderedTableNameMap - getLastTableName() - start
13:56:40.729 [main] DEBUG org.dbunit.dataset.OrderedTableNameMap - getTableName(tableName=TB_CLIENTE) - start
13:56:40.729 [main] DEBUG org.dbunit.dataset.OrderedTableNameMap - getTableName(tableName=TB_CLIENTE) - end - result=TB_CLIENTE
13:56:40.729 [main] DEBUG org.dbunit.dataset.OrderedTableNameMap - isLastTable(tableName=TB_TELEFONE_CLIENTE) - start
13:56:40.729 [main] DEBUG org.dbunit.dataset.OrderedTableNameMap - getLastTableName() - start
13:56:40.729 [main] DEBUG org.dbunit.dataset.OrderedTableNameMap - getTableName(tableName=TB_CLIENTE) - start
13:56:40.729 [main] DEBUG org.dbunit.dataset.OrderedTableNameMap - getTableName(tableName=TB_CLIENTE) - end - result=TB_CLIENTE
13:56:40.730 [main] DEBUG org.dbunit.dataset.OrderedTableNameMap - getTableName(tableName=TB_TELEFONE_CLIENTE) - start
13:56:40.730 [main] DEBUG org.dbunit.dataset.OrderedTableNameMap - getTableName(tableName=TB_TELEFONE_CLIENTE) - end - result=TB_TELEFONE_CLIENTE
13:56:40.730 [main] DEBUG org.dbunit.dataset.OrderedTableNameMap - getTableName(tableName=TB_TELEFONE_CLIENTE) - start
13:56:40.730 [main] DEBUG org.dbunit.dataset.OrderedTableNameMap - getTableName(tableName=TB_TELEFONE_CLIENTE) - end - result=TB_TELEFONE_CLIENTE
13:56:40.730 [main] DEBUG org.dbunit.dataset.xml.FlatXmlProducer - createTableMetaData(tableName=TB_TELEFONE_CLIENTE, attributes=com.sun.org.apache.xerces.internal.parsers.AbstractSAXParser$AttributesProxy@47e4d9d0) - start
13:56:40.730 [main] DEBUG org.dbunit.dataset.Columns - getColumns(columnNames=[], columns=[(ID_CLIENTE, UNKNOWN, nullableUnknown), (NUM_TELEFONE, UNKNOWN, nullableUnknown)]) - start
13:56:40.730 [main] DEBUG org.dbunit.dataset.OrderedTableNameMap - add(tableName=TB_TELEFONE_CLIENTE, object=tableName=TB_TELEFONE_CLIENTE, columns=[(ID_CLIENTE, UNKNOWN, nullableUnknown), (NUM_TELEFONE, UNKNOWN, nullableUnknown)], keys=[]) - start
13:56:40.730 [main] DEBUG org.dbunit.dataset.OrderedTableNameMap - getTableName(tableName=TB_TELEFONE_CLIENTE) - start
13:56:40.730 [main] DEBUG org.dbunit.dataset.OrderedTableNameMap - getTableName(tableName=TB_TELEFONE_CLIENTE) - end - result=TB_TELEFONE_CLIENTE
13:56:40.730 [main] DEBUG org.dbunit.dataset.OrderedTableNameMap - getTableName(tableName=TB_TELEFONE_CLIENTE) - start
13:56:40.730 [main] DEBUG org.dbunit.dataset.OrderedTableNameMap - getTableName(tableName=TB_TELEFONE_CLIENTE) - end - result=TB_TELEFONE_CLIENTE
13:56:40.730 [main] DEBUG org.dbunit.dataset.OrderedTableNameMap - getLastTableName() - start
13:56:40.730 [main] DEBUG org.dbunit.dataset.OrderedTableNameMap - getTableName(tableName=TB_TELEFONE_CLIENTE) - start
13:56:40.730 [main] DEBUG org.dbunit.dataset.OrderedTableNameMap - getTableName(tableName=TB_TELEFONE_CLIENTE) - end - result=TB_TELEFONE_CLIENTE
13:56:40.730 [main] DEBUG org.dbunit.dataset.AbstractTableMetaData - getColumnIndex(columnName=ID_CLIENTE) - start
13:56:40.730 [main] DEBUG org.dbunit.dataset.AbstractTableMetaData - getColumnIndex(columnName=NUM_TELEFONE) - start
13:56:40.730 [main] DEBUG org.dbunit.dataset.OrderedTableNameMap - getLastTableName() - start
13:56:40.730 [main] DEBUG org.dbunit.dataset.OrderedTableNameMap - getTableName(tableName=TB_TELEFONE_CLIENTE) - start
13:56:40.730 [main] DEBUG org.dbunit.dataset.OrderedTableNameMap - getTableName(tableName=TB_TELEFONE_CLIENTE) - end - result=TB_TELEFONE_CLIENTE
13:56:40.731 [main] DEBUG org.dbunit.dataset.AbstractTableMetaData - getColumnIndex(columnName=ID_CLIENTE) - start
13:56:40.731 [main] DEBUG org.dbunit.dataset.AbstractTableMetaData - getColumnIndex(columnName=NUM_TELEFONE) - start
13:56:40.731 [main] DEBUG org.dbunit.dataset.xml.FlatXmlProducer - endElement(uri=, localName=, qName=TB_TELEFONE_CLIENTE) - start
13:56:40.731 [main] DEBUG org.dbunit.dataset.xml.FlatXmlProducer - startElement(uri=, localName=, qName=TB_TELEFONE_CLIENTE, attributes=com.sun.org.apache.xerces.internal.parsers.AbstractSAXParser$AttributesProxy@47e4d9d0) - start
13:56:40.731 [main] DEBUG org.dbunit.dataset.OrderedTableNameMap - getLastTableName() - start
13:56:40.731 [main] DEBUG org.dbunit.dataset.OrderedTableNameMap - getTableName(tableName=TB_TELEFONE_CLIENTE) - start
13:56:40.731 [main] DEBUG org.dbunit.dataset.OrderedTableNameMap - getTableName(tableName=TB_TELEFONE_CLIENTE) - end - result=TB_TELEFONE_CLIENTE
13:56:40.731 [main] DEBUG org.dbunit.dataset.OrderedTableNameMap - isLastTable(tableName=TB_TELEFONE_CLIENTE) - start
13:56:40.731 [main] DEBUG org.dbunit.dataset.OrderedTableNameMap - getLastTableName() - start
13:56:40.731 [main] DEBUG org.dbunit.dataset.OrderedTableNameMap - getTableName(tableName=TB_TELEFONE_CLIENTE) - start
13:56:40.731 [main] DEBUG org.dbunit.dataset.OrderedTableNameMap - getTableName(tableName=TB_TELEFONE_CLIENTE) - end - result=TB_TELEFONE_CLIENTE
13:56:40.731 [main] DEBUG org.dbunit.dataset.OrderedTableNameMap - getTableName(tableName=TB_TELEFONE_CLIENTE) - start
13:56:40.731 [main] DEBUG org.dbunit.dataset.OrderedTableNameMap - getTableName(tableName=TB_TELEFONE_CLIENTE) - end - result=TB_TELEFONE_CLIENTE
13:56:40.731 [main] DEBUG org.dbunit.dataset.OrderedTableNameMap - getLastTableName() - start
13:56:40.731 [main] DEBUG org.dbunit.dataset.OrderedTableNameMap - getTableName(tableName=TB_TELEFONE_CLIENTE) - start
13:56:40.731 [main] DEBUG org.dbunit.dataset.OrderedTableNameMap - getTableName(tableName=TB_TELEFONE_CLIENTE) - end - result=TB_TELEFONE_CLIENTE
13:56:40.731 [main] DEBUG org.dbunit.dataset.AbstractTableMetaData - getColumnIndex(columnName=ID_CLIENTE) - start
13:56:40.731 [main] DEBUG org.dbunit.dataset.AbstractTableMetaData - getColumnIndex(columnName=NUM_TELEFONE) - start
13:56:40.732 [main] DEBUG org.dbunit.dataset.OrderedTableNameMap - getLastTableName() - start
13:56:40.732 [main] DEBUG org.dbunit.dataset.OrderedTableNameMap - getTableName(tableName=TB_TELEFONE_CLIENTE) - start
13:56:40.732 [main] DEBUG org.dbunit.dataset.OrderedTableNameMap - getTableName(tableName=TB_TELEFONE_CLIENTE) - end - result=TB_TELEFONE_CLIENTE
13:56:40.732 [main] DEBUG org.dbunit.dataset.AbstractTableMetaData - getColumnIndex(columnName=ID_CLIENTE) - start
13:56:40.732 [main] DEBUG org.dbunit.dataset.AbstractTableMetaData - getColumnIndex(columnName=NUM_TELEFONE) - start
13:56:40.732 [main] DEBUG org.dbunit.dataset.xml.FlatXmlProducer - endElement(uri=, localName=, qName=TB_TELEFONE_CLIENTE) - start
13:56:40.732 [main] DEBUG org.dbunit.dataset.xml.FlatXmlProducer - startElement(uri=, localName=, qName=TB_TELEFONE_CLIENTE, attributes=com.sun.org.apache.xerces.internal.parsers.AbstractSAXParser$AttributesProxy@47e4d9d0) - start
13:56:40.732 [main] DEBUG org.dbunit.dataset.OrderedTableNameMap - getLastTableName() - start
13:56:40.732 [main] DEBUG org.dbunit.dataset.OrderedTableNameMap - getTableName(tableName=TB_TELEFONE_CLIENTE) - start
13:56:40.732 [main] DEBUG org.dbunit.dataset.OrderedTableNameMap - getTableName(tableName=TB_TELEFONE_CLIENTE) - end - result=TB_TELEFONE_CLIENTE
13:56:40.732 [main] DEBUG org.dbunit.dataset.OrderedTableNameMap - isLastTable(tableName=TB_TELEFONE_CLIENTE) - start
13:56:40.732 [main] DEBUG org.dbunit.dataset.OrderedTableNameMap - getLastTableName() - start
13:56:40.732 [main] DEBUG org.dbunit.dataset.OrderedTableNameMap - getTableName(tableName=TB_TELEFONE_CLIENTE) - start
13:56:40.732 [main] DEBUG org.dbunit.dataset.OrderedTableNameMap - getTableName(tableName=TB_TELEFONE_CLIENTE) - end - result=TB_TELEFONE_CLIENTE
13:56:40.732 [main] DEBUG org.dbunit.dataset.OrderedTableNameMap - getTableName(tableName=TB_TELEFONE_CLIENTE) - start
13:56:40.732 [main] DEBUG org.dbunit.dataset.OrderedTableNameMap - getTableName(tableName=TB_TELEFONE_CLIENTE) - end - result=TB_TELEFONE_CLIENTE
13:56:40.732 [main] DEBUG org.dbunit.dataset.OrderedTableNameMap - getLastTableName() - start
13:56:40.732 [main] DEBUG org.dbunit.dataset.OrderedTableNameMap - getTableName(tableName=TB_TELEFONE_CLIENTE) - start
13:56:40.732 [main] DEBUG org.dbunit.dataset.OrderedTableNameMap - getTableName(tableName=TB_TELEFONE_CLIENTE) - end - result=TB_TELEFONE_CLIENTE
13:56:40.732 [main] DEBUG org.dbunit.dataset.AbstractTableMetaData - getColumnIndex(columnName=ID_CLIENTE) - start
13:56:40.732 [main] DEBUG org.dbunit.dataset.AbstractTableMetaData - getColumnIndex(columnName=NUM_TELEFONE) - start
13:56:40.733 [main] DEBUG org.dbunit.dataset.OrderedTableNameMap - getLastTableName() - start
13:56:40.733 [main] DEBUG org.dbunit.dataset.OrderedTableNameMap - getTableName(tableName=TB_TELEFONE_CLIENTE) - start
13:56:40.733 [main] DEBUG org.dbunit.dataset.OrderedTableNameMap - getTableName(tableName=TB_TELEFONE_CLIENTE) - end - result=TB_TELEFONE_CLIENTE
13:56:40.733 [main] DEBUG org.dbunit.dataset.AbstractTableMetaData - getColumnIndex(columnName=ID_CLIENTE) - start
13:56:40.733 [main] DEBUG org.dbunit.dataset.AbstractTableMetaData - getColumnIndex(columnName=NUM_TELEFONE) - start
13:56:40.733 [main] DEBUG org.dbunit.dataset.xml.FlatXmlProducer - endElement(uri=, localName=, qName=TB_TELEFONE_CLIENTE) - start
13:56:40.733 [main] DEBUG org.dbunit.dataset.xml.FlatXmlProducer - startElement(uri=, localName=, qName=TB_RELATORIO, attributes=com.sun.org.apache.xerces.internal.parsers.AbstractSAXParser$AttributesProxy@47e4d9d0) - start
13:56:40.733 [main] DEBUG org.dbunit.dataset.OrderedTableNameMap - getLastTableName() - start
13:56:40.733 [main] DEBUG org.dbunit.dataset.OrderedTableNameMap - getTableName(tableName=TB_TELEFONE_CLIENTE) - start
13:56:40.733 [main] DEBUG org.dbunit.dataset.OrderedTableNameMap - getTableName(tableName=TB_TELEFONE_CLIENTE) - end - result=TB_TELEFONE_CLIENTE
13:56:40.733 [main] DEBUG org.dbunit.dataset.OrderedTableNameMap - isLastTable(tableName=TB_RELATORIO) - start
13:56:40.733 [main] DEBUG org.dbunit.dataset.OrderedTableNameMap - getLastTableName() - start
13:56:40.733 [main] DEBUG org.dbunit.dataset.OrderedTableNameMap - getTableName(tableName=TB_TELEFONE_CLIENTE) - start
13:56:40.733 [main] DEBUG org.dbunit.dataset.OrderedTableNameMap - getTableName(tableName=TB_TELEFONE_CLIENTE) - end - result=TB_TELEFONE_CLIENTE
13:56:40.733 [main] DEBUG org.dbunit.dataset.OrderedTableNameMap - getTableName(tableName=TB_RELATORIO) - start
13:56:40.733 [main] DEBUG org.dbunit.dataset.OrderedTableNameMap - getTableName(tableName=TB_RELATORIO) - end - result=TB_RELATORIO
13:56:40.733 [main] DEBUG org.dbunit.dataset.OrderedTableNameMap - getTableName(tableName=TB_RELATORIO) - start
13:56:40.733 [main] DEBUG org.dbunit.dataset.OrderedTableNameMap - getTableName(tableName=TB_RELATORIO) - end - result=TB_RELATORIO
13:56:40.733 [main] DEBUG org.dbunit.dataset.xml.FlatXmlProducer - createTableMetaData(tableName=TB_RELATORIO, attributes=com.sun.org.apache.xerces.internal.parsers.AbstractSAXParser$AttributesProxy@47e4d9d0) - start
13:56:40.734 [main] DEBUG org.dbunit.dataset.Columns - getColumns(columnNames=[], columns=[(ID_RELATORIO, UNKNOWN, nullableUnknown), (TITULO_RELATORIO, UNKNOWN, nullableUnknown), (DATA_CRIACAO_RELATORIO, UNKNOWN, nullableUnknown), (AUTOR_RELATORIO, UNKNOWN, nullableUnknown), (DESCRICAO_RELATORIO, UNKNOWN, nullableUnknown), (CONTEUDO_RELATORIO, UNKNOWN, nullableUnknown)]) - start
13:56:40.734 [main] DEBUG org.dbunit.dataset.OrderedTableNameMap - add(tableName=TB_RELATORIO, object=tableName=TB_RELATORIO, columns=[(ID_RELATORIO, UNKNOWN, nullableUnknown), (TITULO_RELATORIO, UNKNOWN, nullableUnknown), (DATA_CRIACAO_RELATORIO, UNKNOWN, nullableUnknown), (AUTOR_RELATORIO, UNKNOWN, nullableUnknown), (DESCRICAO_RELATORIO, UNKNOWN, nullableUnknown), (CONTEUDO_RELATORIO, UNKNOWN, nullableUnknown)], keys=[]) - start
13:56:40.734 [main] DEBUG org.dbunit.dataset.OrderedTableNameMap - getTableName(tableName=TB_RELATORIO) - start
13:56:40.734 [main] DEBUG org.dbunit.dataset.OrderedTableNameMap - getTableName(tableName=TB_RELATORIO) - end - result=TB_RELATORIO
13:56:40.734 [main] DEBUG org.dbunit.dataset.OrderedTableNameMap - getTableName(tableName=TB_RELATORIO) - start
13:56:40.734 [main] DEBUG org.dbunit.dataset.OrderedTableNameMap - getTableName(tableName=TB_RELATORIO) - end - result=TB_RELATORIO
13:56:40.734 [main] DEBUG org.dbunit.dataset.OrderedTableNameMap - getLastTableName() - start
13:56:40.734 [main] DEBUG org.dbunit.dataset.OrderedTableNameMap - getTableName(tableName=TB_RELATORIO) - start
13:56:40.734 [main] DEBUG org.dbunit.dataset.OrderedTableNameMap - getTableName(tableName=TB_RELATORIO) - end - result=TB_RELATORIO
13:56:40.734 [main] DEBUG org.dbunit.dataset.AbstractTableMetaData - getColumnIndex(columnName=ID_RELATORIO) - start
13:56:40.734 [main] DEBUG org.dbunit.dataset.AbstractTableMetaData - getColumnIndex(columnName=TITULO_RELATORIO) - start
13:56:40.734 [main] DEBUG org.dbunit.dataset.AbstractTableMetaData - getColumnIndex(columnName=DATA_CRIACAO_RELATORIO) - start
13:56:40.734 [main] DEBUG org.dbunit.dataset.AbstractTableMetaData - getColumnIndex(columnName=AUTOR_RELATORIO) - start
13:56:40.734 [main] DEBUG org.dbunit.dataset.AbstractTableMetaData - getColumnIndex(columnName=DESCRICAO_RELATORIO) - start
13:56:40.734 [main] DEBUG org.dbunit.dataset.AbstractTableMetaData - getColumnIndex(columnName=CONTEUDO_RELATORIO) - start
13:56:40.734 [main] DEBUG org.dbunit.dataset.OrderedTableNameMap - getLastTableName() - start
13:56:40.734 [main] DEBUG org.dbunit.dataset.OrderedTableNameMap - getTableName(tableName=TB_RELATORIO) - start
13:56:40.734 [main] DEBUG org.dbunit.dataset.OrderedTableNameMap - getTableName(tableName=TB_RELATORIO) - end - result=TB_RELATORIO
13:56:40.734 [main] DEBUG org.dbunit.dataset.AbstractTableMetaData - getColumnIndex(columnName=ID_RELATORIO) - start
13:56:40.734 [main] DEBUG org.dbunit.dataset.AbstractTableMetaData - getColumnIndex(columnName=TITULO_RELATORIO) - start
13:56:40.734 [main] DEBUG org.dbunit.dataset.AbstractTableMetaData - getColumnIndex(columnName=DATA_CRIACAO_RELATORIO) - start
13:56:40.734 [main] DEBUG org.dbunit.dataset.AbstractTableMetaData - getColumnIndex(columnName=AUTOR_RELATORIO) - start
13:56:40.734 [main] DEBUG org.dbunit.dataset.AbstractTableMetaData - getColumnIndex(columnName=DESCRICAO_RELATORIO) - start
13:56:40.734 [main] DEBUG org.dbunit.dataset.AbstractTableMetaData - getColumnIndex(columnName=CONTEUDO_RELATORIO) - start
13:56:40.734 [main] DEBUG org.dbunit.dataset.xml.FlatXmlProducer - endElement(uri=, localName=, qName=TB_RELATORIO) - start
13:56:40.735 [main] DEBUG org.dbunit.dataset.xml.FlatXmlProducer - startElement(uri=, localName=, qName=TB_RELATORIO, attributes=com.sun.org.apache.xerces.internal.parsers.AbstractSAXParser$AttributesProxy@47e4d9d0) - start
13:56:40.735 [main] DEBUG org.dbunit.dataset.OrderedTableNameMap - getLastTableName() - start
13:56:40.735 [main] DEBUG org.dbunit.dataset.OrderedTableNameMap - getTableName(tableName=TB_RELATORIO) - start
13:56:40.735 [main] DEBUG org.dbunit.dataset.OrderedTableNameMap - getTableName(tableName=TB_RELATORIO) - end - result=TB_RELATORIO
13:56:40.735 [main] DEBUG org.dbunit.dataset.OrderedTableNameMap - isLastTable(tableName=TB_RELATORIO) - start
13:56:40.735 [main] DEBUG org.dbunit.dataset.OrderedTableNameMap - getLastTableName() - start
13:56:40.735 [main] DEBUG org.dbunit.dataset.OrderedTableNameMap - getTableName(tableName=TB_RELATORIO) - start
13:56:40.735 [main] DEBUG org.dbunit.dataset.OrderedTableNameMap - getTableName(tableName=TB_RELATORIO) - end - result=TB_RELATORIO
13:56:40.735 [main] DEBUG org.dbunit.dataset.OrderedTableNameMap - getTableName(tableName=TB_RELATORIO) - start
13:56:40.735 [main] DEBUG org.dbunit.dataset.OrderedTableNameMap - getTableName(tableName=TB_RELATORIO) - end - result=TB_RELATORIO
13:56:40.735 [main] DEBUG org.dbunit.dataset.OrderedTableNameMap - getLastTableName() - start
13:56:40.735 [main] DEBUG org.dbunit.dataset.OrderedTableNameMap - getTableName(tableName=TB_RELATORIO) - start
13:56:40.735 [main] DEBUG org.dbunit.dataset.OrderedTableNameMap - getTableName(tableName=TB_RELATORIO) - end - result=TB_RELATORIO
13:56:40.735 [main] DEBUG org.dbunit.dataset.AbstractTableMetaData - getColumnIndex(columnName=ID_RELATORIO) - start
13:56:40.735 [main] DEBUG org.dbunit.dataset.AbstractTableMetaData - getColumnIndex(columnName=TITULO_RELATORIO) - start
13:56:40.735 [main] DEBUG org.dbunit.dataset.AbstractTableMetaData - getColumnIndex(columnName=DATA_CRIACAO_RELATORIO) - start
13:56:40.735 [main] DEBUG org.dbunit.dataset.AbstractTableMetaData - getColumnIndex(columnName=AUTOR_RELATORIO) - start
13:56:40.735 [main] DEBUG org.dbunit.dataset.AbstractTableMetaData - getColumnIndex(columnName=DESCRICAO_RELATORIO) - start
13:56:40.735 [main] DEBUG org.dbunit.dataset.AbstractTableMetaData - getColumnIndex(columnName=CONTEUDO_RELATORIO) - start
13:56:40.735 [main] DEBUG org.dbunit.dataset.OrderedTableNameMap - getLastTableName() - start
13:56:40.735 [main] DEBUG org.dbunit.dataset.OrderedTableNameMap - getTableName(tableName=TB_RELATORIO) - start
13:56:40.735 [main] DEBUG org.dbunit.dataset.OrderedTableNameMap - getTableName(tableName=TB_RELATORIO) - end - result=TB_RELATORIO
13:56:40.736 [main] DEBUG org.dbunit.dataset.AbstractTableMetaData - getColumnIndex(columnName=ID_RELATORIO) - start
13:56:40.736 [main] DEBUG org.dbunit.dataset.AbstractTableMetaData - getColumnIndex(columnName=TITULO_RELATORIO) - start
13:56:40.736 [main] DEBUG org.dbunit.dataset.AbstractTableMetaData - getColumnIndex(columnName=DATA_CRIACAO_RELATORIO) - start
13:56:40.736 [main] DEBUG org.dbunit.dataset.AbstractTableMetaData - getColumnIndex(columnName=AUTOR_RELATORIO) - start
13:56:40.736 [main] DEBUG org.dbunit.dataset.AbstractTableMetaData - getColumnIndex(columnName=DESCRICAO_RELATORIO) - start
13:56:40.736 [main] DEBUG org.dbunit.dataset.AbstractTableMetaData - getColumnIndex(columnName=CONTEUDO_RELATORIO) - start
13:56:40.736 [main] DEBUG org.dbunit.dataset.xml.FlatXmlProducer - endElement(uri=, localName=, qName=TB_RELATORIO) - start
13:56:40.736 [main] DEBUG org.dbunit.dataset.xml.FlatXmlProducer - startElement(uri=, localName=, qName=TB_CALENDARIO, attributes=com.sun.org.apache.xerces.internal.parsers.AbstractSAXParser$AttributesProxy@47e4d9d0) - start
13:56:40.736 [main] DEBUG org.dbunit.dataset.OrderedTableNameMap - getLastTableName() - start
13:56:40.736 [main] DEBUG org.dbunit.dataset.OrderedTableNameMap - getTableName(tableName=TB_RELATORIO) - start
13:56:40.736 [main] DEBUG org.dbunit.dataset.OrderedTableNameMap - getTableName(tableName=TB_RELATORIO) - end - result=TB_RELATORIO
13:56:40.736 [main] DEBUG org.dbunit.dataset.OrderedTableNameMap - isLastTable(tableName=TB_CALENDARIO) - start
13:56:40.736 [main] DEBUG org.dbunit.dataset.OrderedTableNameMap - getLastTableName() - start
13:56:40.736 [main] DEBUG org.dbunit.dataset.OrderedTableNameMap - getTableName(tableName=TB_RELATORIO) - start
13:56:40.736 [main] DEBUG org.dbunit.dataset.OrderedTableNameMap - getTableName(tableName=TB_RELATORIO) - end - result=TB_RELATORIO
13:56:40.736 [main] DEBUG org.dbunit.dataset.OrderedTableNameMap - getTableName(tableName=TB_CALENDARIO) - start
13:56:40.736 [main] DEBUG org.dbunit.dataset.OrderedTableNameMap - getTableName(tableName=TB_CALENDARIO) - end - result=TB_CALENDARIO
13:56:40.736 [main] DEBUG org.dbunit.dataset.OrderedTableNameMap - getTableName(tableName=TB_CALENDARIO) - start
13:56:40.736 [main] DEBUG org.dbunit.dataset.OrderedTableNameMap - getTableName(tableName=TB_CALENDARIO) - end - result=TB_CALENDARIO
13:56:40.736 [main] DEBUG org.dbunit.dataset.xml.FlatXmlProducer - createTableMetaData(tableName=TB_CALENDARIO, attributes=com.sun.org.apache.xerces.internal.parsers.AbstractSAXParser$AttributesProxy@47e4d9d0) - start
13:56:40.737 [main] DEBUG org.dbunit.dataset.Columns - getColumns(columnNames=[], columns=[(ID_CALENDARIO, UNKNOWN, nullableUnknown), (DATA_INICIO, UNKNOWN, nullableUnknown), (DATA_FIM, UNKNOWN, nullableUnknown), (HORAS_TOTAIS, UNKNOWN, nullableUnknown)]) - start
13:56:40.737 [main] DEBUG org.dbunit.dataset.OrderedTableNameMap - add(tableName=TB_CALENDARIO, object=tableName=TB_CALENDARIO, columns=[(ID_CALENDARIO, UNKNOWN, nullableUnknown), (DATA_INICIO, UNKNOWN, nullableUnknown), (DATA_FIM, UNKNOWN, nullableUnknown), (HORAS_TOTAIS, UNKNOWN, nullableUnknown)], keys=[]) - start
13:56:40.737 [main] DEBUG org.dbunit.dataset.OrderedTableNameMap - getTableName(tableName=TB_CALENDARIO) - start
13:56:40.737 [main] DEBUG org.dbunit.dataset.OrderedTableNameMap - getTableName(tableName=TB_CALENDARIO) - end - result=TB_CALENDARIO
13:56:40.737 [main] DEBUG org.dbunit.dataset.OrderedTableNameMap - getTableName(tableName=TB_CALENDARIO) - start
13:56:40.737 [main] DEBUG org.dbunit.dataset.OrderedTableNameMap - getTableName(tableName=TB_CALENDARIO) - end - result=TB_CALENDARIO
13:56:40.737 [main] DEBUG org.dbunit.dataset.OrderedTableNameMap - getLastTableName() - start
13:56:40.737 [main] DEBUG org.dbunit.dataset.OrderedTableNameMap - getTableName(tableName=TB_CALENDARIO) - start
13:56:40.737 [main] DEBUG org.dbunit.dataset.OrderedTableNameMap - getTableName(tableName=TB_CALENDARIO) - end - result=TB_CALENDARIO
13:56:40.737 [main] DEBUG org.dbunit.dataset.AbstractTableMetaData - getColumnIndex(columnName=ID_CALENDARIO) - start
13:56:40.737 [main] DEBUG org.dbunit.dataset.AbstractTableMetaData - getColumnIndex(columnName=DATA_INICIO) - start
13:56:40.737 [main] DEBUG org.dbunit.dataset.AbstractTableMetaData - getColumnIndex(columnName=DATA_FIM) - start
13:56:40.737 [main] DEBUG org.dbunit.dataset.AbstractTableMetaData - getColumnIndex(columnName=HORAS_TOTAIS) - start
13:56:40.737 [main] DEBUG org.dbunit.dataset.OrderedTableNameMap - getLastTableName() - start
13:56:40.737 [main] DEBUG org.dbunit.dataset.OrderedTableNameMap - getTableName(tableName=TB_CALENDARIO) - start
13:56:40.737 [main] DEBUG org.dbunit.dataset.OrderedTableNameMap - getTableName(tableName=TB_CALENDARIO) - end - result=TB_CALENDARIO
13:56:40.737 [main] DEBUG org.dbunit.dataset.AbstractTableMetaData - getColumnIndex(columnName=ID_CALENDARIO) - start
13:56:40.737 [main] DEBUG org.dbunit.dataset.AbstractTableMetaData - getColumnIndex(columnName=DATA_INICIO) - start
13:56:40.737 [main] DEBUG org.dbunit.dataset.AbstractTableMetaData - getColumnIndex(columnName=DATA_FIM) - start
13:56:40.737 [main] DEBUG org.dbunit.dataset.AbstractTableMetaData - getColumnIndex(columnName=HORAS_TOTAIS) - start
13:56:40.738 [main] DEBUG org.dbunit.dataset.xml.FlatXmlProducer - endElement(uri=, localName=, qName=TB_CALENDARIO) - start
13:56:40.738 [main] DEBUG org.dbunit.dataset.xml.FlatXmlProducer - startElement(uri=, localName=, qName=TB_CALENDARIO, attributes=com.sun.org.apache.xerces.internal.parsers.AbstractSAXParser$AttributesProxy@47e4d9d0) - start
13:56:40.738 [main] DEBUG org.dbunit.dataset.OrderedTableNameMap - getLastTableName() - start
13:56:40.738 [main] DEBUG org.dbunit.dataset.OrderedTableNameMap - getTableName(tableName=TB_CALENDARIO) - start
13:56:40.738 [main] DEBUG org.dbunit.dataset.OrderedTableNameMap - getTableName(tableName=TB_CALENDARIO) - end - result=TB_CALENDARIO
13:56:40.738 [main] DEBUG org.dbunit.dataset.OrderedTableNameMap - isLastTable(tableName=TB_CALENDARIO) - start
13:56:40.738 [main] DEBUG org.dbunit.dataset.OrderedTableNameMap - getLastTableName() - start
13:56:40.738 [main] DEBUG org.dbunit.dataset.OrderedTableNameMap - getTableName(tableName=TB_CALENDARIO) - start
13:56:40.738 [main] DEBUG org.dbunit.dataset.OrderedTableNameMap - getTableName(tableName=TB_CALENDARIO) - end - result=TB_CALENDARIO
13:56:40.738 [main] DEBUG org.dbunit.dataset.OrderedTableNameMap - getTableName(tableName=TB_CALENDARIO) - start
13:56:40.738 [main] DEBUG org.dbunit.dataset.OrderedTableNameMap - getTableName(tableName=TB_CALENDARIO) - end - result=TB_CALENDARIO
13:56:40.738 [main] DEBUG org.dbunit.dataset.OrderedTableNameMap - getLastTableName() - start
13:56:40.738 [main] DEBUG org.dbunit.dataset.OrderedTableNameMap - getTableName(tableName=TB_CALENDARIO) - start
13:56:40.738 [main] DEBUG org.dbunit.dataset.OrderedTableNameMap - getTableName(tableName=TB_CALENDARIO) - end - result=TB_CALENDARIO
13:56:40.738 [main] DEBUG org.dbunit.dataset.AbstractTableMetaData - getColumnIndex(columnName=ID_CALENDARIO) - start
13:56:40.738 [main] DEBUG org.dbunit.dataset.AbstractTableMetaData - getColumnIndex(columnName=DATA_INICIO) - start
13:56:40.738 [main] DEBUG org.dbunit.dataset.AbstractTableMetaData - getColumnIndex(columnName=DATA_FIM) - start
13:56:40.738 [main] DEBUG org.dbunit.dataset.AbstractTableMetaData - getColumnIndex(columnName=HORAS_TOTAIS) - start
13:56:40.738 [main] DEBUG org.dbunit.dataset.OrderedTableNameMap - getLastTableName() - start
13:56:40.739 [main] DEBUG org.dbunit.dataset.OrderedTableNameMap - getTableName(tableName=TB_CALENDARIO) - start
13:56:40.739 [main] DEBUG org.dbunit.dataset.OrderedTableNameMap - getTableName(tableName=TB_CALENDARIO) - end - result=TB_CALENDARIO
13:56:40.739 [main] DEBUG org.dbunit.dataset.AbstractTableMetaData - getColumnIndex(columnName=ID_CALENDARIO) - start
13:56:40.739 [main] DEBUG org.dbunit.dataset.AbstractTableMetaData - getColumnIndex(columnName=DATA_INICIO) - start
13:56:40.739 [main] DEBUG org.dbunit.dataset.AbstractTableMetaData - getColumnIndex(columnName=DATA_FIM) - start
13:56:40.739 [main] DEBUG org.dbunit.dataset.AbstractTableMetaData - getColumnIndex(columnName=HORAS_TOTAIS) - start
13:56:40.739 [main] DEBUG org.dbunit.dataset.xml.FlatXmlProducer - endElement(uri=, localName=, qName=TB_CALENDARIO) - start
13:56:40.739 [main] DEBUG org.dbunit.dataset.xml.FlatXmlProducer - startElement(uri=, localName=, qName=TB_PROJETO, attributes=com.sun.org.apache.xerces.internal.parsers.AbstractSAXParser$AttributesProxy@47e4d9d0) - start
13:56:40.739 [main] DEBUG org.dbunit.dataset.OrderedTableNameMap - getLastTableName() - start
13:56:40.739 [main] DEBUG org.dbunit.dataset.OrderedTableNameMap - getTableName(tableName=TB_CALENDARIO) - start
13:56:40.739 [main] DEBUG org.dbunit.dataset.OrderedTableNameMap - getTableName(tableName=TB_CALENDARIO) - end - result=TB_CALENDARIO
13:56:40.739 [main] DEBUG org.dbunit.dataset.OrderedTableNameMap - isLastTable(tableName=TB_PROJETO) - start
13:56:40.739 [main] DEBUG org.dbunit.dataset.OrderedTableNameMap - getLastTableName() - start
13:56:40.739 [main] DEBUG org.dbunit.dataset.OrderedTableNameMap - getTableName(tableName=TB_CALENDARIO) - start
13:56:40.739 [main] DEBUG org.dbunit.dataset.OrderedTableNameMap - getTableName(tableName=TB_CALENDARIO) - end - result=TB_CALENDARIO
13:56:40.739 [main] DEBUG org.dbunit.dataset.OrderedTableNameMap - getTableName(tableName=TB_PROJETO) - start
13:56:40.739 [main] DEBUG org.dbunit.dataset.OrderedTableNameMap - getTableName(tableName=TB_PROJETO) - end - result=TB_PROJETO
13:56:40.739 [main] DEBUG org.dbunit.dataset.OrderedTableNameMap - getTableName(tableName=TB_PROJETO) - start
13:56:40.739 [main] DEBUG org.dbunit.dataset.OrderedTableNameMap - getTableName(tableName=TB_PROJETO) - end - result=TB_PROJETO
13:56:40.739 [main] DEBUG org.dbunit.dataset.xml.FlatXmlProducer - createTableMetaData(tableName=TB_PROJETO, attributes=com.sun.org.apache.xerces.internal.parsers.AbstractSAXParser$AttributesProxy@47e4d9d0) - start
13:56:40.739 [main] DEBUG org.dbunit.dataset.Columns - getColumns(columnNames=[], columns=[(ID_PROJETO, UNKNOWN, nullableUnknown), (NOME_PROJETO, UNKNOWN, nullableUnknown), (DESCRICAO_PROJETO, UNKNOWN, nullableUnknown), (ID_CLIENTE, UNKNOWN, nullableUnknown), (ID_CALENDARIO, UNKNOWN, nullableUnknown), (ID_RELATORIO, UNKNOWN, nullableUnknown)]) - start
13:56:40.739 [main] DEBUG org.dbunit.dataset.OrderedTableNameMap - add(tableName=TB_PROJETO, object=tableName=TB_PROJETO, columns=[(ID_PROJETO, UNKNOWN, nullableUnknown), (NOME_PROJETO, UNKNOWN, nullableUnknown), (DESCRICAO_PROJETO, UNKNOWN, nullableUnknown), (ID_CLIENTE, UNKNOWN, nullableUnknown), (ID_CALENDARIO, UNKNOWN, nullableUnknown), (ID_RELATORIO, UNKNOWN, nullableUnknown)], keys=[]) - start
13:56:40.739 [main] DEBUG org.dbunit.dataset.OrderedTableNameMap - getTableName(tableName=TB_PROJETO) - start
13:56:40.739 [main] DEBUG org.dbunit.dataset.OrderedTableNameMap - getTableName(tableName=TB_PROJETO) - end - result=TB_PROJETO
13:56:40.739 [main] DEBUG org.dbunit.dataset.OrderedTableNameMap - getTableName(tableName=TB_PROJETO) - start
13:56:40.739 [main] DEBUG org.dbunit.dataset.OrderedTableNameMap - getTableName(tableName=TB_PROJETO) - end - result=TB_PROJETO
13:56:40.740 [main] DEBUG org.dbunit.dataset.OrderedTableNameMap - getLastTableName() - start
13:56:40.740 [main] DEBUG org.dbunit.dataset.OrderedTableNameMap - getTableName(tableName=TB_PROJETO) - start
13:56:40.740 [main] DEBUG org.dbunit.dataset.OrderedTableNameMap - getTableName(tableName=TB_PROJETO) - end - result=TB_PROJETO
13:56:40.740 [main] DEBUG org.dbunit.dataset.AbstractTableMetaData - getColumnIndex(columnName=ID_PROJETO) - start
13:56:40.740 [main] DEBUG org.dbunit.dataset.AbstractTableMetaData - getColumnIndex(columnName=NOME_PROJETO) - start
13:56:40.740 [main] DEBUG org.dbunit.dataset.AbstractTableMetaData - getColumnIndex(columnName=DESCRICAO_PROJETO) - start
13:56:40.740 [main] DEBUG org.dbunit.dataset.AbstractTableMetaData - getColumnIndex(columnName=ID_CLIENTE) - start
13:56:40.740 [main] DEBUG org.dbunit.dataset.AbstractTableMetaData - getColumnIndex(columnName=ID_CALENDARIO) - start
13:56:40.740 [main] DEBUG org.dbunit.dataset.AbstractTableMetaData - getColumnIndex(columnName=ID_RELATORIO) - start
13:56:40.740 [main] DEBUG org.dbunit.dataset.OrderedTableNameMap - getLastTableName() - start
13:56:40.740 [main] DEBUG org.dbunit.dataset.OrderedTableNameMap - getTableName(tableName=TB_PROJETO) - start
13:56:40.740 [main] DEBUG org.dbunit.dataset.OrderedTableNameMap - getTableName(tableName=TB_PROJETO) - end - result=TB_PROJETO
13:56:40.740 [main] DEBUG org.dbunit.dataset.AbstractTableMetaData - getColumnIndex(columnName=ID_PROJETO) - start
13:56:40.740 [main] DEBUG org.dbunit.dataset.AbstractTableMetaData - getColumnIndex(columnName=NOME_PROJETO) - start
13:56:40.740 [main] DEBUG org.dbunit.dataset.AbstractTableMetaData - getColumnIndex(columnName=DESCRICAO_PROJETO) - start
13:56:40.740 [main] DEBUG org.dbunit.dataset.AbstractTableMetaData - getColumnIndex(columnName=ID_CLIENTE) - start
13:56:40.740 [main] DEBUG org.dbunit.dataset.AbstractTableMetaData - getColumnIndex(columnName=ID_CALENDARIO) - start
13:56:40.740 [main] DEBUG org.dbunit.dataset.AbstractTableMetaData - getColumnIndex(columnName=ID_RELATORIO) - start
13:56:40.740 [main] DEBUG org.dbunit.dataset.xml.FlatXmlProducer - endElement(uri=, localName=, qName=TB_PROJETO) - start
13:56:40.740 [main] DEBUG org.dbunit.dataset.xml.FlatXmlProducer - startElement(uri=, localName=, qName=TB_PROJETO, attributes=com.sun.org.apache.xerces.internal.parsers.AbstractSAXParser$AttributesProxy@47e4d9d0) - start
13:56:40.740 [main] DEBUG org.dbunit.dataset.OrderedTableNameMap - getLastTableName() - start
13:56:40.740 [main] DEBUG org.dbunit.dataset.OrderedTableNameMap - getTableName(tableName=TB_PROJETO) - start
13:56:40.740 [main] DEBUG org.dbunit.dataset.OrderedTableNameMap - getTableName(tableName=TB_PROJETO) - end - result=TB_PROJETO
13:56:40.740 [main] DEBUG org.dbunit.dataset.OrderedTableNameMap - isLastTable(tableName=TB_PROJETO) - start
13:56:40.740 [main] DEBUG org.dbunit.dataset.OrderedTableNameMap - getLastTableName() - start
13:56:40.740 [main] DEBUG org.dbunit.dataset.OrderedTableNameMap - getTableName(tableName=TB_PROJETO) - start
13:56:40.740 [main] DEBUG org.dbunit.dataset.OrderedTableNameMap - getTableName(tableName=TB_PROJETO) - end - result=TB_PROJETO
13:56:40.740 [main] DEBUG org.dbunit.dataset.OrderedTableNameMap - getTableName(tableName=TB_PROJETO) - start
13:56:40.740 [main] DEBUG org.dbunit.dataset.OrderedTableNameMap - getTableName(tableName=TB_PROJETO) - end - result=TB_PROJETO
13:56:40.740 [main] DEBUG org.dbunit.dataset.OrderedTableNameMap - getLastTableName() - start
13:56:40.742 [main] DEBUG org.dbunit.dataset.OrderedTableNameMap - getTableName(tableName=TB_PROJETO) - start
13:56:40.742 [main] DEBUG org.dbunit.dataset.OrderedTableNameMap - getTableName(tableName=TB_PROJETO) - end - result=TB_PROJETO
13:56:40.742 [main] DEBUG org.dbunit.dataset.AbstractTableMetaData - getColumnIndex(columnName=ID_PROJETO) - start
13:56:40.742 [main] DEBUG org.dbunit.dataset.AbstractTableMetaData - getColumnIndex(columnName=NOME_PROJETO) - start
13:56:40.742 [main] DEBUG org.dbunit.dataset.AbstractTableMetaData - getColumnIndex(columnName=DESCRICAO_PROJETO) - start
13:56:40.742 [main] DEBUG org.dbunit.dataset.AbstractTableMetaData - getColumnIndex(columnName=ID_CLIENTE) - start
13:56:40.742 [main] DEBUG org.dbunit.dataset.AbstractTableMetaData - getColumnIndex(columnName=ID_CALENDARIO) - start
13:56:40.743 [main] DEBUG org.dbunit.dataset.AbstractTableMetaData - getColumnIndex(columnName=ID_RELATORIO) - start
13:56:40.743 [main] DEBUG org.dbunit.dataset.OrderedTableNameMap - getLastTableName() - start
13:56:40.743 [main] DEBUG org.dbunit.dataset.OrderedTableNameMap - getTableName(tableName=TB_PROJETO) - start
13:56:40.743 [main] DEBUG org.dbunit.dataset.OrderedTableNameMap - getTableName(tableName=TB_PROJETO) - end - result=TB_PROJETO
13:56:40.743 [main] DEBUG org.dbunit.dataset.AbstractTableMetaData - getColumnIndex(columnName=ID_PROJETO) - start
13:56:40.743 [main] DEBUG org.dbunit.dataset.AbstractTableMetaData - getColumnIndex(columnName=NOME_PROJETO) - start
13:56:40.743 [main] DEBUG org.dbunit.dataset.AbstractTableMetaData - getColumnIndex(columnName=DESCRICAO_PROJETO) - start
13:56:40.743 [main] DEBUG org.dbunit.dataset.AbstractTableMetaData - getColumnIndex(columnName=ID_CLIENTE) - start
13:56:40.743 [main] DEBUG org.dbunit.dataset.AbstractTableMetaData - getColumnIndex(columnName=ID_CALENDARIO) - start
13:56:40.743 [main] DEBUG org.dbunit.dataset.AbstractTableMetaData - getColumnIndex(columnName=ID_RELATORIO) - start
13:56:40.743 [main] DEBUG org.dbunit.dataset.xml.FlatXmlProducer - endElement(uri=, localName=, qName=TB_PROJETO) - start
13:56:40.743 [main] DEBUG org.dbunit.dataset.xml.FlatXmlProducer - startElement(uri=, localName=, qName=TB_DOCUMENTO, attributes=com.sun.org.apache.xerces.internal.parsers.AbstractSAXParser$AttributesProxy@47e4d9d0) - start
13:56:40.743 [main] DEBUG org.dbunit.dataset.OrderedTableNameMap - getLastTableName() - start
13:56:40.743 [main] DEBUG org.dbunit.dataset.OrderedTableNameMap - getTableName(tableName=TB_PROJETO) - start
13:56:40.744 [main] DEBUG org.dbunit.dataset.OrderedTableNameMap - getTableName(tableName=TB_PROJETO) - end - result=TB_PROJETO
[...]
13:56:41.083 [main] DEBUG org.dbunit.dataset.AbstractTable - assertValidRowIndex(row=1) - start
13:56:41.083 [main] DEBUG org.dbunit.dataset.AbstractTable - assertValidRowIndex(row=1, rowCount=2) - start
13:56:41.083 [main] DEBUG org.dbunit.dataset.AbstractTable - getColumnIndex(columnName=NOME_TAREFA) - start
13:56:41.083 [main] DEBUG org.dbunit.dataset.AbstractTableMetaData - getColumnIndex(columnName=NOME_TAREFA) - start
13:56:41.083 [main] DEBUG org.dbunit.dataset.DefaultTable - getValue(row=1, column=DESCRICAO_TAREFA) - start
13:56:41.083 [main] DEBUG org.dbunit.dataset.AbstractTable - assertValidRowIndex(row=1) - start
13:56:41.083 [main] DEBUG org.dbunit.dataset.AbstractTable - assertValidRowIndex(row=1, rowCount=2) - start
13:56:41.083 [main] DEBUG org.dbunit.dataset.AbstractTable - getColumnIndex(columnName=DESCRICAO_TAREFA) - start
13:56:41.083 [main] DEBUG org.dbunit.dataset.AbstractTableMetaData - getColumnIndex(columnName=DESCRICAO_TAREFA) - start
13:56:41.083 [main] DEBUG org.dbunit.dataset.DefaultTable - getValue(row=1, column=DATA_INICIO_TAREFA) - start
13:56:41.083 [main] DEBUG org.dbunit.dataset.AbstractTable - assertValidRowIndex(row=1) - start
13:56:41.083 [main] DEBUG org.dbunit.dataset.AbstractTable - assertValidRowIndex(row=1, rowCount=2) - start
13:56:41.083 [main] DEBUG org.dbunit.dataset.AbstractTable - getColumnIndex(columnName=DATA_INICIO_TAREFA) - start
13:56:41.083 [main] DEBUG org.dbunit.dataset.AbstractTableMetaData - getColumnIndex(columnName=DATA_INICIO_TAREFA) - start
13:56:41.083 [main] DEBUG org.dbunit.dataset.DefaultTable - getValue(row=1, column=PRIORIDADE_TAREFA) - start
13:56:41.083 [main] DEBUG org.dbunit.dataset.AbstractTable - assertValidRowIndex(row=1) - start
13:56:41.083 [main] DEBUG org.dbunit.dataset.AbstractTable - assertValidRowIndex(row=1, rowCount=2) - start
13:56:41.083 [main] DEBUG org.dbunit.dataset.AbstractTable - getColumnIndex(columnName=PRIORIDADE_TAREFA) - start
13:56:41.083 [main] DEBUG org.dbunit.dataset.AbstractTableMetaData - getColumnIndex(columnName=PRIORIDADE_TAREFA) - start
13:56:41.083 [main] DEBUG org.dbunit.dataset.DefaultTable - getValue(row=1, column=TIPO_STATUS) - start
13:56:41.083 [main] DEBUG org.dbunit.dataset.AbstractTable - assertValidRowIndex(row=1) - start
13:56:41.083 [main] DEBUG org.dbunit.dataset.AbstractTable - assertValidRowIndex(row=1, rowCount=2) - start
13:56:41.083 [main] DEBUG org.dbunit.dataset.AbstractTable - getColumnIndex(columnName=TIPO_STATUS) - start
13:56:41.083 [main] DEBUG org.dbunit.dataset.AbstractTableMetaData - getColumnIndex(columnName=TIPO_STATUS) - start
13:56:41.083 [main] DEBUG org.dbunit.dataset.DefaultTable - getValue(row=1, column=USUARIO_ID) - start
13:56:41.083 [main] DEBUG org.dbunit.dataset.AbstractTable - assertValidRowIndex(row=1) - start
13:56:41.083 [main] DEBUG org.dbunit.dataset.AbstractTable - assertValidRowIndex(row=1, rowCount=2) - start
13:56:41.083 [main] DEBUG org.dbunit.dataset.AbstractTable - getColumnIndex(columnName=USUARIO_ID) - start
13:56:41.083 [main] DEBUG org.dbunit.dataset.AbstractTableMetaData - getColumnIndex(columnName=USUARIO_ID) - start
13:56:41.083 [main] DEBUG org.dbunit.dataset.DefaultTable - getValue(row=1, column=ID_PROJETO) - start
13:56:41.083 [main] DEBUG org.dbunit.dataset.AbstractTable - assertValidRowIndex(row=1) - start
13:56:41.083 [main] DEBUG org.dbunit.dataset.AbstractTable - assertValidRowIndex(row=1, rowCount=2) - start
13:56:41.083 [main] DEBUG org.dbunit.dataset.AbstractTable - getColumnIndex(columnName=ID_PROJETO) - start
13:56:41.083 [main] DEBUG org.dbunit.dataset.AbstractTableMetaData - getColumnIndex(columnName=ID_PROJETO) - start
13:56:41.083 [main] DEBUG org.dbunit.dataset.DefaultTable - getValue(row=1, column=ID_TAREFA) - start
13:56:41.083 [main] DEBUG org.dbunit.dataset.AbstractTable - assertValidRowIndex(row=1) - start
13:56:41.083 [main] DEBUG org.dbunit.dataset.AbstractTable - assertValidRowIndex(row=1, rowCount=2) - start
13:56:41.083 [main] DEBUG org.dbunit.dataset.AbstractTable - getColumnIndex(columnName=ID_TAREFA) - start
13:56:41.083 [main] DEBUG org.dbunit.dataset.AbstractTableMetaData - getColumnIndex(columnName=ID_TAREFA) - start
13:56:41.083 [main] DEBUG org.dbunit.database.statement.AutomaticPreparedBatchStatement - addValue(value=2, dataType=BIGINT) - start
13:56:41.083 [main] DEBUG org.dbunit.database.statement.SimplePreparedStatement - addValue(value=2, dataType=BIGINT) - start
13:56:41.083 [main] DEBUG org.dbunit.dataset.datatype.BigIntegerDataType - setSqlValue(value=2, column=1, statement=org.apache.derby.client.am.ClientPreparedStatement42@6a9b0a6f) - start
13:56:41.083 [main] DEBUG org.dbunit.dataset.datatype.BigIntegerDataType - typeCast(value=2) - start
13:56:41.083 [main] DEBUG org.dbunit.dataset.DefaultTable - getValue(row=1, column=NOME_TAREFA) - start
13:56:41.083 [main] DEBUG org.dbunit.dataset.AbstractTable - assertValidRowIndex(row=1) - start
13:56:41.083 [main] DEBUG org.dbunit.dataset.AbstractTable - assertValidRowIndex(row=1, rowCount=2) - start
13:56:41.083 [main] DEBUG org.dbunit.dataset.AbstractTable - getColumnIndex(columnName=NOME_TAREFA) - start
13:56:41.083 [main] DEBUG org.dbunit.dataset.AbstractTableMetaData - getColumnIndex(columnName=NOME_TAREFA) - start
13:56:41.083 [main] DEBUG org.dbunit.database.statement.AutomaticPreparedBatchStatement - addValue(value=Design Review, dataType=VARCHAR) - start
13:56:41.083 [main] DEBUG org.dbunit.database.statement.SimplePreparedStatement - addValue(value=Design Review, dataType=VARCHAR) - start
13:56:41.083 [main] DEBUG org.dbunit.dataset.datatype.StringDataType - setSqlValue(value=Design Review, column=2, statement=org.apache.derby.client.am.ClientPreparedStatement42@6a9b0a6f) - start
13:56:41.083 [main] DEBUG org.dbunit.dataset.datatype.DataType - asString(value=Design Review) - start
13:56:41.083 [main] DEBUG org.dbunit.dataset.datatype.StringDataType - typeCast(value=Design Review) - start
13:56:41.083 [main] DEBUG org.dbunit.dataset.DefaultTable - getValue(row=1, column=DESCRICAO_TAREFA) - start
13:56:41.083 [main] DEBUG org.dbunit.dataset.AbstractTable - assertValidRowIndex(row=1) - start
13:56:41.083 [main] DEBUG org.dbunit.dataset.AbstractTable - assertValidRowIndex(row=1, rowCount=2) - start
13:56:41.083 [main] DEBUG org.dbunit.dataset.AbstractTable - getColumnIndex(columnName=DESCRICAO_TAREFA) - start
13:56:41.083 [main] DEBUG org.dbunit.dataset.AbstractTableMetaData - getColumnIndex(columnName=DESCRICAO_TAREFA) - start
13:56:41.083 [main] DEBUG org.dbunit.database.statement.AutomaticPreparedBatchStatement - addValue(value=Review the initial designs, dataType=VARCHAR) - start
13:56:41.083 [main] DEBUG org.dbunit.database.statement.SimplePreparedStatement - addValue(value=Review the initial designs, dataType=VARCHAR) - start
13:56:41.083 [main] DEBUG org.dbunit.dataset.datatype.StringDataType - setSqlValue(value=Review the initial designs, column=3, statement=org.apache.derby.client.am.ClientPreparedStatement42@6a9b0a6f) - start
13:56:41.083 [main] DEBUG org.dbunit.dataset.datatype.DataType - asString(value=Review the initial designs) - start
13:56:41.083 [main] DEBUG org.dbunit.dataset.datatype.StringDataType - typeCast(value=Review the initial designs) - start
13:56:41.084 [main] DEBUG org.dbunit.dataset.DefaultTable - getValue(row=1, column=DATA_INICIO_TAREFA) - start
13:56:41.084 [main] DEBUG org.dbunit.dataset.AbstractTable - assertValidRowIndex(row=1) - start
13:56:41.084 [main] DEBUG org.dbunit.dataset.AbstractTable - assertValidRowIndex(row=1, rowCount=2) - start
13:56:41.084 [main] DEBUG org.dbunit.dataset.AbstractTable - getColumnIndex(columnName=DATA_INICIO_TAREFA) - start
13:56:41.084 [main] DEBUG org.dbunit.dataset.AbstractTableMetaData - getColumnIndex(columnName=DATA_INICIO_TAREFA) - start
13:56:41.084 [main] DEBUG org.dbunit.database.statement.AutomaticPreparedBatchStatement - addValue(value=2024-02-01, dataType=DATE) - start
13:56:41.084 [main] DEBUG org.dbunit.database.statement.SimplePreparedStatement - addValue(value=2024-02-01, dataType=DATE) - start
13:56:41.084 [main] DEBUG org.dbunit.dataset.datatype.DateDataType - setSqlValue(value=2024-02-01, column=4, statement=org.apache.derby.client.am.ClientPreparedStatement42@6a9b0a6f) - start
13:56:41.084 [main] DEBUG org.dbunit.dataset.datatype.DateDataType - typeCast(value=2024-02-01) - start
13:56:41.084 [main] DEBUG org.dbunit.dataset.DefaultTable - getValue(row=1, column=PRIORIDADE_TAREFA) - start
13:56:41.084 [main] DEBUG org.dbunit.dataset.AbstractTable - assertValidRowIndex(row=1) - start
13:56:41.084 [main] DEBUG org.dbunit.dataset.AbstractTable - assertValidRowIndex(row=1, rowCount=2) - start
13:56:41.084 [main] DEBUG org.dbunit.dataset.AbstractTable - getColumnIndex(columnName=PRIORIDADE_TAREFA) - start
13:56:41.084 [main] DEBUG org.dbunit.dataset.AbstractTableMetaData - getColumnIndex(columnName=PRIORIDADE_TAREFA) - start
13:56:41.084 [main] DEBUG org.dbunit.database.statement.AutomaticPreparedBatchStatement - addValue(value=Medium, dataType=VARCHAR) - start
13:56:41.084 [main] DEBUG org.dbunit.database.statement.SimplePreparedStatement - addValue(value=Medium, dataType=VARCHAR) - start
13:56:41.084 [main] DEBUG org.dbunit.dataset.datatype.StringDataType - setSqlValue(value=Medium, column=5, statement=org.apache.derby.client.am.ClientPreparedStatement42@6a9b0a6f) - start
13:56:41.084 [main] DEBUG org.dbunit.dataset.datatype.DataType - asString(value=Medium) - start
13:56:41.084 [main] DEBUG org.dbunit.dataset.datatype.StringDataType - typeCast(value=Medium) - start
13:56:41.084 [main] DEBUG org.dbunit.dataset.DefaultTable - getValue(row=1, column=TIPO_STATUS) - start
13:56:41.084 [main] DEBUG org.dbunit.dataset.AbstractTable - assertValidRowIndex(row=1) - start
13:56:41.084 [main] DEBUG org.dbunit.dataset.AbstractTable - assertValidRowIndex(row=1, rowCount=2) - start
13:56:41.084 [main] DEBUG org.dbunit.dataset.AbstractTable - getColumnIndex(columnName=TIPO_STATUS) - start
13:56:41.084 [main] DEBUG org.dbunit.dataset.AbstractTableMetaData - getColumnIndex(columnName=TIPO_STATUS) - start
13:56:41.084 [main] DEBUG org.dbunit.database.statement.AutomaticPreparedBatchStatement - addValue(value=PENDING, dataType=VARCHAR) - start
13:56:41.084 [main] DEBUG org.dbunit.database.statement.SimplePreparedStatement - addValue(value=PENDING, dataType=VARCHAR) - start
13:56:41.084 [main] DEBUG org.dbunit.dataset.datatype.StringDataType - setSqlValue(value=PENDING, column=6, statement=org.apache.derby.client.am.ClientPreparedStatement42@6a9b0a6f) - start
13:56:41.084 [main] DEBUG org.dbunit.dataset.datatype.DataType - asString(value=PENDING) - start
13:56:41.084 [main] DEBUG org.dbunit.dataset.datatype.StringDataType - typeCast(value=PENDING) - start
13:56:41.084 [main] DEBUG org.dbunit.dataset.DefaultTable - getValue(row=1, column=USUARIO_ID) - start
13:56:41.084 [main] DEBUG org.dbunit.dataset.AbstractTable - assertValidRowIndex(row=1) - start
13:56:41.084 [main] DEBUG org.dbunit.dataset.AbstractTable - assertValidRowIndex(row=1, rowCount=2) - start
13:56:41.084 [main] DEBUG org.dbunit.dataset.AbstractTable - getColumnIndex(columnName=USUARIO_ID) - start
13:56:41.084 [main] DEBUG org.dbunit.dataset.AbstractTableMetaData - getColumnIndex(columnName=USUARIO_ID) - start
13:56:41.084 [main] DEBUG org.dbunit.database.statement.AutomaticPreparedBatchStatement - addValue(value=2, dataType=BIGINT) - start
13:56:41.084 [main] DEBUG org.dbunit.database.statement.SimplePreparedStatement - addValue(value=2, dataType=BIGINT) - start
13:56:41.084 [main] DEBUG org.dbunit.dataset.datatype.BigIntegerDataType - setSqlValue(value=2, column=7, statement=org.apache.derby.client.am.ClientPreparedStatement42@6a9b0a6f) - start
13:56:41.084 [main] DEBUG org.dbunit.dataset.datatype.BigIntegerDataType - typeCast(value=2) - start
13:56:41.084 [main] DEBUG org.dbunit.dataset.DefaultTable - getValue(row=1, column=ID_PROJETO) - start
13:56:41.084 [main] DEBUG org.dbunit.dataset.AbstractTable - assertValidRowIndex(row=1) - start
13:56:41.084 [main] DEBUG org.dbunit.dataset.AbstractTable - assertValidRowIndex(row=1, rowCount=2) - start
13:56:41.084 [main] DEBUG org.dbunit.dataset.AbstractTable - getColumnIndex(columnName=ID_PROJETO) - start
13:56:41.084 [main] DEBUG org.dbunit.dataset.AbstractTableMetaData - getColumnIndex(columnName=ID_PROJETO) - start
13:56:41.084 [main] DEBUG org.dbunit.database.statement.AutomaticPreparedBatchStatement - addValue(value=20, dataType=BIGINT) - start
13:56:41.084 [main] DEBUG org.dbunit.database.statement.SimplePreparedStatement - addValue(value=20, dataType=BIGINT) - start
13:56:41.084 [main] DEBUG org.dbunit.dataset.datatype.BigIntegerDataType - setSqlValue(value=20, column=8, statement=org.apache.derby.client.am.ClientPreparedStatement42@6a9b0a6f) - start
13:56:41.084 [main] DEBUG org.dbunit.dataset.datatype.BigIntegerDataType - typeCast(value=20) - start
13:56:41.084 [main] DEBUG org.dbunit.database.statement.AutomaticPreparedBatchStatement - addBatch() - start
13:56:41.084 [main] DEBUG org.dbunit.database.statement.SimplePreparedStatement - addBatch() - start
13:56:41.085 [main] DEBUG org.dbunit.operation.InsertOperation - equalsIgnoreMapping(ignoreMapping={}, table=org.dbunit.dataset.DefaultTable[_metaData=tableName=TB_TAREFA, columns=[(ID_TAREFA, UNKNOWN, nullableUnknown), (NOME_TAREFA, UNKNOWN, nullableUnknown), (DESCRICAO_TAREFA, UNKNOWN, nullableUnknown), (DATA_INICIO_TAREFA, UNKNOWN, nullableUnknown), (PRIORIDADE_TAREFA, UNKNOWN, nullableUnknown), (TIPO_STATUS, UNKNOWN, nullableUnknown), (USUARIO_ID, UNKNOWN, nullableUnknown), (ID_PROJETO, UNKNOWN, nullableUnknown)], keys=[], _rowList.size()=2], row=2) - start
13:56:41.085 [main] DEBUG org.dbunit.dataset.DefaultTable - getValue(row=2, column=ID_TAREFA) - start
13:56:41.085 [main] DEBUG org.dbunit.dataset.AbstractTable - assertValidRowIndex(row=2) - start
13:56:41.085 [main] DEBUG org.dbunit.dataset.AbstractTable - assertValidRowIndex(row=2, rowCount=2) - start
13:56:41.085 [main] DEBUG org.dbunit.database.statement.AutomaticPreparedBatchStatement - executeBatch() - start
13:56:41.085 [main] DEBUG org.dbunit.database.statement.SimplePreparedStatement - executeBatch() - start
13:56:41.085 [main] DEBUG org.dbunit.database.statement.SimplePreparedStatement - clearBatch() - start
13:56:41.085 [main] DEBUG org.dbunit.database.statement.AutomaticPreparedBatchStatement - clearBatch() - start
13:56:41.085 [main] DEBUG org.dbunit.database.statement.SimplePreparedStatement - clearBatch() - start
13:56:41.085 [main] DEBUG org.dbunit.database.statement.AutomaticPreparedBatchStatement - close() - start
13:56:41.085 [main] DEBUG org.dbunit.database.statement.AbstractPreparedBatchStatement - close() - start
13:56:41.086 [main] DEBUG org.dbunit.database.DatabaseConnection - close() - start
[EL Fine]: sql: 2024-12-20 13:56:41.391--ServerSession(1245065720)--Connection(1340086275)--Thread(Thread[#1,main,5,main])--SELECT ID_CALENDARIO, DATA_FIM, DATA_INICIO, HORAS_TOTAIS FROM TB_CALENDARIO WHERE (HORAS_TOTAIS = ?)
	bind => [2500]
]]></system-out>
    <system-err><![CDATA[dez. 20, 2024 1:56:39 PM tests.GenericTest setUpClass
INFO: Inicializando EntityManagerFactory...
dez. 20, 2024 1:56:40 PM tests.GenericTest setUpClass
INFO: EntityManagerFactory inicializado com sucesso.
dez. 20, 2024 1:56:40 PM tests.GenericTest setUpClass
INFO: Inserindo dados de teste...
dez. 20, 2024 1:56:41 PM tests.GenericTest setUpClass
INFO: Dados de teste inseridos com sucesso.
dez. 20, 2024 1:56:41 PM tests.GenericTest setUp
INFO: Criando EntityManager...
dez. 20, 2024 1:56:41 PM tests.GenericTest beginTransaction
INFO: Iniciando transação...
dez. 20, 2024 1:56:41 PM tests.CalendarioCrudTest removerCalendario
INFO: Executando removerCalendario()
dez. 20, 2024 1:56:41 PM tests.GenericTest commitTransaction
INFO: Commit da transação...
dez. 20, 2024 1:56:41 PM tests.GenericTest tearDown
INFO: Fechando EntityManager...
dez. 20, 2024 1:56:41 PM tests.GenericTest tearDown
INFO: EntityManager fechado com sucesso.
]]></system-err>
  </testcase>
  <testcase name="persistirCalendario" classname="tests.CalendarioCrudTest" time="0.121">
    <system-out><![CDATA[[EL Fine]: sql: 2024-12-20 13:56:41.524--ClientSession(778330045)--Connection(1340086275)--Thread(Thread[#1,main,5,main])--INSERT INTO TB_CALENDARIO (DATA_FIM, DATA_INICIO, HORAS_TOTAIS) VALUES (?, ?, ?)
	bind => [2024-12-31, 2024-01-01, 2000]
]]></system-out>
    <system-err><![CDATA[dez. 20, 2024 1:56:41 PM tests.GenericTest setUp
INFO: Criando EntityManager...
dez. 20, 2024 1:56:41 PM tests.GenericTest beginTransaction
INFO: Iniciando transação...
dez. 20, 2024 1:56:41 PM tests.CalendarioCrudTest persistirCalendario
INFO: Executando persistirCalendario()
dez. 20, 2024 1:56:41 PM tests.GenericTest commitTransaction
INFO: Commit da transação...
dez. 20, 2024 1:56:41 PM tests.GenericTest tearDown
INFO: Fechando EntityManager...
dez. 20, 2024 1:56:41 PM tests.GenericTest tearDown
INFO: EntityManager fechado com sucesso.
]]></system-err>
  </testcase>
  <testcase name="atualizarCalendario" classname="tests.CalendarioCrudTest" time="0.025">
    <error message="More than one result was returned from Query.getSingleResult()" type="jakarta.persistence.NonUniqueResultException"><![CDATA[jakarta.persistence.NonUniqueResultException: More than one result was returned from Query.getSingleResult()
	at org.eclipse.persistence.internal.jpa.QueryImpl.throwNonUniqueResultException(QueryImpl.java:984)
	at org.eclipse.persistence.internal.jpa.QueryImpl.getSingleResult(QueryImpl.java:539)
	at org.eclipse.persistence.internal.jpa.EJBQueryImpl.getSingleResult(EJBQueryImpl.java:400)
	at tests.CalendarioCrudTest.atualizarCalendario(CalendarioCrudTest.java:45)
	at java.base/java.lang.reflect.Method.invoke(Method.java:580)
	at java.base/java.util.ArrayList.forEach(ArrayList.java:1596)
	at java.base/java.util.ArrayList.forEach(ArrayList.java:1596)
]]></error>
    <system-out><![CDATA[[EL Fine]: sql: 2024-12-20 13:56:41.542--ServerSession(1245065720)--Connection(1340086275)--Thread(Thread[#1,main,5,main])--SELECT ID_CALENDARIO, DATA_FIM, DATA_INICIO, HORAS_TOTAIS FROM TB_CALENDARIO WHERE (HORAS_TOTAIS = ?)
	bind => [2000]
[EL Fine]: sql: 2024-12-20 13:56:41.544--ServerSession(1245065720)--Connection(1340086275)--Thread(Thread[#1,main,5,main])--SELECT ID_PROJETO, DESCRICAO_PROJETO, NOME_PROJETO, ID_CLIENTE, ID_CALENDARIO, ID_RELATORIO FROM TB_PROJETO WHERE (ID_CALENDARIO = ?)
	bind => [10]
[EL Fine]: sql: 2024-12-20 13:56:41.548--ServerSession(1245065720)--Connection(1340086275)--Thread(Thread[#1,main,5,main])--SELECT ID_CLIENTE, CNPJ_CLIENTE, EMAIL_CLIENTE, NOME_CLIENTE FROM TB_CLIENTE WHERE (ID_CLIENTE = ?)
	bind => [12]
[EL Fine]: sql: 2024-12-20 13:56:41.553--ServerSession(1245065720)--Connection(1340086275)--Thread(Thread[#1,main,5,main])--SELECT ID_RELATORIO, AUTOR_RELATORIO, CONTEUDO_RELATORIO, DATA_CRIACAO_RELATORIO, DESCRICAO_RELATORIO, TITULO_RELATORIO FROM TB_RELATORIO WHERE (ID_RELATORIO = ?)
	bind => [18]
[EL Fine]: sql: 2024-12-20 13:56:41.556--ServerSession(1245065720)--Connection(1340086275)--Thread(Thread[#1,main,5,main])--SELECT ID_PROJETO, DESCRICAO_PROJETO, NOME_PROJETO, ID_CLIENTE, ID_CALENDARIO, ID_RELATORIO FROM TB_PROJETO WHERE (ID_RELATORIO = ?)
	bind => [18]
]]></system-out>
    <system-err><![CDATA[dez. 20, 2024 1:56:41 PM tests.GenericTest setUp
INFO: Criando EntityManager...
dez. 20, 2024 1:56:41 PM tests.GenericTest beginTransaction
INFO: Iniciando transação...
dez. 20, 2024 1:56:41 PM tests.CalendarioCrudTest atualizarCalendario
INFO: Executando atualizarCalendario()
dez. 20, 2024 1:56:41 PM tests.GenericTest commitTransaction
INFO: Commit da transação...
dez. 20, 2024 1:56:41 PM tests.GenericTest tearDown
INFO: Fechando EntityManager...
dez. 20, 2024 1:56:41 PM tests.GenericTest tearDown
INFO: EntityManager fechado com sucesso.
]]></system-err>
  </testcase>
</testsuite>