-------------------------------------------------------------------------------
Test set: tests.RelatorioCRUDTest
-------------------------------------------------------------------------------
Tests run: 5, Failures: 1, Errors: 2, Skipped: 0, Time elapsed: 3.151 s <<< FAILURE! -- in tests.RelatorioCRUDTest
tests.RelatorioCRUDTest.atualizarRelatorio -- Time elapsed: 0.185 s <<< ERROR!
jakarta.persistence.TransactionRequiredException: 

Exception Description: No transaction is currently active
	at org.eclipse.persistence.internal.jpa.transaction.EntityTransactionWrapper.throwCheckTransactionFailedException(EntityTransactionWrapper.java:93)
	at org.eclipse.persistence.internal.jpa.transaction.EntityTransactionWrapper.checkForTransaction(EntityTransactionWrapper.java:53)
	at org.eclipse.persistence.internal.jpa.EntityManagerImpl.checkForTransaction(EntityManagerImpl.java:2170)
	at org.eclipse.persistence.internal.jpa.EntityManagerImpl.flush(EntityManagerImpl.java:962)
	at tests.RelatorioCRUDTest.atualizarRelatorio(RelatorioCRUDTest.java:121)
	at java.base/java.lang.reflect.Method.invoke(Method.java:580)
	at java.base/java.util.ArrayList.forEach(ArrayList.java:1596)
	at java.base/java.util.ArrayList.forEach(ArrayList.java:1596)

tests.RelatorioCRUDTest.atualizarRelatorioMerge -- Time elapsed: 0.012 s <<< FAILURE!
org.opentest4j.AssertionFailedError: Relatório não encontrado ==> expected: not <null>
	at org.junit.jupiter.api.AssertionFailureBuilder.build(AssertionFailureBuilder.java:152)
	at org.junit.jupiter.api.AssertionFailureBuilder.buildAndThrow(AssertionFailureBuilder.java:132)
	at org.junit.jupiter.api.AssertNotNull.failNull(AssertNotNull.java:49)
	at org.junit.jupiter.api.AssertNotNull.assertNotNull(AssertNotNull.java:35)
	at org.junit.jupiter.api.Assertions.assertNotNull(Assertions.java:312)
	at tests.RelatorioCRUDTest.atualizarRelatorioMerge(RelatorioCRUDTest.java:143)
	at java.base/java.lang.reflect.Method.invoke(Method.java:580)
	at java.base/java.util.ArrayList.forEach(ArrayList.java:1596)
	at java.base/java.util.ArrayList.forEach(ArrayList.java:1596)

tests.RelatorioCRUDTest.removerRelatorio -- Time elapsed: 0.200 s <<< ERROR!
jakarta.persistence.NoResultException: getSingleResult() did not retrieve any entities.
	at org.eclipse.persistence.internal.jpa.QueryImpl.throwNoResultException(QueryImpl.java:980)
	at org.eclipse.persistence.internal.jpa.QueryImpl.getSingleResult(QueryImpl.java:536)
	at org.eclipse.persistence.internal.jpa.EJBQueryImpl.getSingleResult(EJBQueryImpl.java:400)
	at tests.RelatorioCRUDTest.removerRelatorio(RelatorioCRUDTest.java:167)
	at java.base/java.lang.reflect.Method.invoke(Method.java:580)
	at java.base/java.util.ArrayList.forEach(ArrayList.java:1596)
	at java.base/java.util.ArrayList.forEach(ArrayList.java:1596)

